-------------------------------------------------------------------------------
Test set: com.collabnet.ccf.core.eis.connection.ConnectionManagerTest
-------------------------------------------------------------------------------
Tests run: 3, Failures: 3, Errors: 0, Skipped: 0, Time elapsed: 0.092 s <<< FAILURE! -- in com.collabnet.ccf.core.eis.connection.ConnectionManagerTest
com.collabnet.ccf.core.eis.connection.ConnectionManagerTest.testMultipleGetConnectionWithMaxConnectionsReached -- Time elapsed: 0.076 s <<< FAILURE!
org.jmock.core.DynamicMockError: 
mockConnectionFactory: unexpected invocation
Invoked: mockConnectionFactory.createConnection("sid", "skind", "rid", "rkind", "cinfo", "crinfo", <com.collabnet.ccf.core.eis.connection.ConnectionManager@49993335>)
Allowed:
expected 26 times, invoked 0 times: createConnection( eq("sid"), eq("skind"), eq("rid"), eq("rkind"), eq("cinfo"), eq("crinfo") ), returns "CreatedConnection"
expected 650 times, invoked 0 times: isAlive( eq("CreatedConnection") ), returns <true>

	at org.jmock.core.AbstractDynamicMock.mockInvocation(AbstractDynamicMock.java:96)
	at org.jmock.core.CoreMock.invoke(CoreMock.java:39)
	at com.sun.proxy.$Proxy0.createConnection(Unknown Source)
	at com.collabnet.ccf.core.eis.connection.ConnectionPool.createConnection(ConnectionPool.java:423)
	at com.collabnet.ccf.core.eis.connection.ConnectionPool.getConnection(ConnectionPool.java:203)
	at com.collabnet.ccf.core.eis.connection.ConnectionManager.getConnectionToUpdateOrExtractArtifact(ConnectionManager.java:188)
	at com.collabnet.ccf.core.eis.connection.ConnectionManagerTest.testMultipleGetConnectionWithMaxConnectionsReached(ConnectionManagerTest.java:102)
	at sun.reflect.NativeMethodAccessorImpl.invoke0(Native Method)
	at sun.reflect.NativeMethodAccessorImpl.invoke(NativeMethodAccessorImpl.java:62)
	at sun.reflect.DelegatingMethodAccessorImpl.invoke(DelegatingMethodAccessorImpl.java:43)
	at java.lang.reflect.Method.invoke(Method.java:498)
	at junit.framework.TestCase.runTest(TestCase.java:168)
	at org.jmock.core.VerifyingTestCase.runBare(VerifyingTestCase.java:39)
	at junit.framework.TestResult$1.protect(TestResult.java:110)
	at junit.framework.TestResult.runProtected(TestResult.java:128)
	at junit.framework.TestResult.run(TestResult.java:113)
	at junit.framework.TestCase.run(TestCase.java:124)
	at junit.framework.TestSuite.runTest(TestSuite.java:243)
	at junit.framework.TestSuite.run(TestSuite.java:238)
	at org.junit.internal.runners.JUnit38ClassRunner.run(JUnit38ClassRunner.java:83)
	at org.apache.maven.surefire.junit4.JUnit4Provider.execute(JUnit4Provider.java:316)
	at org.apache.maven.surefire.junit4.JUnit4Provider.executeWithRerun(JUnit4Provider.java:240)
	at org.apache.maven.surefire.junit4.JUnit4Provider.executeTestSet(JUnit4Provider.java:214)
	at org.apache.maven.surefire.junit4.JUnit4Provider.invoke(JUnit4Provider.java:155)
	at org.apache.maven.surefire.booter.ForkedBooter.runSuitesInProcess(ForkedBooter.java:385)
	at org.apache.maven.surefire.booter.ForkedBooter.execute(ForkedBooter.java:162)
	at org.apache.maven.surefire.booter.ForkedBooter.run(ForkedBooter.java:507)
	at org.apache.maven.surefire.booter.ForkedBooter.main(ForkedBooter.java:495)

com.collabnet.ccf.core.eis.connection.ConnectionManagerTest.testMultipleGetConnectionWithoutMaxConnectionsReached -- Time elapsed: 0.001 s <<< FAILURE!
org.jmock.core.DynamicMockError: 
mockConnectionFactory: unexpected invocation
Invoked: mockConnectionFactory.createConnection("sid", "skind", "rid", "rkind", "cinfo", "crinfo", <com.collabnet.ccf.core.eis.connection.ConnectionManager@10bdf5e5>)
Allowed:
expected 25 times, invoked 0 times: createConnection( eq("sid"), eq("skind"), eq("rid"), eq("rkind"), eq("cinfo"), eq("crinfo") ), returns "CreatedConnection"
expected 600 times, invoked 0 times: isAlive( eq("CreatedConnection") ), returns <true>

	at org.jmock.core.AbstractDynamicMock.mockInvocation(AbstractDynamicMock.java:96)
	at org.jmock.core.CoreMock.invoke(CoreMock.java:39)
	at com.sun.proxy.$Proxy0.createConnection(Unknown Source)
	at com.collabnet.ccf.core.eis.connection.ConnectionPool.createConnection(ConnectionPool.java:423)
	at com.collabnet.ccf.core.eis.connection.ConnectionPool.getConnection(ConnectionPool.java:203)
	at com.collabnet.ccf.core.eis.connection.ConnectionManager.getConnectionToUpdateOrExtractArtifact(ConnectionManager.java:188)
	at com.collabnet.ccf.core.eis.connection.ConnectionManagerTest.testMultipleGetConnectionWithoutMaxConnectionsReached(ConnectionManagerTest.java:147)
	at sun.reflect.NativeMethodAccessorImpl.invoke0(Native Method)
	at sun.reflect.NativeMethodAccessorImpl.invoke(NativeMethodAccessorImpl.java:62)
	at sun.reflect.DelegatingMethodAccessorImpl.invoke(DelegatingMethodAccessorImpl.java:43)
	at java.lang.reflect.Method.invoke(Method.java:498)
	at junit.framework.TestCase.runTest(TestCase.java:168)
	at org.jmock.core.VerifyingTestCase.runBare(VerifyingTestCase.java:39)
	at junit.framework.TestResult$1.protect(TestResult.java:110)
	at junit.framework.TestResult.runProtected(TestResult.java:128)
	at junit.framework.TestResult.run(TestResult.java:113)
	at junit.framework.TestCase.run(TestCase.java:124)
	at junit.framework.TestSuite.runTest(TestSuite.java:243)
	at junit.framework.TestSuite.run(TestSuite.java:238)
	at org.junit.internal.runners.JUnit38ClassRunner.run(JUnit38ClassRunner.java:83)
	at org.apache.maven.surefire.junit4.JUnit4Provider.execute(JUnit4Provider.java:316)
	at org.apache.maven.surefire.junit4.JUnit4Provider.executeWithRerun(JUnit4Provider.java:240)
	at org.apache.maven.surefire.junit4.JUnit4Provider.executeTestSet(JUnit4Provider.java:214)
	at org.apache.maven.surefire.junit4.JUnit4Provider.invoke(JUnit4Provider.java:155)
	at org.apache.maven.surefire.booter.ForkedBooter.runSuitesInProcess(ForkedBooter.java:385)
	at org.apache.maven.surefire.booter.ForkedBooter.execute(ForkedBooter.java:162)
	at org.apache.maven.surefire.booter.ForkedBooter.run(ForkedBooter.java:507)
	at org.apache.maven.surefire.booter.ForkedBooter.main(ForkedBooter.java:495)

com.collabnet.ccf.core.eis.connection.ConnectionManagerTest.testGetConnection -- Time elapsed: 0 s <<< FAILURE!
org.jmock.core.DynamicMockError: 
mockConnectionFactory: unexpected invocation
Invoked: mockConnectionFactory.createConnection("sid", "skind", "rid", "rkind", "cinfo", "crinfo", <com.collabnet.ccf.core.eis.connection.ConnectionManager@1e127982>)
Allowed:
expected once: createConnection( eq("sid"), eq("skind"), eq("rid"), eq("rkind"), eq("cinfo"), eq("crinfo") ), returns "CreatedConnection"

	at org.jmock.core.AbstractDynamicMock.mockInvocation(AbstractDynamicMock.java:96)
	at org.jmock.core.CoreMock.invoke(CoreMock.java:39)
	at com.sun.proxy.$Proxy0.createConnection(Unknown Source)
	at com.collabnet.ccf.core.eis.connection.ConnectionPool.createConnection(ConnectionPool.java:423)
	at com.collabnet.ccf.core.eis.connection.ConnectionPool.getConnection(ConnectionPool.java:203)
	at com.collabnet.ccf.core.eis.connection.ConnectionManager.getConnectionToUpdateOrExtractArtifact(ConnectionManager.java:188)
	at com.collabnet.ccf.core.eis.connection.ConnectionManagerTest.testGetConnection(ConnectionManagerTest.java:58)
	at sun.reflect.NativeMethodAccessorImpl.invoke0(Native Method)
	at sun.reflect.NativeMethodAccessorImpl.invoke(NativeMethodAccessorImpl.java:62)
	at sun.reflect.DelegatingMethodAccessorImpl.invoke(DelegatingMethodAccessorImpl.java:43)
	at java.lang.reflect.Method.invoke(Method.java:498)
	at junit.framework.TestCase.runTest(TestCase.java:168)
	at org.jmock.core.VerifyingTestCase.runBare(VerifyingTestCase.java:39)
	at junit.framework.TestResult$1.protect(TestResult.java:110)
	at junit.framework.TestResult.runProtected(TestResult.java:128)
	at junit.framework.TestResult.run(TestResult.java:113)
	at junit.framework.TestCase.run(TestCase.java:124)
	at junit.framework.TestSuite.runTest(TestSuite.java:243)
	at junit.framework.TestSuite.run(TestSuite.java:238)
	at org.junit.internal.runners.JUnit38ClassRunner.run(JUnit38ClassRunner.java:83)
	at org.apache.maven.surefire.junit4.JUnit4Provider.execute(JUnit4Provider.java:316)
	at org.apache.maven.surefire.junit4.JUnit4Provider.executeWithRerun(JUnit4Provider.java:240)
	at org.apache.maven.surefire.junit4.JUnit4Provider.executeTestSet(JUnit4Provider.java:214)
	at org.apache.maven.surefire.junit4.JUnit4Provider.invoke(JUnit4Provider.java:155)
	at org.apache.maven.surefire.booter.ForkedBooter.runSuitesInProcess(ForkedBooter.java:385)
	at org.apache.maven.surefire.booter.ForkedBooter.execute(ForkedBooter.java:162)
	at org.apache.maven.surefire.booter.ForkedBooter.run(ForkedBooter.java:507)
	at org.apache.maven.surefire.booter.ForkedBooter.main(ForkedBooter.java:495)

