-------------------------------------------------------------------------------
Test set: com.collabnet.ccf.core.eis.connection.MutliThreadedConnectionManagerTest
-------------------------------------------------------------------------------
Tests run: 226, Failures: 225, Errors: 0, Skipped: 0, Time elapsed: 0.160 s <<< FAILURE! -- in com.collabnet.ccf.core.eis.connection.MutliThreadedConnectionManagerTest
com.collabnet.ccf.core.eis.connection.MutliThreadedConnectionManagerTest.testMultipleGetConnectionWithMultiThreads -- Time elapsed: 0.080 s <<< FAILURE!
org.jmock.core.DynamicMockError: 
mockConnectionFactory: unexpected invocation
Invoked: mockConnectionFactory.createConnection("sid19", "skind19", "rid19", "rkind19", "cinfo19", "crinfo19", <com.collabnet.ccf.core.eis.connection.ConnectionManager@51ea8013>)
Allowed:
expected at least once: createConnection( a string containing "sid", a string containing "skind", a string containing "rid", a string containing "rkind", a string containing "cinfo", a string containing "crinfo" ), Returns a new string
expected at least once: isAlive, Returns a new string
expected at least once: closeConnection, Returns a new string

	at org.jmock.core.AbstractDynamicMock.mockInvocation(AbstractDynamicMock.java:96)
	at org.jmock.core.CoreMock.invoke(CoreMock.java:39)
	at com.sun.proxy.$Proxy0.createConnection(Unknown Source)
	at com.collabnet.ccf.core.eis.connection.ConnectionPool.createConnection(ConnectionPool.java:423)
	at com.collabnet.ccf.core.eis.connection.ConnectionPool.getConnection(ConnectionPool.java:203)
	at com.collabnet.ccf.core.eis.connection.ConnectionManager.getConnectionToUpdateOrExtractArtifact(ConnectionManager.java:188)
	at com.collabnet.ccf.core.eis.connection.MutliThreadedConnectionManagerTest$2.runTestCase(MutliThreadedConnectionManagerTest.java:154)
	at com.collabnet.ccf.core.eis.connection.MutliThreadedConnectionManagerTest$TestCaseRunnable.run(MutliThreadedConnectionManagerTest.java:41)
	at java.lang.Thread.run(Thread.java:750)

com.collabnet.ccf.core.eis.connection.MutliThreadedConnectionManagerTest.testMultipleGetConnectionWithMultiThreads -- Time elapsed: 0.084 s <<< FAILURE!
org.jmock.core.DynamicMockError: 
mockConnectionFactory: unexpected invocation
Invoked: mockConnectionFactory.createConnection("sid12", "skind12", "rid12", "rkind12", "cinfo12", "crinfo12", <com.collabnet.ccf.core.eis.connection.ConnectionManager@51ea8013>)
Allowed:
expected at least once: createConnection( a string containing "sid", a string containing "skind", a string containing "rid", a string containing "rkind", a string containing "cinfo", a string containing "crinfo" ), Returns a new string
expected at least once: isAlive, Returns a new string
expected at least once: closeConnection, Returns a new string

	at org.jmock.core.AbstractDynamicMock.mockInvocation(AbstractDynamicMock.java:96)
	at org.jmock.core.CoreMock.invoke(CoreMock.java:39)
	at com.sun.proxy.$Proxy0.createConnection(Unknown Source)
	at com.collabnet.ccf.core.eis.connection.ConnectionPool.createConnection(ConnectionPool.java:423)
	at com.collabnet.ccf.core.eis.connection.ConnectionPool.getConnection(ConnectionPool.java:203)
	at com.collabnet.ccf.core.eis.connection.ConnectionManager.getConnectionToUpdateOrExtractArtifact(ConnectionManager.java:188)
	at com.collabnet.ccf.core.eis.connection.MutliThreadedConnectionManagerTest$2.runTestCase(MutliThreadedConnectionManagerTest.java:154)
	at com.collabnet.ccf.core.eis.connection.MutliThreadedConnectionManagerTest$TestCaseRunnable.run(MutliThreadedConnectionManagerTest.java:41)
	at java.lang.Thread.run(Thread.java:750)

com.collabnet.ccf.core.eis.connection.MutliThreadedConnectionManagerTest.testMultipleGetConnectionWithMultiThreads -- Time elapsed: 0.087 s <<< FAILURE!
org.jmock.core.DynamicMockError: 
mockConnectionFactory: unexpected invocation
Invoked: mockConnectionFactory.createConnection("sid12", "skind12", "rid12", "rkind12", "cinfo12", "crinfo12", <com.collabnet.ccf.core.eis.connection.ConnectionManager@51ea8013>)
Allowed:
expected at least once: createConnection( a string containing "sid", a string containing "skind", a string containing "rid", a string containing "rkind", a string containing "cinfo", a string containing "crinfo" ), Returns a new string
expected at least once: isAlive, Returns a new string
expected at least once: closeConnection, Returns a new string

	at org.jmock.core.AbstractDynamicMock.mockInvocation(AbstractDynamicMock.java:96)
	at org.jmock.core.CoreMock.invoke(CoreMock.java:39)
	at com.sun.proxy.$Proxy0.createConnection(Unknown Source)
	at com.collabnet.ccf.core.eis.connection.ConnectionPool.createConnection(ConnectionPool.java:423)
	at com.collabnet.ccf.core.eis.connection.ConnectionPool.getConnection(ConnectionPool.java:203)
	at com.collabnet.ccf.core.eis.connection.ConnectionManager.getConnectionToUpdateOrExtractArtifact(ConnectionManager.java:188)
	at com.collabnet.ccf.core.eis.connection.MutliThreadedConnectionManagerTest$2.runTestCase(MutliThreadedConnectionManagerTest.java:154)
	at com.collabnet.ccf.core.eis.connection.MutliThreadedConnectionManagerTest$TestCaseRunnable.run(MutliThreadedConnectionManagerTest.java:41)
	at java.lang.Thread.run(Thread.java:750)

com.collabnet.ccf.core.eis.connection.MutliThreadedConnectionManagerTest.testMultipleGetConnectionWithMultiThreads -- Time elapsed: 0.088 s <<< FAILURE!
org.jmock.core.DynamicMockError: 
mockConnectionFactory: unexpected invocation
Invoked: mockConnectionFactory.createConnection("sid16", "skind16", "rid16", "rkind16", "cinfo16", "crinfo16", <com.collabnet.ccf.core.eis.connection.ConnectionManager@51ea8013>)
Allowed:
expected at least once: createConnection( a string containing "sid", a string containing "skind", a string containing "rid", a string containing "rkind", a string containing "cinfo", a string containing "crinfo" ), Returns a new string
expected at least once: isAlive, Returns a new string
expected at least once: closeConnection, Returns a new string

	at org.jmock.core.AbstractDynamicMock.mockInvocation(AbstractDynamicMock.java:96)
	at org.jmock.core.CoreMock.invoke(CoreMock.java:39)
	at com.sun.proxy.$Proxy0.createConnection(Unknown Source)
	at com.collabnet.ccf.core.eis.connection.ConnectionPool.createConnection(ConnectionPool.java:423)
	at com.collabnet.ccf.core.eis.connection.ConnectionPool.getConnection(ConnectionPool.java:203)
	at com.collabnet.ccf.core.eis.connection.ConnectionManager.getConnectionToUpdateOrExtractArtifact(ConnectionManager.java:188)
	at com.collabnet.ccf.core.eis.connection.MutliThreadedConnectionManagerTest$2.runTestCase(MutliThreadedConnectionManagerTest.java:154)
	at com.collabnet.ccf.core.eis.connection.MutliThreadedConnectionManagerTest$TestCaseRunnable.run(MutliThreadedConnectionManagerTest.java:41)
	at java.lang.Thread.run(Thread.java:750)

com.collabnet.ccf.core.eis.connection.MutliThreadedConnectionManagerTest.testMultipleGetConnectionWithMultiThreads -- Time elapsed: 0.090 s <<< FAILURE!
org.jmock.core.DynamicMockError: 
mockConnectionFactory: unexpected invocation
Invoked: mockConnectionFactory.createConnection("sid12", "skind12", "rid12", "rkind12", "cinfo12", "crinfo12", <com.collabnet.ccf.core.eis.connection.ConnectionManager@51ea8013>)
Allowed:
expected at least once: createConnection( a string containing "sid", a string containing "skind", a string containing "rid", a string containing "rkind", a string containing "cinfo", a string containing "crinfo" ), Returns a new string
expected at least once: isAlive, Returns a new string
expected at least once: closeConnection, Returns a new string

	at org.jmock.core.AbstractDynamicMock.mockInvocation(AbstractDynamicMock.java:96)
	at org.jmock.core.CoreMock.invoke(CoreMock.java:39)
	at com.sun.proxy.$Proxy0.createConnection(Unknown Source)
	at com.collabnet.ccf.core.eis.connection.ConnectionPool.createConnection(ConnectionPool.java:423)
	at com.collabnet.ccf.core.eis.connection.ConnectionPool.getConnection(ConnectionPool.java:203)
	at com.collabnet.ccf.core.eis.connection.ConnectionManager.getConnectionToUpdateOrExtractArtifact(ConnectionManager.java:188)
	at com.collabnet.ccf.core.eis.connection.MutliThreadedConnectionManagerTest$2.runTestCase(MutliThreadedConnectionManagerTest.java:154)
	at com.collabnet.ccf.core.eis.connection.MutliThreadedConnectionManagerTest$TestCaseRunnable.run(MutliThreadedConnectionManagerTest.java:41)
	at java.lang.Thread.run(Thread.java:750)

com.collabnet.ccf.core.eis.connection.MutliThreadedConnectionManagerTest.testMultipleGetConnectionWithMultiThreads -- Time elapsed: 0.090 s <<< FAILURE!
org.jmock.core.DynamicMockError: 
mockConnectionFactory: unexpected invocation
Invoked: mockConnectionFactory.createConnection("sid12", "skind12", "rid12", "rkind12", "cinfo12", "crinfo12", <com.collabnet.ccf.core.eis.connection.ConnectionManager@51ea8013>)
Allowed:
expected at least once: createConnection( a string containing "sid", a string containing "skind", a string containing "rid", a string containing "rkind", a string containing "cinfo", a string containing "crinfo" ), Returns a new string
expected at least once: isAlive, Returns a new string
expected at least once: closeConnection, Returns a new string

	at org.jmock.core.AbstractDynamicMock.mockInvocation(AbstractDynamicMock.java:96)
	at org.jmock.core.CoreMock.invoke(CoreMock.java:39)
	at com.sun.proxy.$Proxy0.createConnection(Unknown Source)
	at com.collabnet.ccf.core.eis.connection.ConnectionPool.createConnection(ConnectionPool.java:423)
	at com.collabnet.ccf.core.eis.connection.ConnectionPool.getConnection(ConnectionPool.java:203)
	at com.collabnet.ccf.core.eis.connection.ConnectionManager.getConnectionToUpdateOrExtractArtifact(ConnectionManager.java:188)
	at com.collabnet.ccf.core.eis.connection.MutliThreadedConnectionManagerTest$2.runTestCase(MutliThreadedConnectionManagerTest.java:154)
	at com.collabnet.ccf.core.eis.connection.MutliThreadedConnectionManagerTest$TestCaseRunnable.run(MutliThreadedConnectionManagerTest.java:41)
	at java.lang.Thread.run(Thread.java:750)

com.collabnet.ccf.core.eis.connection.MutliThreadedConnectionManagerTest.testMultipleGetConnectionWithMultiThreads -- Time elapsed: 0.090 s <<< FAILURE!
org.jmock.core.DynamicMockError: 
mockConnectionFactory: unexpected invocation
Invoked: mockConnectionFactory.createConnection("sid12", "skind12", "rid12", "rkind12", "cinfo12", "crinfo12", <com.collabnet.ccf.core.eis.connection.ConnectionManager@51ea8013>)
Allowed:
expected at least once: createConnection( a string containing "sid", a string containing "skind", a string containing "rid", a string containing "rkind", a string containing "cinfo", a string containing "crinfo" ), Returns a new string
expected at least once: isAlive, Returns a new string
expected at least once: closeConnection, Returns a new string

	at org.jmock.core.AbstractDynamicMock.mockInvocation(AbstractDynamicMock.java:96)
	at org.jmock.core.CoreMock.invoke(CoreMock.java:39)
	at com.sun.proxy.$Proxy0.createConnection(Unknown Source)
	at com.collabnet.ccf.core.eis.connection.ConnectionPool.createConnection(ConnectionPool.java:423)
	at com.collabnet.ccf.core.eis.connection.ConnectionPool.getConnection(ConnectionPool.java:203)
	at com.collabnet.ccf.core.eis.connection.ConnectionManager.getConnectionToUpdateOrExtractArtifact(ConnectionManager.java:188)
	at com.collabnet.ccf.core.eis.connection.MutliThreadedConnectionManagerTest$2.runTestCase(MutliThreadedConnectionManagerTest.java:154)
	at com.collabnet.ccf.core.eis.connection.MutliThreadedConnectionManagerTest$TestCaseRunnable.run(MutliThreadedConnectionManagerTest.java:41)
	at java.lang.Thread.run(Thread.java:750)

com.collabnet.ccf.core.eis.connection.MutliThreadedConnectionManagerTest.testMultipleGetConnectionWithMultiThreads -- Time elapsed: 0.091 s <<< FAILURE!
org.jmock.core.DynamicMockError: 
mockConnectionFactory: unexpected invocation
Invoked: mockConnectionFactory.createConnection("sid12", "skind12", "rid12", "rkind12", "cinfo12", "crinfo12", <com.collabnet.ccf.core.eis.connection.ConnectionManager@51ea8013>)
Allowed:
expected at least once: createConnection( a string containing "sid", a string containing "skind", a string containing "rid", a string containing "rkind", a string containing "cinfo", a string containing "crinfo" ), Returns a new string
expected at least once: isAlive, Returns a new string
expected at least once: closeConnection, Returns a new string

	at org.jmock.core.AbstractDynamicMock.mockInvocation(AbstractDynamicMock.java:96)
	at org.jmock.core.CoreMock.invoke(CoreMock.java:39)
	at com.sun.proxy.$Proxy0.createConnection(Unknown Source)
	at com.collabnet.ccf.core.eis.connection.ConnectionPool.createConnection(ConnectionPool.java:423)
	at com.collabnet.ccf.core.eis.connection.ConnectionPool.getConnection(ConnectionPool.java:203)
	at com.collabnet.ccf.core.eis.connection.ConnectionManager.getConnectionToUpdateOrExtractArtifact(ConnectionManager.java:188)
	at com.collabnet.ccf.core.eis.connection.MutliThreadedConnectionManagerTest$2.runTestCase(MutliThreadedConnectionManagerTest.java:154)
	at com.collabnet.ccf.core.eis.connection.MutliThreadedConnectionManagerTest$TestCaseRunnable.run(MutliThreadedConnectionManagerTest.java:41)
	at java.lang.Thread.run(Thread.java:750)

com.collabnet.ccf.core.eis.connection.MutliThreadedConnectionManagerTest.testMultipleGetConnectionWithMultiThreads -- Time elapsed: 0.091 s <<< FAILURE!
org.jmock.core.DynamicMockError: 
mockConnectionFactory: unexpected invocation
Invoked: mockConnectionFactory.createConnection("sid12", "skind12", "rid12", "rkind12", "cinfo12", "crinfo12", <com.collabnet.ccf.core.eis.connection.ConnectionManager@51ea8013>)
Allowed:
expected at least once: createConnection( a string containing "sid", a string containing "skind", a string containing "rid", a string containing "rkind", a string containing "cinfo", a string containing "crinfo" ), Returns a new string
expected at least once: isAlive, Returns a new string
expected at least once: closeConnection, Returns a new string

	at org.jmock.core.AbstractDynamicMock.mockInvocation(AbstractDynamicMock.java:96)
	at org.jmock.core.CoreMock.invoke(CoreMock.java:39)
	at com.sun.proxy.$Proxy0.createConnection(Unknown Source)
	at com.collabnet.ccf.core.eis.connection.ConnectionPool.createConnection(ConnectionPool.java:423)
	at com.collabnet.ccf.core.eis.connection.ConnectionPool.getConnection(ConnectionPool.java:203)
	at com.collabnet.ccf.core.eis.connection.ConnectionManager.getConnectionToUpdateOrExtractArtifact(ConnectionManager.java:188)
	at com.collabnet.ccf.core.eis.connection.MutliThreadedConnectionManagerTest$2.runTestCase(MutliThreadedConnectionManagerTest.java:154)
	at com.collabnet.ccf.core.eis.connection.MutliThreadedConnectionManagerTest$TestCaseRunnable.run(MutliThreadedConnectionManagerTest.java:41)
	at java.lang.Thread.run(Thread.java:750)

com.collabnet.ccf.core.eis.connection.MutliThreadedConnectionManagerTest.testMultipleGetConnectionWithMultiThreads -- Time elapsed: 0.091 s <<< FAILURE!
org.jmock.core.DynamicMockError: 
mockConnectionFactory: unexpected invocation
Invoked: mockConnectionFactory.createConnection("sid12", "skind12", "rid12", "rkind12", "cinfo12", "crinfo12", <com.collabnet.ccf.core.eis.connection.ConnectionManager@51ea8013>)
Allowed:
expected at least once: createConnection( a string containing "sid", a string containing "skind", a string containing "rid", a string containing "rkind", a string containing "cinfo", a string containing "crinfo" ), Returns a new string
expected at least once: isAlive, Returns a new string
expected at least once: closeConnection, Returns a new string

	at org.jmock.core.AbstractDynamicMock.mockInvocation(AbstractDynamicMock.java:96)
	at org.jmock.core.CoreMock.invoke(CoreMock.java:39)
	at com.sun.proxy.$Proxy0.createConnection(Unknown Source)
	at com.collabnet.ccf.core.eis.connection.ConnectionPool.createConnection(ConnectionPool.java:423)
	at com.collabnet.ccf.core.eis.connection.ConnectionPool.getConnection(ConnectionPool.java:203)
	at com.collabnet.ccf.core.eis.connection.ConnectionManager.getConnectionToUpdateOrExtractArtifact(ConnectionManager.java:188)
	at com.collabnet.ccf.core.eis.connection.MutliThreadedConnectionManagerTest$2.runTestCase(MutliThreadedConnectionManagerTest.java:154)
	at com.collabnet.ccf.core.eis.connection.MutliThreadedConnectionManagerTest$TestCaseRunnable.run(MutliThreadedConnectionManagerTest.java:41)
	at java.lang.Thread.run(Thread.java:750)

com.collabnet.ccf.core.eis.connection.MutliThreadedConnectionManagerTest.testMultipleGetConnectionWithMultiThreads -- Time elapsed: 0.092 s <<< FAILURE!
org.jmock.core.DynamicMockError: 
mockConnectionFactory: unexpected invocation
Invoked: mockConnectionFactory.createConnection("sid12", "skind12", "rid12", "rkind12", "cinfo12", "crinfo12", <com.collabnet.ccf.core.eis.connection.ConnectionManager@51ea8013>)
Allowed:
expected at least once: createConnection( a string containing "sid", a string containing "skind", a string containing "rid", a string containing "rkind", a string containing "cinfo", a string containing "crinfo" ), Returns a new string
expected at least once: isAlive, Returns a new string
expected at least once: closeConnection, Returns a new string

	at org.jmock.core.AbstractDynamicMock.mockInvocation(AbstractDynamicMock.java:96)
	at org.jmock.core.CoreMock.invoke(CoreMock.java:39)
	at com.sun.proxy.$Proxy0.createConnection(Unknown Source)
	at com.collabnet.ccf.core.eis.connection.ConnectionPool.createConnection(ConnectionPool.java:423)
	at com.collabnet.ccf.core.eis.connection.ConnectionPool.getConnection(ConnectionPool.java:203)
	at com.collabnet.ccf.core.eis.connection.ConnectionManager.getConnectionToUpdateOrExtractArtifact(ConnectionManager.java:188)
	at com.collabnet.ccf.core.eis.connection.MutliThreadedConnectionManagerTest$2.runTestCase(MutliThreadedConnectionManagerTest.java:154)
	at com.collabnet.ccf.core.eis.connection.MutliThreadedConnectionManagerTest$TestCaseRunnable.run(MutliThreadedConnectionManagerTest.java:41)
	at java.lang.Thread.run(Thread.java:750)

com.collabnet.ccf.core.eis.connection.MutliThreadedConnectionManagerTest.testMultipleGetConnectionWithMultiThreads -- Time elapsed: 0.092 s <<< FAILURE!
org.jmock.core.DynamicMockError: 
mockConnectionFactory: unexpected invocation
Invoked: mockConnectionFactory.createConnection("sid12", "skind12", "rid12", "rkind12", "cinfo12", "crinfo12", <com.collabnet.ccf.core.eis.connection.ConnectionManager@51ea8013>)
Allowed:
expected at least once: createConnection( a string containing "sid", a string containing "skind", a string containing "rid", a string containing "rkind", a string containing "cinfo", a string containing "crinfo" ), Returns a new string
expected at least once: isAlive, Returns a new string
expected at least once: closeConnection, Returns a new string

	at org.jmock.core.AbstractDynamicMock.mockInvocation(AbstractDynamicMock.java:96)
	at org.jmock.core.CoreMock.invoke(CoreMock.java:39)
	at com.sun.proxy.$Proxy0.createConnection(Unknown Source)
	at com.collabnet.ccf.core.eis.connection.ConnectionPool.createConnection(ConnectionPool.java:423)
	at com.collabnet.ccf.core.eis.connection.ConnectionPool.getConnection(ConnectionPool.java:203)
	at com.collabnet.ccf.core.eis.connection.ConnectionManager.getConnectionToUpdateOrExtractArtifact(ConnectionManager.java:188)
	at com.collabnet.ccf.core.eis.connection.MutliThreadedConnectionManagerTest$2.runTestCase(MutliThreadedConnectionManagerTest.java:154)
	at com.collabnet.ccf.core.eis.connection.MutliThreadedConnectionManagerTest$TestCaseRunnable.run(MutliThreadedConnectionManagerTest.java:41)
	at java.lang.Thread.run(Thread.java:750)

com.collabnet.ccf.core.eis.connection.MutliThreadedConnectionManagerTest.testMultipleGetConnectionWithMultiThreads -- Time elapsed: 0.092 s <<< FAILURE!
org.jmock.core.DynamicMockError: 
mockConnectionFactory: unexpected invocation
Invoked: mockConnectionFactory.createConnection("sid12", "skind12", "rid12", "rkind12", "cinfo12", "crinfo12", <com.collabnet.ccf.core.eis.connection.ConnectionManager@51ea8013>)
Allowed:
expected at least once: createConnection( a string containing "sid", a string containing "skind", a string containing "rid", a string containing "rkind", a string containing "cinfo", a string containing "crinfo" ), Returns a new string
expected at least once: isAlive, Returns a new string
expected at least once: closeConnection, Returns a new string

	at org.jmock.core.AbstractDynamicMock.mockInvocation(AbstractDynamicMock.java:96)
	at org.jmock.core.CoreMock.invoke(CoreMock.java:39)
	at com.sun.proxy.$Proxy0.createConnection(Unknown Source)
	at com.collabnet.ccf.core.eis.connection.ConnectionPool.createConnection(ConnectionPool.java:423)
	at com.collabnet.ccf.core.eis.connection.ConnectionPool.getConnection(ConnectionPool.java:203)
	at com.collabnet.ccf.core.eis.connection.ConnectionManager.getConnectionToUpdateOrExtractArtifact(ConnectionManager.java:188)
	at com.collabnet.ccf.core.eis.connection.MutliThreadedConnectionManagerTest$2.runTestCase(MutliThreadedConnectionManagerTest.java:154)
	at com.collabnet.ccf.core.eis.connection.MutliThreadedConnectionManagerTest$TestCaseRunnable.run(MutliThreadedConnectionManagerTest.java:41)
	at java.lang.Thread.run(Thread.java:750)

com.collabnet.ccf.core.eis.connection.MutliThreadedConnectionManagerTest.testMultipleGetConnectionWithMultiThreads -- Time elapsed: 0.093 s <<< FAILURE!
org.jmock.core.DynamicMockError: 
mockConnectionFactory: unexpected invocation
Invoked: mockConnectionFactory.createConnection("sid12", "skind12", "rid12", "rkind12", "cinfo12", "crinfo12", <com.collabnet.ccf.core.eis.connection.ConnectionManager@51ea8013>)
Allowed:
expected at least once: createConnection( a string containing "sid", a string containing "skind", a string containing "rid", a string containing "rkind", a string containing "cinfo", a string containing "crinfo" ), Returns a new string
expected at least once: isAlive, Returns a new string
expected at least once: closeConnection, Returns a new string

	at org.jmock.core.AbstractDynamicMock.mockInvocation(AbstractDynamicMock.java:96)
	at org.jmock.core.CoreMock.invoke(CoreMock.java:39)
	at com.sun.proxy.$Proxy0.createConnection(Unknown Source)
	at com.collabnet.ccf.core.eis.connection.ConnectionPool.createConnection(ConnectionPool.java:423)
	at com.collabnet.ccf.core.eis.connection.ConnectionPool.getConnection(ConnectionPool.java:203)
	at com.collabnet.ccf.core.eis.connection.ConnectionManager.getConnectionToUpdateOrExtractArtifact(ConnectionManager.java:188)
	at com.collabnet.ccf.core.eis.connection.MutliThreadedConnectionManagerTest$2.runTestCase(MutliThreadedConnectionManagerTest.java:154)
	at com.collabnet.ccf.core.eis.connection.MutliThreadedConnectionManagerTest$TestCaseRunnable.run(MutliThreadedConnectionManagerTest.java:41)
	at java.lang.Thread.run(Thread.java:750)

com.collabnet.ccf.core.eis.connection.MutliThreadedConnectionManagerTest.testMultipleGetConnectionWithMultiThreads -- Time elapsed: 0.093 s <<< FAILURE!
org.jmock.core.DynamicMockError: 
mockConnectionFactory: unexpected invocation
Invoked: mockConnectionFactory.createConnection("sid12", "skind12", "rid12", "rkind12", "cinfo12", "crinfo12", <com.collabnet.ccf.core.eis.connection.ConnectionManager@51ea8013>)
Allowed:
expected at least once: createConnection( a string containing "sid", a string containing "skind", a string containing "rid", a string containing "rkind", a string containing "cinfo", a string containing "crinfo" ), Returns a new string
expected at least once: isAlive, Returns a new string
expected at least once: closeConnection, Returns a new string

	at org.jmock.core.AbstractDynamicMock.mockInvocation(AbstractDynamicMock.java:96)
	at org.jmock.core.CoreMock.invoke(CoreMock.java:39)
	at com.sun.proxy.$Proxy0.createConnection(Unknown Source)
	at com.collabnet.ccf.core.eis.connection.ConnectionPool.createConnection(ConnectionPool.java:423)
	at com.collabnet.ccf.core.eis.connection.ConnectionPool.getConnection(ConnectionPool.java:203)
	at com.collabnet.ccf.core.eis.connection.ConnectionManager.getConnectionToUpdateOrExtractArtifact(ConnectionManager.java:188)
	at com.collabnet.ccf.core.eis.connection.MutliThreadedConnectionManagerTest$2.runTestCase(MutliThreadedConnectionManagerTest.java:154)
	at com.collabnet.ccf.core.eis.connection.MutliThreadedConnectionManagerTest$TestCaseRunnable.run(MutliThreadedConnectionManagerTest.java:41)
	at java.lang.Thread.run(Thread.java:750)

com.collabnet.ccf.core.eis.connection.MutliThreadedConnectionManagerTest.testMultipleGetConnectionWithMultiThreads -- Time elapsed: 0.094 s <<< FAILURE!
org.jmock.core.DynamicMockError: 
mockConnectionFactory: unexpected invocation
Invoked: mockConnectionFactory.createConnection("sid12", "skind12", "rid12", "rkind12", "cinfo12", "crinfo12", <com.collabnet.ccf.core.eis.connection.ConnectionManager@51ea8013>)
Allowed:
expected at least once: createConnection( a string containing "sid", a string containing "skind", a string containing "rid", a string containing "rkind", a string containing "cinfo", a string containing "crinfo" ), Returns a new string
expected at least once: isAlive, Returns a new string
expected at least once: closeConnection, Returns a new string

	at org.jmock.core.AbstractDynamicMock.mockInvocation(AbstractDynamicMock.java:96)
	at org.jmock.core.CoreMock.invoke(CoreMock.java:39)
	at com.sun.proxy.$Proxy0.createConnection(Unknown Source)
	at com.collabnet.ccf.core.eis.connection.ConnectionPool.createConnection(ConnectionPool.java:423)
	at com.collabnet.ccf.core.eis.connection.ConnectionPool.getConnection(ConnectionPool.java:203)
	at com.collabnet.ccf.core.eis.connection.ConnectionManager.getConnectionToUpdateOrExtractArtifact(ConnectionManager.java:188)
	at com.collabnet.ccf.core.eis.connection.MutliThreadedConnectionManagerTest$2.runTestCase(MutliThreadedConnectionManagerTest.java:154)
	at com.collabnet.ccf.core.eis.connection.MutliThreadedConnectionManagerTest$TestCaseRunnable.run(MutliThreadedConnectionManagerTest.java:41)
	at java.lang.Thread.run(Thread.java:750)

com.collabnet.ccf.core.eis.connection.MutliThreadedConnectionManagerTest.testMultipleGetConnectionWithMultiThreads -- Time elapsed: 0.095 s <<< FAILURE!
org.jmock.core.DynamicMockError: 
mockConnectionFactory: unexpected invocation
Invoked: mockConnectionFactory.createConnection("sid12", "skind12", "rid12", "rkind12", "cinfo12", "crinfo12", <com.collabnet.ccf.core.eis.connection.ConnectionManager@51ea8013>)
Allowed:
expected at least once: createConnection( a string containing "sid", a string containing "skind", a string containing "rid", a string containing "rkind", a string containing "cinfo", a string containing "crinfo" ), Returns a new string
expected at least once: isAlive, Returns a new string
expected at least once: closeConnection, Returns a new string

	at org.jmock.core.AbstractDynamicMock.mockInvocation(AbstractDynamicMock.java:96)
	at org.jmock.core.CoreMock.invoke(CoreMock.java:39)
	at com.sun.proxy.$Proxy0.createConnection(Unknown Source)
	at com.collabnet.ccf.core.eis.connection.ConnectionPool.createConnection(ConnectionPool.java:423)
	at com.collabnet.ccf.core.eis.connection.ConnectionPool.getConnection(ConnectionPool.java:203)
	at com.collabnet.ccf.core.eis.connection.ConnectionManager.getConnectionToUpdateOrExtractArtifact(ConnectionManager.java:188)
	at com.collabnet.ccf.core.eis.connection.MutliThreadedConnectionManagerTest$2.runTestCase(MutliThreadedConnectionManagerTest.java:154)
	at com.collabnet.ccf.core.eis.connection.MutliThreadedConnectionManagerTest$TestCaseRunnable.run(MutliThreadedConnectionManagerTest.java:41)
	at java.lang.Thread.run(Thread.java:750)

com.collabnet.ccf.core.eis.connection.MutliThreadedConnectionManagerTest.testMultipleGetConnectionWithMultiThreads -- Time elapsed: 0.095 s <<< FAILURE!
org.jmock.core.DynamicMockError: 
mockConnectionFactory: unexpected invocation
Invoked: mockConnectionFactory.createConnection("sid12", "skind12", "rid12", "rkind12", "cinfo12", "crinfo12", <com.collabnet.ccf.core.eis.connection.ConnectionManager@51ea8013>)
Allowed:
expected at least once: createConnection( a string containing "sid", a string containing "skind", a string containing "rid", a string containing "rkind", a string containing "cinfo", a string containing "crinfo" ), Returns a new string
expected at least once: isAlive, Returns a new string
expected at least once: closeConnection, Returns a new string

	at org.jmock.core.AbstractDynamicMock.mockInvocation(AbstractDynamicMock.java:96)
	at org.jmock.core.CoreMock.invoke(CoreMock.java:39)
	at com.sun.proxy.$Proxy0.createConnection(Unknown Source)
	at com.collabnet.ccf.core.eis.connection.ConnectionPool.createConnection(ConnectionPool.java:423)
	at com.collabnet.ccf.core.eis.connection.ConnectionPool.getConnection(ConnectionPool.java:203)
	at com.collabnet.ccf.core.eis.connection.ConnectionManager.getConnectionToUpdateOrExtractArtifact(ConnectionManager.java:188)
	at com.collabnet.ccf.core.eis.connection.MutliThreadedConnectionManagerTest$2.runTestCase(MutliThreadedConnectionManagerTest.java:154)
	at com.collabnet.ccf.core.eis.connection.MutliThreadedConnectionManagerTest$TestCaseRunnable.run(MutliThreadedConnectionManagerTest.java:41)
	at java.lang.Thread.run(Thread.java:750)

com.collabnet.ccf.core.eis.connection.MutliThreadedConnectionManagerTest.testMultipleGetConnectionWithMultiThreads -- Time elapsed: 0.095 s <<< FAILURE!
org.jmock.core.DynamicMockError: 
mockConnectionFactory: unexpected invocation
Invoked: mockConnectionFactory.createConnection("sid12", "skind12", "rid12", "rkind12", "cinfo12", "crinfo12", <com.collabnet.ccf.core.eis.connection.ConnectionManager@51ea8013>)
Allowed:
expected at least once: createConnection( a string containing "sid", a string containing "skind", a string containing "rid", a string containing "rkind", a string containing "cinfo", a string containing "crinfo" ), Returns a new string
expected at least once: isAlive, Returns a new string
expected at least once: closeConnection, Returns a new string

	at org.jmock.core.AbstractDynamicMock.mockInvocation(AbstractDynamicMock.java:96)
	at org.jmock.core.CoreMock.invoke(CoreMock.java:39)
	at com.sun.proxy.$Proxy0.createConnection(Unknown Source)
	at com.collabnet.ccf.core.eis.connection.ConnectionPool.createConnection(ConnectionPool.java:423)
	at com.collabnet.ccf.core.eis.connection.ConnectionPool.getConnection(ConnectionPool.java:203)
	at com.collabnet.ccf.core.eis.connection.ConnectionManager.getConnectionToUpdateOrExtractArtifact(ConnectionManager.java:188)
	at com.collabnet.ccf.core.eis.connection.MutliThreadedConnectionManagerTest$2.runTestCase(MutliThreadedConnectionManagerTest.java:154)
	at com.collabnet.ccf.core.eis.connection.MutliThreadedConnectionManagerTest$TestCaseRunnable.run(MutliThreadedConnectionManagerTest.java:41)
	at java.lang.Thread.run(Thread.java:750)

com.collabnet.ccf.core.eis.connection.MutliThreadedConnectionManagerTest.testMultipleGetConnectionWithMultiThreads -- Time elapsed: 0.096 s <<< FAILURE!
org.jmock.core.DynamicMockError: 
mockConnectionFactory: unexpected invocation
Invoked: mockConnectionFactory.createConnection("sid12", "skind12", "rid12", "rkind12", "cinfo12", "crinfo12", <com.collabnet.ccf.core.eis.connection.ConnectionManager@51ea8013>)
Allowed:
expected at least once: createConnection( a string containing "sid", a string containing "skind", a string containing "rid", a string containing "rkind", a string containing "cinfo", a string containing "crinfo" ), Returns a new string
expected at least once: isAlive, Returns a new string
expected at least once: closeConnection, Returns a new string

	at org.jmock.core.AbstractDynamicMock.mockInvocation(AbstractDynamicMock.java:96)
	at org.jmock.core.CoreMock.invoke(CoreMock.java:39)
	at com.sun.proxy.$Proxy0.createConnection(Unknown Source)
	at com.collabnet.ccf.core.eis.connection.ConnectionPool.createConnection(ConnectionPool.java:423)
	at com.collabnet.ccf.core.eis.connection.ConnectionPool.getConnection(ConnectionPool.java:203)
	at com.collabnet.ccf.core.eis.connection.ConnectionManager.getConnectionToUpdateOrExtractArtifact(ConnectionManager.java:188)
	at com.collabnet.ccf.core.eis.connection.MutliThreadedConnectionManagerTest$2.runTestCase(MutliThreadedConnectionManagerTest.java:154)
	at com.collabnet.ccf.core.eis.connection.MutliThreadedConnectionManagerTest$TestCaseRunnable.run(MutliThreadedConnectionManagerTest.java:41)
	at java.lang.Thread.run(Thread.java:750)

com.collabnet.ccf.core.eis.connection.MutliThreadedConnectionManagerTest.testMultipleGetConnectionWithMultiThreads -- Time elapsed: 0.096 s <<< FAILURE!
org.jmock.core.DynamicMockError: 
mockConnectionFactory: unexpected invocation
Invoked: mockConnectionFactory.createConnection("sid12", "skind12", "rid12", "rkind12", "cinfo12", "crinfo12", <com.collabnet.ccf.core.eis.connection.ConnectionManager@51ea8013>)
Allowed:
expected at least once: createConnection( a string containing "sid", a string containing "skind", a string containing "rid", a string containing "rkind", a string containing "cinfo", a string containing "crinfo" ), Returns a new string
expected at least once: isAlive, Returns a new string
expected at least once: closeConnection, Returns a new string

	at org.jmock.core.AbstractDynamicMock.mockInvocation(AbstractDynamicMock.java:96)
	at org.jmock.core.CoreMock.invoke(CoreMock.java:39)
	at com.sun.proxy.$Proxy0.createConnection(Unknown Source)
	at com.collabnet.ccf.core.eis.connection.ConnectionPool.createConnection(ConnectionPool.java:423)
	at com.collabnet.ccf.core.eis.connection.ConnectionPool.getConnection(ConnectionPool.java:203)
	at com.collabnet.ccf.core.eis.connection.ConnectionManager.getConnectionToUpdateOrExtractArtifact(ConnectionManager.java:188)
	at com.collabnet.ccf.core.eis.connection.MutliThreadedConnectionManagerTest$2.runTestCase(MutliThreadedConnectionManagerTest.java:154)
	at com.collabnet.ccf.core.eis.connection.MutliThreadedConnectionManagerTest$TestCaseRunnable.run(MutliThreadedConnectionManagerTest.java:41)
	at java.lang.Thread.run(Thread.java:750)

com.collabnet.ccf.core.eis.connection.MutliThreadedConnectionManagerTest.testMultipleGetConnectionWithMultiThreads -- Time elapsed: 0.096 s <<< FAILURE!
org.jmock.core.DynamicMockError: 
mockConnectionFactory: unexpected invocation
Invoked: mockConnectionFactory.createConnection("sid12", "skind12", "rid12", "rkind12", "cinfo12", "crinfo12", <com.collabnet.ccf.core.eis.connection.ConnectionManager@51ea8013>)
Allowed:
expected at least once: createConnection( a string containing "sid", a string containing "skind", a string containing "rid", a string containing "rkind", a string containing "cinfo", a string containing "crinfo" ), Returns a new string
expected at least once: isAlive, Returns a new string
expected at least once: closeConnection, Returns a new string

	at org.jmock.core.AbstractDynamicMock.mockInvocation(AbstractDynamicMock.java:96)
	at org.jmock.core.CoreMock.invoke(CoreMock.java:39)
	at com.sun.proxy.$Proxy0.createConnection(Unknown Source)
	at com.collabnet.ccf.core.eis.connection.ConnectionPool.createConnection(ConnectionPool.java:423)
	at com.collabnet.ccf.core.eis.connection.ConnectionPool.getConnection(ConnectionPool.java:203)
	at com.collabnet.ccf.core.eis.connection.ConnectionManager.getConnectionToUpdateOrExtractArtifact(ConnectionManager.java:188)
	at com.collabnet.ccf.core.eis.connection.MutliThreadedConnectionManagerTest$2.runTestCase(MutliThreadedConnectionManagerTest.java:154)
	at com.collabnet.ccf.core.eis.connection.MutliThreadedConnectionManagerTest$TestCaseRunnable.run(MutliThreadedConnectionManagerTest.java:41)
	at java.lang.Thread.run(Thread.java:750)

com.collabnet.ccf.core.eis.connection.MutliThreadedConnectionManagerTest.testMultipleGetConnectionWithMultiThreads -- Time elapsed: 0.097 s <<< FAILURE!
org.jmock.core.DynamicMockError: 
mockConnectionFactory: unexpected invocation
Invoked: mockConnectionFactory.createConnection("sid12", "skind12", "rid12", "rkind12", "cinfo12", "crinfo12", <com.collabnet.ccf.core.eis.connection.ConnectionManager@51ea8013>)
Allowed:
expected at least once: createConnection( a string containing "sid", a string containing "skind", a string containing "rid", a string containing "rkind", a string containing "cinfo", a string containing "crinfo" ), Returns a new string
expected at least once: isAlive, Returns a new string
expected at least once: closeConnection, Returns a new string

	at org.jmock.core.AbstractDynamicMock.mockInvocation(AbstractDynamicMock.java:96)
	at org.jmock.core.CoreMock.invoke(CoreMock.java:39)
	at com.sun.proxy.$Proxy0.createConnection(Unknown Source)
	at com.collabnet.ccf.core.eis.connection.ConnectionPool.createConnection(ConnectionPool.java:423)
	at com.collabnet.ccf.core.eis.connection.ConnectionPool.getConnection(ConnectionPool.java:203)
	at com.collabnet.ccf.core.eis.connection.ConnectionManager.getConnectionToUpdateOrExtractArtifact(ConnectionManager.java:188)
	at com.collabnet.ccf.core.eis.connection.MutliThreadedConnectionManagerTest$2.runTestCase(MutliThreadedConnectionManagerTest.java:154)
	at com.collabnet.ccf.core.eis.connection.MutliThreadedConnectionManagerTest$TestCaseRunnable.run(MutliThreadedConnectionManagerTest.java:41)
	at java.lang.Thread.run(Thread.java:750)

com.collabnet.ccf.core.eis.connection.MutliThreadedConnectionManagerTest.testMultipleGetConnectionWithMultiThreads -- Time elapsed: 0.097 s <<< FAILURE!
org.jmock.core.DynamicMockError: 
mockConnectionFactory: unexpected invocation
Invoked: mockConnectionFactory.createConnection("sid12", "skind12", "rid12", "rkind12", "cinfo12", "crinfo12", <com.collabnet.ccf.core.eis.connection.ConnectionManager@51ea8013>)
Allowed:
expected at least once: createConnection( a string containing "sid", a string containing "skind", a string containing "rid", a string containing "rkind", a string containing "cinfo", a string containing "crinfo" ), Returns a new string
expected at least once: isAlive, Returns a new string
expected at least once: closeConnection, Returns a new string

	at org.jmock.core.AbstractDynamicMock.mockInvocation(AbstractDynamicMock.java:96)
	at org.jmock.core.CoreMock.invoke(CoreMock.java:39)
	at com.sun.proxy.$Proxy0.createConnection(Unknown Source)
	at com.collabnet.ccf.core.eis.connection.ConnectionPool.createConnection(ConnectionPool.java:423)
	at com.collabnet.ccf.core.eis.connection.ConnectionPool.getConnection(ConnectionPool.java:203)
	at com.collabnet.ccf.core.eis.connection.ConnectionManager.getConnectionToUpdateOrExtractArtifact(ConnectionManager.java:188)
	at com.collabnet.ccf.core.eis.connection.MutliThreadedConnectionManagerTest$2.runTestCase(MutliThreadedConnectionManagerTest.java:154)
	at com.collabnet.ccf.core.eis.connection.MutliThreadedConnectionManagerTest$TestCaseRunnable.run(MutliThreadedConnectionManagerTest.java:41)
	at java.lang.Thread.run(Thread.java:750)

com.collabnet.ccf.core.eis.connection.MutliThreadedConnectionManagerTest.testMultipleGetConnectionWithMultiThreads -- Time elapsed: 0.097 s <<< FAILURE!
org.jmock.core.DynamicMockError: 
mockConnectionFactory: unexpected invocation
Invoked: mockConnectionFactory.createConnection("sid12", "skind12", "rid12", "rkind12", "cinfo12", "crinfo12", <com.collabnet.ccf.core.eis.connection.ConnectionManager@51ea8013>)
Allowed:
expected at least once: createConnection( a string containing "sid", a string containing "skind", a string containing "rid", a string containing "rkind", a string containing "cinfo", a string containing "crinfo" ), Returns a new string
expected at least once: isAlive, Returns a new string
expected at least once: closeConnection, Returns a new string

	at org.jmock.core.AbstractDynamicMock.mockInvocation(AbstractDynamicMock.java:96)
	at org.jmock.core.CoreMock.invoke(CoreMock.java:39)
	at com.sun.proxy.$Proxy0.createConnection(Unknown Source)
	at com.collabnet.ccf.core.eis.connection.ConnectionPool.createConnection(ConnectionPool.java:423)
	at com.collabnet.ccf.core.eis.connection.ConnectionPool.getConnection(ConnectionPool.java:203)
	at com.collabnet.ccf.core.eis.connection.ConnectionManager.getConnectionToUpdateOrExtractArtifact(ConnectionManager.java:188)
	at com.collabnet.ccf.core.eis.connection.MutliThreadedConnectionManagerTest$2.runTestCase(MutliThreadedConnectionManagerTest.java:154)
	at com.collabnet.ccf.core.eis.connection.MutliThreadedConnectionManagerTest$TestCaseRunnable.run(MutliThreadedConnectionManagerTest.java:41)
	at java.lang.Thread.run(Thread.java:750)

com.collabnet.ccf.core.eis.connection.MutliThreadedConnectionManagerTest.testMultipleGetConnectionWithMultiThreads -- Time elapsed: 0.097 s <<< FAILURE!
org.jmock.core.DynamicMockError: 
mockConnectionFactory: unexpected invocation
Invoked: mockConnectionFactory.createConnection("sid12", "skind12", "rid12", "rkind12", "cinfo12", "crinfo12", <com.collabnet.ccf.core.eis.connection.ConnectionManager@51ea8013>)
Allowed:
expected at least once: createConnection( a string containing "sid", a string containing "skind", a string containing "rid", a string containing "rkind", a string containing "cinfo", a string containing "crinfo" ), Returns a new string
expected at least once: isAlive, Returns a new string
expected at least once: closeConnection, Returns a new string

	at org.jmock.core.AbstractDynamicMock.mockInvocation(AbstractDynamicMock.java:96)
	at org.jmock.core.CoreMock.invoke(CoreMock.java:39)
	at com.sun.proxy.$Proxy0.createConnection(Unknown Source)
	at com.collabnet.ccf.core.eis.connection.ConnectionPool.createConnection(ConnectionPool.java:423)
	at com.collabnet.ccf.core.eis.connection.ConnectionPool.getConnection(ConnectionPool.java:203)
	at com.collabnet.ccf.core.eis.connection.ConnectionManager.getConnectionToUpdateOrExtractArtifact(ConnectionManager.java:188)
	at com.collabnet.ccf.core.eis.connection.MutliThreadedConnectionManagerTest$2.runTestCase(MutliThreadedConnectionManagerTest.java:154)
	at com.collabnet.ccf.core.eis.connection.MutliThreadedConnectionManagerTest$TestCaseRunnable.run(MutliThreadedConnectionManagerTest.java:41)
	at java.lang.Thread.run(Thread.java:750)

com.collabnet.ccf.core.eis.connection.MutliThreadedConnectionManagerTest.testMultipleGetConnectionWithMultiThreads -- Time elapsed: 0.098 s <<< FAILURE!
org.jmock.core.DynamicMockError: 
mockConnectionFactory: unexpected invocation
Invoked: mockConnectionFactory.createConnection("sid12", "skind12", "rid12", "rkind12", "cinfo12", "crinfo12", <com.collabnet.ccf.core.eis.connection.ConnectionManager@51ea8013>)
Allowed:
expected at least once: createConnection( a string containing "sid", a string containing "skind", a string containing "rid", a string containing "rkind", a string containing "cinfo", a string containing "crinfo" ), Returns a new string
expected at least once: isAlive, Returns a new string
expected at least once: closeConnection, Returns a new string

	at org.jmock.core.AbstractDynamicMock.mockInvocation(AbstractDynamicMock.java:96)
	at org.jmock.core.CoreMock.invoke(CoreMock.java:39)
	at com.sun.proxy.$Proxy0.createConnection(Unknown Source)
	at com.collabnet.ccf.core.eis.connection.ConnectionPool.createConnection(ConnectionPool.java:423)
	at com.collabnet.ccf.core.eis.connection.ConnectionPool.getConnection(ConnectionPool.java:203)
	at com.collabnet.ccf.core.eis.connection.ConnectionManager.getConnectionToUpdateOrExtractArtifact(ConnectionManager.java:188)
	at com.collabnet.ccf.core.eis.connection.MutliThreadedConnectionManagerTest$2.runTestCase(MutliThreadedConnectionManagerTest.java:154)
	at com.collabnet.ccf.core.eis.connection.MutliThreadedConnectionManagerTest$TestCaseRunnable.run(MutliThreadedConnectionManagerTest.java:41)
	at java.lang.Thread.run(Thread.java:750)

com.collabnet.ccf.core.eis.connection.MutliThreadedConnectionManagerTest.testMultipleGetConnectionWithMultiThreads -- Time elapsed: 0.098 s <<< FAILURE!
org.jmock.core.DynamicMockError: 
mockConnectionFactory: unexpected invocation
Invoked: mockConnectionFactory.createConnection("sid12", "skind12", "rid12", "rkind12", "cinfo12", "crinfo12", <com.collabnet.ccf.core.eis.connection.ConnectionManager@51ea8013>)
Allowed:
expected at least once: createConnection( a string containing "sid", a string containing "skind", a string containing "rid", a string containing "rkind", a string containing "cinfo", a string containing "crinfo" ), Returns a new string
expected at least once: isAlive, Returns a new string
expected at least once: closeConnection, Returns a new string

	at org.jmock.core.AbstractDynamicMock.mockInvocation(AbstractDynamicMock.java:96)
	at org.jmock.core.CoreMock.invoke(CoreMock.java:39)
	at com.sun.proxy.$Proxy0.createConnection(Unknown Source)
	at com.collabnet.ccf.core.eis.connection.ConnectionPool.createConnection(ConnectionPool.java:423)
	at com.collabnet.ccf.core.eis.connection.ConnectionPool.getConnection(ConnectionPool.java:203)
	at com.collabnet.ccf.core.eis.connection.ConnectionManager.getConnectionToUpdateOrExtractArtifact(ConnectionManager.java:188)
	at com.collabnet.ccf.core.eis.connection.MutliThreadedConnectionManagerTest$2.runTestCase(MutliThreadedConnectionManagerTest.java:154)
	at com.collabnet.ccf.core.eis.connection.MutliThreadedConnectionManagerTest$TestCaseRunnable.run(MutliThreadedConnectionManagerTest.java:41)
	at java.lang.Thread.run(Thread.java:750)

com.collabnet.ccf.core.eis.connection.MutliThreadedConnectionManagerTest.testMultipleGetConnectionWithMultiThreads -- Time elapsed: 0.098 s <<< FAILURE!
org.jmock.core.DynamicMockError: 
mockConnectionFactory: unexpected invocation
Invoked: mockConnectionFactory.createConnection("sid12", "skind12", "rid12", "rkind12", "cinfo12", "crinfo12", <com.collabnet.ccf.core.eis.connection.ConnectionManager@51ea8013>)
Allowed:
expected at least once: createConnection( a string containing "sid", a string containing "skind", a string containing "rid", a string containing "rkind", a string containing "cinfo", a string containing "crinfo" ), Returns a new string
expected at least once: isAlive, Returns a new string
expected at least once: closeConnection, Returns a new string

	at org.jmock.core.AbstractDynamicMock.mockInvocation(AbstractDynamicMock.java:96)
	at org.jmock.core.CoreMock.invoke(CoreMock.java:39)
	at com.sun.proxy.$Proxy0.createConnection(Unknown Source)
	at com.collabnet.ccf.core.eis.connection.ConnectionPool.createConnection(ConnectionPool.java:423)
	at com.collabnet.ccf.core.eis.connection.ConnectionPool.getConnection(ConnectionPool.java:203)
	at com.collabnet.ccf.core.eis.connection.ConnectionManager.getConnectionToUpdateOrExtractArtifact(ConnectionManager.java:188)
	at com.collabnet.ccf.core.eis.connection.MutliThreadedConnectionManagerTest$2.runTestCase(MutliThreadedConnectionManagerTest.java:154)
	at com.collabnet.ccf.core.eis.connection.MutliThreadedConnectionManagerTest$TestCaseRunnable.run(MutliThreadedConnectionManagerTest.java:41)
	at java.lang.Thread.run(Thread.java:750)

com.collabnet.ccf.core.eis.connection.MutliThreadedConnectionManagerTest.testMultipleGetConnectionWithMultiThreads -- Time elapsed: 0.101 s <<< FAILURE!
org.jmock.core.DynamicMockError: 
mockConnectionFactory: unexpected invocation
Invoked: mockConnectionFactory.createConnection("sid12", "skind12", "rid12", "rkind12", "cinfo12", "crinfo12", <com.collabnet.ccf.core.eis.connection.ConnectionManager@51ea8013>)
Allowed:
expected at least once: createConnection( a string containing "sid", a string containing "skind", a string containing "rid", a string containing "rkind", a string containing "cinfo", a string containing "crinfo" ), Returns a new string
expected at least once: isAlive, Returns a new string
expected at least once: closeConnection, Returns a new string

	at org.jmock.core.AbstractDynamicMock.mockInvocation(AbstractDynamicMock.java:96)
	at org.jmock.core.CoreMock.invoke(CoreMock.java:39)
	at com.sun.proxy.$Proxy0.createConnection(Unknown Source)
	at com.collabnet.ccf.core.eis.connection.ConnectionPool.createConnection(ConnectionPool.java:423)
	at com.collabnet.ccf.core.eis.connection.ConnectionPool.getConnection(ConnectionPool.java:203)
	at com.collabnet.ccf.core.eis.connection.ConnectionManager.getConnectionToUpdateOrExtractArtifact(ConnectionManager.java:188)
	at com.collabnet.ccf.core.eis.connection.MutliThreadedConnectionManagerTest$2.runTestCase(MutliThreadedConnectionManagerTest.java:154)
	at com.collabnet.ccf.core.eis.connection.MutliThreadedConnectionManagerTest$TestCaseRunnable.run(MutliThreadedConnectionManagerTest.java:41)
	at java.lang.Thread.run(Thread.java:750)

com.collabnet.ccf.core.eis.connection.MutliThreadedConnectionManagerTest.testMultipleGetConnectionWithMultiThreads -- Time elapsed: 0.101 s <<< FAILURE!
org.jmock.core.DynamicMockError: 
mockConnectionFactory: unexpected invocation
Invoked: mockConnectionFactory.createConnection("sid12", "skind12", "rid12", "rkind12", "cinfo12", "crinfo12", <com.collabnet.ccf.core.eis.connection.ConnectionManager@51ea8013>)
Allowed:
expected at least once: createConnection( a string containing "sid", a string containing "skind", a string containing "rid", a string containing "rkind", a string containing "cinfo", a string containing "crinfo" ), Returns a new string
expected at least once: isAlive, Returns a new string
expected at least once: closeConnection, Returns a new string

	at org.jmock.core.AbstractDynamicMock.mockInvocation(AbstractDynamicMock.java:96)
	at org.jmock.core.CoreMock.invoke(CoreMock.java:39)
	at com.sun.proxy.$Proxy0.createConnection(Unknown Source)
	at com.collabnet.ccf.core.eis.connection.ConnectionPool.createConnection(ConnectionPool.java:423)
	at com.collabnet.ccf.core.eis.connection.ConnectionPool.getConnection(ConnectionPool.java:203)
	at com.collabnet.ccf.core.eis.connection.ConnectionManager.getConnectionToUpdateOrExtractArtifact(ConnectionManager.java:188)
	at com.collabnet.ccf.core.eis.connection.MutliThreadedConnectionManagerTest$2.runTestCase(MutliThreadedConnectionManagerTest.java:154)
	at com.collabnet.ccf.core.eis.connection.MutliThreadedConnectionManagerTest$TestCaseRunnable.run(MutliThreadedConnectionManagerTest.java:41)
	at java.lang.Thread.run(Thread.java:750)

com.collabnet.ccf.core.eis.connection.MutliThreadedConnectionManagerTest.testMultipleGetConnectionWithMultiThreads -- Time elapsed: 0.101 s <<< FAILURE!
org.jmock.core.DynamicMockError: 
mockConnectionFactory: unexpected invocation
Invoked: mockConnectionFactory.createConnection("sid12", "skind12", "rid12", "rkind12", "cinfo12", "crinfo12", <com.collabnet.ccf.core.eis.connection.ConnectionManager@51ea8013>)
Allowed:
expected at least once: createConnection( a string containing "sid", a string containing "skind", a string containing "rid", a string containing "rkind", a string containing "cinfo", a string containing "crinfo" ), Returns a new string
expected at least once: isAlive, Returns a new string
expected at least once: closeConnection, Returns a new string

	at org.jmock.core.AbstractDynamicMock.mockInvocation(AbstractDynamicMock.java:96)
	at org.jmock.core.CoreMock.invoke(CoreMock.java:39)
	at com.sun.proxy.$Proxy0.createConnection(Unknown Source)
	at com.collabnet.ccf.core.eis.connection.ConnectionPool.createConnection(ConnectionPool.java:423)
	at com.collabnet.ccf.core.eis.connection.ConnectionPool.getConnection(ConnectionPool.java:203)
	at com.collabnet.ccf.core.eis.connection.ConnectionManager.getConnectionToUpdateOrExtractArtifact(ConnectionManager.java:188)
	at com.collabnet.ccf.core.eis.connection.MutliThreadedConnectionManagerTest$2.runTestCase(MutliThreadedConnectionManagerTest.java:154)
	at com.collabnet.ccf.core.eis.connection.MutliThreadedConnectionManagerTest$TestCaseRunnable.run(MutliThreadedConnectionManagerTest.java:41)
	at java.lang.Thread.run(Thread.java:750)

com.collabnet.ccf.core.eis.connection.MutliThreadedConnectionManagerTest.testMultipleGetConnectionWithMultiThreads -- Time elapsed: 0.101 s <<< FAILURE!
org.jmock.core.DynamicMockError: 
mockConnectionFactory: unexpected invocation
Invoked: mockConnectionFactory.createConnection("sid12", "skind12", "rid12", "rkind12", "cinfo12", "crinfo12", <com.collabnet.ccf.core.eis.connection.ConnectionManager@51ea8013>)
Allowed:
expected at least once: createConnection( a string containing "sid", a string containing "skind", a string containing "rid", a string containing "rkind", a string containing "cinfo", a string containing "crinfo" ), Returns a new string
expected at least once: isAlive, Returns a new string
expected at least once: closeConnection, Returns a new string

	at org.jmock.core.AbstractDynamicMock.mockInvocation(AbstractDynamicMock.java:96)
	at org.jmock.core.CoreMock.invoke(CoreMock.java:39)
	at com.sun.proxy.$Proxy0.createConnection(Unknown Source)
	at com.collabnet.ccf.core.eis.connection.ConnectionPool.createConnection(ConnectionPool.java:423)
	at com.collabnet.ccf.core.eis.connection.ConnectionPool.getConnection(ConnectionPool.java:203)
	at com.collabnet.ccf.core.eis.connection.ConnectionManager.getConnectionToUpdateOrExtractArtifact(ConnectionManager.java:188)
	at com.collabnet.ccf.core.eis.connection.MutliThreadedConnectionManagerTest$2.runTestCase(MutliThreadedConnectionManagerTest.java:154)
	at com.collabnet.ccf.core.eis.connection.MutliThreadedConnectionManagerTest$TestCaseRunnable.run(MutliThreadedConnectionManagerTest.java:41)
	at java.lang.Thread.run(Thread.java:750)

com.collabnet.ccf.core.eis.connection.MutliThreadedConnectionManagerTest.testMultipleGetConnectionWithMultiThreads -- Time elapsed: 0.101 s <<< FAILURE!
org.jmock.core.DynamicMockError: 
mockConnectionFactory: unexpected invocation
Invoked: mockConnectionFactory.createConnection("sid12", "skind12", "rid12", "rkind12", "cinfo12", "crinfo12", <com.collabnet.ccf.core.eis.connection.ConnectionManager@51ea8013>)
Allowed:
expected at least once: createConnection( a string containing "sid", a string containing "skind", a string containing "rid", a string containing "rkind", a string containing "cinfo", a string containing "crinfo" ), Returns a new string
expected at least once: isAlive, Returns a new string
expected at least once: closeConnection, Returns a new string

	at org.jmock.core.AbstractDynamicMock.mockInvocation(AbstractDynamicMock.java:96)
	at org.jmock.core.CoreMock.invoke(CoreMock.java:39)
	at com.sun.proxy.$Proxy0.createConnection(Unknown Source)
	at com.collabnet.ccf.core.eis.connection.ConnectionPool.createConnection(ConnectionPool.java:423)
	at com.collabnet.ccf.core.eis.connection.ConnectionPool.getConnection(ConnectionPool.java:203)
	at com.collabnet.ccf.core.eis.connection.ConnectionManager.getConnectionToUpdateOrExtractArtifact(ConnectionManager.java:188)
	at com.collabnet.ccf.core.eis.connection.MutliThreadedConnectionManagerTest$2.runTestCase(MutliThreadedConnectionManagerTest.java:154)
	at com.collabnet.ccf.core.eis.connection.MutliThreadedConnectionManagerTest$TestCaseRunnable.run(MutliThreadedConnectionManagerTest.java:41)
	at java.lang.Thread.run(Thread.java:750)

com.collabnet.ccf.core.eis.connection.MutliThreadedConnectionManagerTest.testMultipleGetConnectionWithMultiThreads -- Time elapsed: 0.101 s <<< FAILURE!
org.jmock.core.DynamicMockError: 
mockConnectionFactory: unexpected invocation
Invoked: mockConnectionFactory.createConnection("sid12", "skind12", "rid12", "rkind12", "cinfo12", "crinfo12", <com.collabnet.ccf.core.eis.connection.ConnectionManager@51ea8013>)
Allowed:
expected at least once: createConnection( a string containing "sid", a string containing "skind", a string containing "rid", a string containing "rkind", a string containing "cinfo", a string containing "crinfo" ), Returns a new string
expected at least once: isAlive, Returns a new string
expected at least once: closeConnection, Returns a new string

	at org.jmock.core.AbstractDynamicMock.mockInvocation(AbstractDynamicMock.java:96)
	at org.jmock.core.CoreMock.invoke(CoreMock.java:39)
	at com.sun.proxy.$Proxy0.createConnection(Unknown Source)
	at com.collabnet.ccf.core.eis.connection.ConnectionPool.createConnection(ConnectionPool.java:423)
	at com.collabnet.ccf.core.eis.connection.ConnectionPool.getConnection(ConnectionPool.java:203)
	at com.collabnet.ccf.core.eis.connection.ConnectionManager.getConnectionToUpdateOrExtractArtifact(ConnectionManager.java:188)
	at com.collabnet.ccf.core.eis.connection.MutliThreadedConnectionManagerTest$2.runTestCase(MutliThreadedConnectionManagerTest.java:154)
	at com.collabnet.ccf.core.eis.connection.MutliThreadedConnectionManagerTest$TestCaseRunnable.run(MutliThreadedConnectionManagerTest.java:41)
	at java.lang.Thread.run(Thread.java:750)

com.collabnet.ccf.core.eis.connection.MutliThreadedConnectionManagerTest.testMultipleGetConnectionWithMultiThreads -- Time elapsed: 0.101 s <<< FAILURE!
org.jmock.core.DynamicMockError: 
mockConnectionFactory: unexpected invocation
Invoked: mockConnectionFactory.createConnection("sid12", "skind12", "rid12", "rkind12", "cinfo12", "crinfo12", <com.collabnet.ccf.core.eis.connection.ConnectionManager@51ea8013>)
Allowed:
expected at least once: createConnection( a string containing "sid", a string containing "skind", a string containing "rid", a string containing "rkind", a string containing "cinfo", a string containing "crinfo" ), Returns a new string
expected at least once: isAlive, Returns a new string
expected at least once: closeConnection, Returns a new string

	at org.jmock.core.AbstractDynamicMock.mockInvocation(AbstractDynamicMock.java:96)
	at org.jmock.core.CoreMock.invoke(CoreMock.java:39)
	at com.sun.proxy.$Proxy0.createConnection(Unknown Source)
	at com.collabnet.ccf.core.eis.connection.ConnectionPool.createConnection(ConnectionPool.java:423)
	at com.collabnet.ccf.core.eis.connection.ConnectionPool.getConnection(ConnectionPool.java:203)
	at com.collabnet.ccf.core.eis.connection.ConnectionManager.getConnectionToUpdateOrExtractArtifact(ConnectionManager.java:188)
	at com.collabnet.ccf.core.eis.connection.MutliThreadedConnectionManagerTest$2.runTestCase(MutliThreadedConnectionManagerTest.java:154)
	at com.collabnet.ccf.core.eis.connection.MutliThreadedConnectionManagerTest$TestCaseRunnable.run(MutliThreadedConnectionManagerTest.java:41)
	at java.lang.Thread.run(Thread.java:750)

com.collabnet.ccf.core.eis.connection.MutliThreadedConnectionManagerTest.testMultipleGetConnectionWithMultiThreads -- Time elapsed: 0.101 s <<< FAILURE!
org.jmock.core.DynamicMockError: 
mockConnectionFactory: unexpected invocation
Invoked: mockConnectionFactory.createConnection("sid12", "skind12", "rid12", "rkind12", "cinfo12", "crinfo12", <com.collabnet.ccf.core.eis.connection.ConnectionManager@51ea8013>)
Allowed:
expected at least once: createConnection( a string containing "sid", a string containing "skind", a string containing "rid", a string containing "rkind", a string containing "cinfo", a string containing "crinfo" ), Returns a new string
expected at least once: isAlive, Returns a new string
expected at least once: closeConnection, Returns a new string

	at org.jmock.core.AbstractDynamicMock.mockInvocation(AbstractDynamicMock.java:96)
	at org.jmock.core.CoreMock.invoke(CoreMock.java:39)
	at com.sun.proxy.$Proxy0.createConnection(Unknown Source)
	at com.collabnet.ccf.core.eis.connection.ConnectionPool.createConnection(ConnectionPool.java:423)
	at com.collabnet.ccf.core.eis.connection.ConnectionPool.getConnection(ConnectionPool.java:203)
	at com.collabnet.ccf.core.eis.connection.ConnectionManager.getConnectionToUpdateOrExtractArtifact(ConnectionManager.java:188)
	at com.collabnet.ccf.core.eis.connection.MutliThreadedConnectionManagerTest$2.runTestCase(MutliThreadedConnectionManagerTest.java:154)
	at com.collabnet.ccf.core.eis.connection.MutliThreadedConnectionManagerTest$TestCaseRunnable.run(MutliThreadedConnectionManagerTest.java:41)
	at java.lang.Thread.run(Thread.java:750)

com.collabnet.ccf.core.eis.connection.MutliThreadedConnectionManagerTest.testMultipleGetConnectionWithMultiThreads -- Time elapsed: 0.102 s <<< FAILURE!
org.jmock.core.DynamicMockError: 
mockConnectionFactory: unexpected invocation
Invoked: mockConnectionFactory.createConnection("sid12", "skind12", "rid12", "rkind12", "cinfo12", "crinfo12", <com.collabnet.ccf.core.eis.connection.ConnectionManager@51ea8013>)
Allowed:
expected at least once: createConnection( a string containing "sid", a string containing "skind", a string containing "rid", a string containing "rkind", a string containing "cinfo", a string containing "crinfo" ), Returns a new string
expected at least once: isAlive, Returns a new string
expected at least once: closeConnection, Returns a new string

	at org.jmock.core.AbstractDynamicMock.mockInvocation(AbstractDynamicMock.java:96)
	at org.jmock.core.CoreMock.invoke(CoreMock.java:39)
	at com.sun.proxy.$Proxy0.createConnection(Unknown Source)
	at com.collabnet.ccf.core.eis.connection.ConnectionPool.createConnection(ConnectionPool.java:423)
	at com.collabnet.ccf.core.eis.connection.ConnectionPool.getConnection(ConnectionPool.java:203)
	at com.collabnet.ccf.core.eis.connection.ConnectionManager.getConnectionToUpdateOrExtractArtifact(ConnectionManager.java:188)
	at com.collabnet.ccf.core.eis.connection.MutliThreadedConnectionManagerTest$2.runTestCase(MutliThreadedConnectionManagerTest.java:154)
	at com.collabnet.ccf.core.eis.connection.MutliThreadedConnectionManagerTest$TestCaseRunnable.run(MutliThreadedConnectionManagerTest.java:41)
	at java.lang.Thread.run(Thread.java:750)

com.collabnet.ccf.core.eis.connection.MutliThreadedConnectionManagerTest.testMultipleGetConnectionWithMultiThreads -- Time elapsed: 0.102 s <<< FAILURE!
org.jmock.core.DynamicMockError: 
mockConnectionFactory: unexpected invocation
Invoked: mockConnectionFactory.createConnection("sid12", "skind12", "rid12", "rkind12", "cinfo12", "crinfo12", <com.collabnet.ccf.core.eis.connection.ConnectionManager@51ea8013>)
Allowed:
expected at least once: createConnection( a string containing "sid", a string containing "skind", a string containing "rid", a string containing "rkind", a string containing "cinfo", a string containing "crinfo" ), Returns a new string
expected at least once: isAlive, Returns a new string
expected at least once: closeConnection, Returns a new string

	at org.jmock.core.AbstractDynamicMock.mockInvocation(AbstractDynamicMock.java:96)
	at org.jmock.core.CoreMock.invoke(CoreMock.java:39)
	at com.sun.proxy.$Proxy0.createConnection(Unknown Source)
	at com.collabnet.ccf.core.eis.connection.ConnectionPool.createConnection(ConnectionPool.java:423)
	at com.collabnet.ccf.core.eis.connection.ConnectionPool.getConnection(ConnectionPool.java:203)
	at com.collabnet.ccf.core.eis.connection.ConnectionManager.getConnectionToUpdateOrExtractArtifact(ConnectionManager.java:188)
	at com.collabnet.ccf.core.eis.connection.MutliThreadedConnectionManagerTest$2.runTestCase(MutliThreadedConnectionManagerTest.java:154)
	at com.collabnet.ccf.core.eis.connection.MutliThreadedConnectionManagerTest$TestCaseRunnable.run(MutliThreadedConnectionManagerTest.java:41)
	at java.lang.Thread.run(Thread.java:750)

com.collabnet.ccf.core.eis.connection.MutliThreadedConnectionManagerTest.testMultipleGetConnectionWithMultiThreads -- Time elapsed: 0.102 s <<< FAILURE!
org.jmock.core.DynamicMockError: 
mockConnectionFactory: unexpected invocation
Invoked: mockConnectionFactory.createConnection("sid12", "skind12", "rid12", "rkind12", "cinfo12", "crinfo12", <com.collabnet.ccf.core.eis.connection.ConnectionManager@51ea8013>)
Allowed:
expected at least once: createConnection( a string containing "sid", a string containing "skind", a string containing "rid", a string containing "rkind", a string containing "cinfo", a string containing "crinfo" ), Returns a new string
expected at least once: isAlive, Returns a new string
expected at least once: closeConnection, Returns a new string

	at org.jmock.core.AbstractDynamicMock.mockInvocation(AbstractDynamicMock.java:96)
	at org.jmock.core.CoreMock.invoke(CoreMock.java:39)
	at com.sun.proxy.$Proxy0.createConnection(Unknown Source)
	at com.collabnet.ccf.core.eis.connection.ConnectionPool.createConnection(ConnectionPool.java:423)
	at com.collabnet.ccf.core.eis.connection.ConnectionPool.getConnection(ConnectionPool.java:203)
	at com.collabnet.ccf.core.eis.connection.ConnectionManager.getConnectionToUpdateOrExtractArtifact(ConnectionManager.java:188)
	at com.collabnet.ccf.core.eis.connection.MutliThreadedConnectionManagerTest$2.runTestCase(MutliThreadedConnectionManagerTest.java:154)
	at com.collabnet.ccf.core.eis.connection.MutliThreadedConnectionManagerTest$TestCaseRunnable.run(MutliThreadedConnectionManagerTest.java:41)
	at java.lang.Thread.run(Thread.java:750)

com.collabnet.ccf.core.eis.connection.MutliThreadedConnectionManagerTest.testMultipleGetConnectionWithMultiThreads -- Time elapsed: 0.102 s <<< FAILURE!
org.jmock.core.DynamicMockError: 
mockConnectionFactory: unexpected invocation
Invoked: mockConnectionFactory.createConnection("sid12", "skind12", "rid12", "rkind12", "cinfo12", "crinfo12", <com.collabnet.ccf.core.eis.connection.ConnectionManager@51ea8013>)
Allowed:
expected at least once: createConnection( a string containing "sid", a string containing "skind", a string containing "rid", a string containing "rkind", a string containing "cinfo", a string containing "crinfo" ), Returns a new string
expected at least once: isAlive, Returns a new string
expected at least once: closeConnection, Returns a new string

	at org.jmock.core.AbstractDynamicMock.mockInvocation(AbstractDynamicMock.java:96)
	at org.jmock.core.CoreMock.invoke(CoreMock.java:39)
	at com.sun.proxy.$Proxy0.createConnection(Unknown Source)
	at com.collabnet.ccf.core.eis.connection.ConnectionPool.createConnection(ConnectionPool.java:423)
	at com.collabnet.ccf.core.eis.connection.ConnectionPool.getConnection(ConnectionPool.java:203)
	at com.collabnet.ccf.core.eis.connection.ConnectionManager.getConnectionToUpdateOrExtractArtifact(ConnectionManager.java:188)
	at com.collabnet.ccf.core.eis.connection.MutliThreadedConnectionManagerTest$2.runTestCase(MutliThreadedConnectionManagerTest.java:154)
	at com.collabnet.ccf.core.eis.connection.MutliThreadedConnectionManagerTest$TestCaseRunnable.run(MutliThreadedConnectionManagerTest.java:41)
	at java.lang.Thread.run(Thread.java:750)

com.collabnet.ccf.core.eis.connection.MutliThreadedConnectionManagerTest.testMultipleGetConnectionWithMultiThreads -- Time elapsed: 0.102 s <<< FAILURE!
org.jmock.core.DynamicMockError: 
mockConnectionFactory: unexpected invocation
Invoked: mockConnectionFactory.createConnection("sid12", "skind12", "rid12", "rkind12", "cinfo12", "crinfo12", <com.collabnet.ccf.core.eis.connection.ConnectionManager@51ea8013>)
Allowed:
expected at least once: createConnection( a string containing "sid", a string containing "skind", a string containing "rid", a string containing "rkind", a string containing "cinfo", a string containing "crinfo" ), Returns a new string
expected at least once: isAlive, Returns a new string
expected at least once: closeConnection, Returns a new string

	at org.jmock.core.AbstractDynamicMock.mockInvocation(AbstractDynamicMock.java:96)
	at org.jmock.core.CoreMock.invoke(CoreMock.java:39)
	at com.sun.proxy.$Proxy0.createConnection(Unknown Source)
	at com.collabnet.ccf.core.eis.connection.ConnectionPool.createConnection(ConnectionPool.java:423)
	at com.collabnet.ccf.core.eis.connection.ConnectionPool.getConnection(ConnectionPool.java:203)
	at com.collabnet.ccf.core.eis.connection.ConnectionManager.getConnectionToUpdateOrExtractArtifact(ConnectionManager.java:188)
	at com.collabnet.ccf.core.eis.connection.MutliThreadedConnectionManagerTest$2.runTestCase(MutliThreadedConnectionManagerTest.java:154)
	at com.collabnet.ccf.core.eis.connection.MutliThreadedConnectionManagerTest$TestCaseRunnable.run(MutliThreadedConnectionManagerTest.java:41)
	at java.lang.Thread.run(Thread.java:750)

com.collabnet.ccf.core.eis.connection.MutliThreadedConnectionManagerTest.testMultipleGetConnectionWithMultiThreads -- Time elapsed: 0.102 s <<< FAILURE!
org.jmock.core.DynamicMockError: 
mockConnectionFactory: unexpected invocation
Invoked: mockConnectionFactory.createConnection("sid12", "skind12", "rid12", "rkind12", "cinfo12", "crinfo12", <com.collabnet.ccf.core.eis.connection.ConnectionManager@51ea8013>)
Allowed:
expected at least once: createConnection( a string containing "sid", a string containing "skind", a string containing "rid", a string containing "rkind", a string containing "cinfo", a string containing "crinfo" ), Returns a new string
expected at least once: isAlive, Returns a new string
expected at least once: closeConnection, Returns a new string

	at org.jmock.core.AbstractDynamicMock.mockInvocation(AbstractDynamicMock.java:96)
	at org.jmock.core.CoreMock.invoke(CoreMock.java:39)
	at com.sun.proxy.$Proxy0.createConnection(Unknown Source)
	at com.collabnet.ccf.core.eis.connection.ConnectionPool.createConnection(ConnectionPool.java:423)
	at com.collabnet.ccf.core.eis.connection.ConnectionPool.getConnection(ConnectionPool.java:203)
	at com.collabnet.ccf.core.eis.connection.ConnectionManager.getConnectionToUpdateOrExtractArtifact(ConnectionManager.java:188)
	at com.collabnet.ccf.core.eis.connection.MutliThreadedConnectionManagerTest$2.runTestCase(MutliThreadedConnectionManagerTest.java:154)
	at com.collabnet.ccf.core.eis.connection.MutliThreadedConnectionManagerTest$TestCaseRunnable.run(MutliThreadedConnectionManagerTest.java:41)
	at java.lang.Thread.run(Thread.java:750)

com.collabnet.ccf.core.eis.connection.MutliThreadedConnectionManagerTest.testMultipleGetConnectionWithMultiThreads -- Time elapsed: 0.103 s <<< FAILURE!
org.jmock.core.DynamicMockError: 
mockConnectionFactory: unexpected invocation
Invoked: mockConnectionFactory.createConnection("sid12", "skind12", "rid12", "rkind12", "cinfo12", "crinfo12", <com.collabnet.ccf.core.eis.connection.ConnectionManager@51ea8013>)
Allowed:
expected at least once: createConnection( a string containing "sid", a string containing "skind", a string containing "rid", a string containing "rkind", a string containing "cinfo", a string containing "crinfo" ), Returns a new string
expected at least once: isAlive, Returns a new string
expected at least once: closeConnection, Returns a new string

	at org.jmock.core.AbstractDynamicMock.mockInvocation(AbstractDynamicMock.java:96)
	at org.jmock.core.CoreMock.invoke(CoreMock.java:39)
	at com.sun.proxy.$Proxy0.createConnection(Unknown Source)
	at com.collabnet.ccf.core.eis.connection.ConnectionPool.createConnection(ConnectionPool.java:423)
	at com.collabnet.ccf.core.eis.connection.ConnectionPool.getConnection(ConnectionPool.java:203)
	at com.collabnet.ccf.core.eis.connection.ConnectionManager.getConnectionToUpdateOrExtractArtifact(ConnectionManager.java:188)
	at com.collabnet.ccf.core.eis.connection.MutliThreadedConnectionManagerTest$2.runTestCase(MutliThreadedConnectionManagerTest.java:154)
	at com.collabnet.ccf.core.eis.connection.MutliThreadedConnectionManagerTest$TestCaseRunnable.run(MutliThreadedConnectionManagerTest.java:41)
	at java.lang.Thread.run(Thread.java:750)

com.collabnet.ccf.core.eis.connection.MutliThreadedConnectionManagerTest.testMultipleGetConnectionWithMultiThreads -- Time elapsed: 0.103 s <<< FAILURE!
org.jmock.core.DynamicMockError: 
mockConnectionFactory: unexpected invocation
Invoked: mockConnectionFactory.createConnection("sid12", "skind12", "rid12", "rkind12", "cinfo12", "crinfo12", <com.collabnet.ccf.core.eis.connection.ConnectionManager@51ea8013>)
Allowed:
expected at least once: createConnection( a string containing "sid", a string containing "skind", a string containing "rid", a string containing "rkind", a string containing "cinfo", a string containing "crinfo" ), Returns a new string
expected at least once: isAlive, Returns a new string
expected at least once: closeConnection, Returns a new string

	at org.jmock.core.AbstractDynamicMock.mockInvocation(AbstractDynamicMock.java:96)
	at org.jmock.core.CoreMock.invoke(CoreMock.java:39)
	at com.sun.proxy.$Proxy0.createConnection(Unknown Source)
	at com.collabnet.ccf.core.eis.connection.ConnectionPool.createConnection(ConnectionPool.java:423)
	at com.collabnet.ccf.core.eis.connection.ConnectionPool.getConnection(ConnectionPool.java:203)
	at com.collabnet.ccf.core.eis.connection.ConnectionManager.getConnectionToUpdateOrExtractArtifact(ConnectionManager.java:188)
	at com.collabnet.ccf.core.eis.connection.MutliThreadedConnectionManagerTest$2.runTestCase(MutliThreadedConnectionManagerTest.java:154)
	at com.collabnet.ccf.core.eis.connection.MutliThreadedConnectionManagerTest$TestCaseRunnable.run(MutliThreadedConnectionManagerTest.java:41)
	at java.lang.Thread.run(Thread.java:750)

com.collabnet.ccf.core.eis.connection.MutliThreadedConnectionManagerTest.testMultipleGetConnectionWithMultiThreads -- Time elapsed: 0.103 s <<< FAILURE!
org.jmock.core.DynamicMockError: 
mockConnectionFactory: unexpected invocation
Invoked: mockConnectionFactory.createConnection("sid12", "skind12", "rid12", "rkind12", "cinfo12", "crinfo12", <com.collabnet.ccf.core.eis.connection.ConnectionManager@51ea8013>)
Allowed:
expected at least once: createConnection( a string containing "sid", a string containing "skind", a string containing "rid", a string containing "rkind", a string containing "cinfo", a string containing "crinfo" ), Returns a new string
expected at least once: isAlive, Returns a new string
expected at least once: closeConnection, Returns a new string

	at org.jmock.core.AbstractDynamicMock.mockInvocation(AbstractDynamicMock.java:96)
	at org.jmock.core.CoreMock.invoke(CoreMock.java:39)
	at com.sun.proxy.$Proxy0.createConnection(Unknown Source)
	at com.collabnet.ccf.core.eis.connection.ConnectionPool.createConnection(ConnectionPool.java:423)
	at com.collabnet.ccf.core.eis.connection.ConnectionPool.getConnection(ConnectionPool.java:203)
	at com.collabnet.ccf.core.eis.connection.ConnectionManager.getConnectionToUpdateOrExtractArtifact(ConnectionManager.java:188)
	at com.collabnet.ccf.core.eis.connection.MutliThreadedConnectionManagerTest$2.runTestCase(MutliThreadedConnectionManagerTest.java:154)
	at com.collabnet.ccf.core.eis.connection.MutliThreadedConnectionManagerTest$TestCaseRunnable.run(MutliThreadedConnectionManagerTest.java:41)
	at java.lang.Thread.run(Thread.java:750)

com.collabnet.ccf.core.eis.connection.MutliThreadedConnectionManagerTest.testMultipleGetConnectionWithMultiThreads -- Time elapsed: 0.103 s <<< FAILURE!
org.jmock.core.DynamicMockError: 
mockConnectionFactory: unexpected invocation
Invoked: mockConnectionFactory.createConnection("sid12", "skind12", "rid12", "rkind12", "cinfo12", "crinfo12", <com.collabnet.ccf.core.eis.connection.ConnectionManager@51ea8013>)
Allowed:
expected at least once: createConnection( a string containing "sid", a string containing "skind", a string containing "rid", a string containing "rkind", a string containing "cinfo", a string containing "crinfo" ), Returns a new string
expected at least once: isAlive, Returns a new string
expected at least once: closeConnection, Returns a new string

	at org.jmock.core.AbstractDynamicMock.mockInvocation(AbstractDynamicMock.java:96)
	at org.jmock.core.CoreMock.invoke(CoreMock.java:39)
	at com.sun.proxy.$Proxy0.createConnection(Unknown Source)
	at com.collabnet.ccf.core.eis.connection.ConnectionPool.createConnection(ConnectionPool.java:423)
	at com.collabnet.ccf.core.eis.connection.ConnectionPool.getConnection(ConnectionPool.java:203)
	at com.collabnet.ccf.core.eis.connection.ConnectionManager.getConnectionToUpdateOrExtractArtifact(ConnectionManager.java:188)
	at com.collabnet.ccf.core.eis.connection.MutliThreadedConnectionManagerTest$2.runTestCase(MutliThreadedConnectionManagerTest.java:154)
	at com.collabnet.ccf.core.eis.connection.MutliThreadedConnectionManagerTest$TestCaseRunnable.run(MutliThreadedConnectionManagerTest.java:41)
	at java.lang.Thread.run(Thread.java:750)

com.collabnet.ccf.core.eis.connection.MutliThreadedConnectionManagerTest.testMultipleGetConnectionWithMultiThreads -- Time elapsed: 0.103 s <<< FAILURE!
org.jmock.core.DynamicMockError: 
mockConnectionFactory: unexpected invocation
Invoked: mockConnectionFactory.createConnection("sid12", "skind12", "rid12", "rkind12", "cinfo12", "crinfo12", <com.collabnet.ccf.core.eis.connection.ConnectionManager@51ea8013>)
Allowed:
expected at least once: createConnection( a string containing "sid", a string containing "skind", a string containing "rid", a string containing "rkind", a string containing "cinfo", a string containing "crinfo" ), Returns a new string
expected at least once: isAlive, Returns a new string
expected at least once: closeConnection, Returns a new string

	at org.jmock.core.AbstractDynamicMock.mockInvocation(AbstractDynamicMock.java:96)
	at org.jmock.core.CoreMock.invoke(CoreMock.java:39)
	at com.sun.proxy.$Proxy0.createConnection(Unknown Source)
	at com.collabnet.ccf.core.eis.connection.ConnectionPool.createConnection(ConnectionPool.java:423)
	at com.collabnet.ccf.core.eis.connection.ConnectionPool.getConnection(ConnectionPool.java:203)
	at com.collabnet.ccf.core.eis.connection.ConnectionManager.getConnectionToUpdateOrExtractArtifact(ConnectionManager.java:188)
	at com.collabnet.ccf.core.eis.connection.MutliThreadedConnectionManagerTest$2.runTestCase(MutliThreadedConnectionManagerTest.java:154)
	at com.collabnet.ccf.core.eis.connection.MutliThreadedConnectionManagerTest$TestCaseRunnable.run(MutliThreadedConnectionManagerTest.java:41)
	at java.lang.Thread.run(Thread.java:750)

com.collabnet.ccf.core.eis.connection.MutliThreadedConnectionManagerTest.testMultipleGetConnectionWithMultiThreads -- Time elapsed: 0.103 s <<< FAILURE!
org.jmock.core.DynamicMockError: 
mockConnectionFactory: unexpected invocation
Invoked: mockConnectionFactory.createConnection("sid12", "skind12", "rid12", "rkind12", "cinfo12", "crinfo12", <com.collabnet.ccf.core.eis.connection.ConnectionManager@51ea8013>)
Allowed:
expected at least once: createConnection( a string containing "sid", a string containing "skind", a string containing "rid", a string containing "rkind", a string containing "cinfo", a string containing "crinfo" ), Returns a new string
expected at least once: isAlive, Returns a new string
expected at least once: closeConnection, Returns a new string

	at org.jmock.core.AbstractDynamicMock.mockInvocation(AbstractDynamicMock.java:96)
	at org.jmock.core.CoreMock.invoke(CoreMock.java:39)
	at com.sun.proxy.$Proxy0.createConnection(Unknown Source)
	at com.collabnet.ccf.core.eis.connection.ConnectionPool.createConnection(ConnectionPool.java:423)
	at com.collabnet.ccf.core.eis.connection.ConnectionPool.getConnection(ConnectionPool.java:203)
	at com.collabnet.ccf.core.eis.connection.ConnectionManager.getConnectionToUpdateOrExtractArtifact(ConnectionManager.java:188)
	at com.collabnet.ccf.core.eis.connection.MutliThreadedConnectionManagerTest$2.runTestCase(MutliThreadedConnectionManagerTest.java:154)
	at com.collabnet.ccf.core.eis.connection.MutliThreadedConnectionManagerTest$TestCaseRunnable.run(MutliThreadedConnectionManagerTest.java:41)
	at java.lang.Thread.run(Thread.java:750)

com.collabnet.ccf.core.eis.connection.MutliThreadedConnectionManagerTest.testMultipleGetConnectionWithMultiThreads -- Time elapsed: 0.103 s <<< FAILURE!
org.jmock.core.DynamicMockError: 
mockConnectionFactory: unexpected invocation
Invoked: mockConnectionFactory.createConnection("sid12", "skind12", "rid12", "rkind12", "cinfo12", "crinfo12", <com.collabnet.ccf.core.eis.connection.ConnectionManager@51ea8013>)
Allowed:
[...]
	at com.collabnet.ccf.core.eis.connection.ConnectionPool.createConnection(ConnectionPool.java:423)
	at com.collabnet.ccf.core.eis.connection.ConnectionPool.getConnection(ConnectionPool.java:203)
	at com.collabnet.ccf.core.eis.connection.ConnectionManager.getConnectionToUpdateOrExtractArtifact(ConnectionManager.java:188)
	at com.collabnet.ccf.core.eis.connection.MutliThreadedConnectionManagerTest$2.runTestCase(MutliThreadedConnectionManagerTest.java:154)
	at com.collabnet.ccf.core.eis.connection.MutliThreadedConnectionManagerTest$TestCaseRunnable.run(MutliThreadedConnectionManagerTest.java:41)
	at java.lang.Thread.run(Thread.java:750)

com.collabnet.ccf.core.eis.connection.MutliThreadedConnectionManagerTest.testMultipleGetConnectionWithMultiThreads -- Time elapsed: 0.135 s <<< FAILURE!
org.jmock.core.DynamicMockError: 
mockConnectionFactory: unexpected invocation
Invoked: mockConnectionFactory.createConnection("sid12", "skind12", "rid12", "rkind12", "cinfo12", "crinfo12", <com.collabnet.ccf.core.eis.connection.ConnectionManager@51ea8013>)
Allowed:
expected at least once: createConnection( a string containing "sid", a string containing "skind", a string containing "rid", a string containing "rkind", a string containing "cinfo", a string containing "crinfo" ), Returns a new string
expected at least once: isAlive, Returns a new string
expected at least once: closeConnection, Returns a new string

	at org.jmock.core.AbstractDynamicMock.mockInvocation(AbstractDynamicMock.java:96)
	at org.jmock.core.CoreMock.invoke(CoreMock.java:39)
	at com.sun.proxy.$Proxy0.createConnection(Unknown Source)
	at com.collabnet.ccf.core.eis.connection.ConnectionPool.createConnection(ConnectionPool.java:423)
	at com.collabnet.ccf.core.eis.connection.ConnectionPool.getConnection(ConnectionPool.java:203)
	at com.collabnet.ccf.core.eis.connection.ConnectionManager.getConnectionToUpdateOrExtractArtifact(ConnectionManager.java:188)
	at com.collabnet.ccf.core.eis.connection.MutliThreadedConnectionManagerTest$2.runTestCase(MutliThreadedConnectionManagerTest.java:154)
	at com.collabnet.ccf.core.eis.connection.MutliThreadedConnectionManagerTest$TestCaseRunnable.run(MutliThreadedConnectionManagerTest.java:41)
	at java.lang.Thread.run(Thread.java:750)

com.collabnet.ccf.core.eis.connection.MutliThreadedConnectionManagerTest.testMultipleGetConnectionWithMultiThreads -- Time elapsed: 0.136 s <<< FAILURE!
org.jmock.core.DynamicMockError: 
mockConnectionFactory: unexpected invocation
Invoked: mockConnectionFactory.createConnection("sid12", "skind12", "rid12", "rkind12", "cinfo12", "crinfo12", <com.collabnet.ccf.core.eis.connection.ConnectionManager@51ea8013>)
Allowed:
expected at least once: createConnection( a string containing "sid", a string containing "skind", a string containing "rid", a string containing "rkind", a string containing "cinfo", a string containing "crinfo" ), Returns a new string
expected at least once: isAlive, Returns a new string
expected at least once: closeConnection, Returns a new string

	at org.jmock.core.AbstractDynamicMock.mockInvocation(AbstractDynamicMock.java:96)
	at org.jmock.core.CoreMock.invoke(CoreMock.java:39)
	at com.sun.proxy.$Proxy0.createConnection(Unknown Source)
	at com.collabnet.ccf.core.eis.connection.ConnectionPool.createConnection(ConnectionPool.java:423)
	at com.collabnet.ccf.core.eis.connection.ConnectionPool.getConnection(ConnectionPool.java:203)
	at com.collabnet.ccf.core.eis.connection.ConnectionManager.getConnectionToUpdateOrExtractArtifact(ConnectionManager.java:188)
	at com.collabnet.ccf.core.eis.connection.MutliThreadedConnectionManagerTest$2.runTestCase(MutliThreadedConnectionManagerTest.java:154)
	at com.collabnet.ccf.core.eis.connection.MutliThreadedConnectionManagerTest$TestCaseRunnable.run(MutliThreadedConnectionManagerTest.java:41)
	at java.lang.Thread.run(Thread.java:750)

com.collabnet.ccf.core.eis.connection.MutliThreadedConnectionManagerTest.testMultipleGetConnectionWithMultiThreads -- Time elapsed: 0.136 s <<< FAILURE!
org.jmock.core.DynamicMockError: 
mockConnectionFactory: unexpected invocation
Invoked: mockConnectionFactory.createConnection("sid12", "skind12", "rid12", "rkind12", "cinfo12", "crinfo12", <com.collabnet.ccf.core.eis.connection.ConnectionManager@51ea8013>)
Allowed:
expected at least once: createConnection( a string containing "sid", a string containing "skind", a string containing "rid", a string containing "rkind", a string containing "cinfo", a string containing "crinfo" ), Returns a new string
expected at least once: isAlive, Returns a new string
expected at least once: closeConnection, Returns a new string

	at org.jmock.core.AbstractDynamicMock.mockInvocation(AbstractDynamicMock.java:96)
	at org.jmock.core.CoreMock.invoke(CoreMock.java:39)
	at com.sun.proxy.$Proxy0.createConnection(Unknown Source)
	at com.collabnet.ccf.core.eis.connection.ConnectionPool.createConnection(ConnectionPool.java:423)
	at com.collabnet.ccf.core.eis.connection.ConnectionPool.getConnection(ConnectionPool.java:203)
	at com.collabnet.ccf.core.eis.connection.ConnectionManager.getConnectionToUpdateOrExtractArtifact(ConnectionManager.java:188)
	at com.collabnet.ccf.core.eis.connection.MutliThreadedConnectionManagerTest$2.runTestCase(MutliThreadedConnectionManagerTest.java:154)
	at com.collabnet.ccf.core.eis.connection.MutliThreadedConnectionManagerTest$TestCaseRunnable.run(MutliThreadedConnectionManagerTest.java:41)
	at java.lang.Thread.run(Thread.java:750)

com.collabnet.ccf.core.eis.connection.MutliThreadedConnectionManagerTest.testMultipleGetConnectionWithMultiThreads -- Time elapsed: 0.138 s <<< FAILURE!
org.jmock.core.DynamicMockError: 
mockConnectionFactory: unexpected invocation
Invoked: mockConnectionFactory.createConnection("sid12", "skind12", "rid12", "rkind12", "cinfo12", "crinfo12", <com.collabnet.ccf.core.eis.connection.ConnectionManager@51ea8013>)
Allowed:
expected at least once: createConnection( a string containing "sid", a string containing "skind", a string containing "rid", a string containing "rkind", a string containing "cinfo", a string containing "crinfo" ), Returns a new string
expected at least once: isAlive, Returns a new string
expected at least once: closeConnection, Returns a new string

	at org.jmock.core.AbstractDynamicMock.mockInvocation(AbstractDynamicMock.java:96)
	at org.jmock.core.CoreMock.invoke(CoreMock.java:39)
	at com.sun.proxy.$Proxy0.createConnection(Unknown Source)
	at com.collabnet.ccf.core.eis.connection.ConnectionPool.createConnection(ConnectionPool.java:423)
	at com.collabnet.ccf.core.eis.connection.ConnectionPool.getConnection(ConnectionPool.java:203)
	at com.collabnet.ccf.core.eis.connection.ConnectionManager.getConnectionToUpdateOrExtractArtifact(ConnectionManager.java:188)
	at com.collabnet.ccf.core.eis.connection.MutliThreadedConnectionManagerTest$2.runTestCase(MutliThreadedConnectionManagerTest.java:154)
	at com.collabnet.ccf.core.eis.connection.MutliThreadedConnectionManagerTest$TestCaseRunnable.run(MutliThreadedConnectionManagerTest.java:41)
	at java.lang.Thread.run(Thread.java:750)

com.collabnet.ccf.core.eis.connection.MutliThreadedConnectionManagerTest.testMultipleGetConnectionWithMultiThreads -- Time elapsed: 0.140 s <<< FAILURE!
org.jmock.core.DynamicMockError: 
mockConnectionFactory: unexpected invocation
Invoked: mockConnectionFactory.createConnection("sid12", "skind12", "rid12", "rkind12", "cinfo12", "crinfo12", <com.collabnet.ccf.core.eis.connection.ConnectionManager@51ea8013>)
Allowed:
expected at least once: createConnection( a string containing "sid", a string containing "skind", a string containing "rid", a string containing "rkind", a string containing "cinfo", a string containing "crinfo" ), Returns a new string
expected at least once: isAlive, Returns a new string
expected at least once: closeConnection, Returns a new string

	at org.jmock.core.AbstractDynamicMock.mockInvocation(AbstractDynamicMock.java:96)
	at org.jmock.core.CoreMock.invoke(CoreMock.java:39)
	at com.sun.proxy.$Proxy0.createConnection(Unknown Source)
	at com.collabnet.ccf.core.eis.connection.ConnectionPool.createConnection(ConnectionPool.java:423)
	at com.collabnet.ccf.core.eis.connection.ConnectionPool.getConnection(ConnectionPool.java:203)
	at com.collabnet.ccf.core.eis.connection.ConnectionManager.getConnectionToUpdateOrExtractArtifact(ConnectionManager.java:188)
	at com.collabnet.ccf.core.eis.connection.MutliThreadedConnectionManagerTest$2.runTestCase(MutliThreadedConnectionManagerTest.java:154)
	at com.collabnet.ccf.core.eis.connection.MutliThreadedConnectionManagerTest$TestCaseRunnable.run(MutliThreadedConnectionManagerTest.java:41)
	at java.lang.Thread.run(Thread.java:750)

com.collabnet.ccf.core.eis.connection.MutliThreadedConnectionManagerTest.testMultipleGetConnectionWithMultiThreads -- Time elapsed: 0.140 s <<< FAILURE!
org.jmock.core.DynamicMockError: 
mockConnectionFactory: unexpected invocation
Invoked: mockConnectionFactory.createConnection("sid12", "skind12", "rid12", "rkind12", "cinfo12", "crinfo12", <com.collabnet.ccf.core.eis.connection.ConnectionManager@51ea8013>)
Allowed:
expected at least once: createConnection( a string containing "sid", a string containing "skind", a string containing "rid", a string containing "rkind", a string containing "cinfo", a string containing "crinfo" ), Returns a new string
expected at least once: isAlive, Returns a new string
expected at least once: closeConnection, Returns a new string

	at org.jmock.core.AbstractDynamicMock.mockInvocation(AbstractDynamicMock.java:96)
	at org.jmock.core.CoreMock.invoke(CoreMock.java:39)
	at com.sun.proxy.$Proxy0.createConnection(Unknown Source)
	at com.collabnet.ccf.core.eis.connection.ConnectionPool.createConnection(ConnectionPool.java:423)
	at com.collabnet.ccf.core.eis.connection.ConnectionPool.getConnection(ConnectionPool.java:203)
	at com.collabnet.ccf.core.eis.connection.ConnectionManager.getConnectionToUpdateOrExtractArtifact(ConnectionManager.java:188)
	at com.collabnet.ccf.core.eis.connection.MutliThreadedConnectionManagerTest$2.runTestCase(MutliThreadedConnectionManagerTest.java:154)
	at com.collabnet.ccf.core.eis.connection.MutliThreadedConnectionManagerTest$TestCaseRunnable.run(MutliThreadedConnectionManagerTest.java:41)
	at java.lang.Thread.run(Thread.java:750)

com.collabnet.ccf.core.eis.connection.MutliThreadedConnectionManagerTest.testMultipleGetConnectionWithMultiThreads -- Time elapsed: 0.140 s <<< FAILURE!
org.jmock.core.DynamicMockError: 
mockConnectionFactory: unexpected invocation
Invoked: mockConnectionFactory.createConnection("sid12", "skind12", "rid12", "rkind12", "cinfo12", "crinfo12", <com.collabnet.ccf.core.eis.connection.ConnectionManager@51ea8013>)
Allowed:
expected at least once: createConnection( a string containing "sid", a string containing "skind", a string containing "rid", a string containing "rkind", a string containing "cinfo", a string containing "crinfo" ), Returns a new string
expected at least once: isAlive, Returns a new string
expected at least once: closeConnection, Returns a new string

	at org.jmock.core.AbstractDynamicMock.mockInvocation(AbstractDynamicMock.java:96)
	at org.jmock.core.CoreMock.invoke(CoreMock.java:39)
	at com.sun.proxy.$Proxy0.createConnection(Unknown Source)
	at com.collabnet.ccf.core.eis.connection.ConnectionPool.createConnection(ConnectionPool.java:423)
	at com.collabnet.ccf.core.eis.connection.ConnectionPool.getConnection(ConnectionPool.java:203)
	at com.collabnet.ccf.core.eis.connection.ConnectionManager.getConnectionToUpdateOrExtractArtifact(ConnectionManager.java:188)
	at com.collabnet.ccf.core.eis.connection.MutliThreadedConnectionManagerTest$2.runTestCase(MutliThreadedConnectionManagerTest.java:154)
	at com.collabnet.ccf.core.eis.connection.MutliThreadedConnectionManagerTest$TestCaseRunnable.run(MutliThreadedConnectionManagerTest.java:41)
	at java.lang.Thread.run(Thread.java:750)

com.collabnet.ccf.core.eis.connection.MutliThreadedConnectionManagerTest.testMultipleGetConnectionWithMultiThreads -- Time elapsed: 0.140 s <<< FAILURE!
org.jmock.core.DynamicMockError: 
mockConnectionFactory: unexpected invocation
Invoked: mockConnectionFactory.createConnection("sid12", "skind12", "rid12", "rkind12", "cinfo12", "crinfo12", <com.collabnet.ccf.core.eis.connection.ConnectionManager@51ea8013>)
Allowed:
expected at least once: createConnection( a string containing "sid", a string containing "skind", a string containing "rid", a string containing "rkind", a string containing "cinfo", a string containing "crinfo" ), Returns a new string
expected at least once: isAlive, Returns a new string
expected at least once: closeConnection, Returns a new string

	at org.jmock.core.AbstractDynamicMock.mockInvocation(AbstractDynamicMock.java:96)
	at org.jmock.core.CoreMock.invoke(CoreMock.java:39)
	at com.sun.proxy.$Proxy0.createConnection(Unknown Source)
	at com.collabnet.ccf.core.eis.connection.ConnectionPool.createConnection(ConnectionPool.java:423)
	at com.collabnet.ccf.core.eis.connection.ConnectionPool.getConnection(ConnectionPool.java:203)
	at com.collabnet.ccf.core.eis.connection.ConnectionManager.getConnectionToUpdateOrExtractArtifact(ConnectionManager.java:188)
	at com.collabnet.ccf.core.eis.connection.MutliThreadedConnectionManagerTest$2.runTestCase(MutliThreadedConnectionManagerTest.java:154)
	at com.collabnet.ccf.core.eis.connection.MutliThreadedConnectionManagerTest$TestCaseRunnable.run(MutliThreadedConnectionManagerTest.java:41)
	at java.lang.Thread.run(Thread.java:750)

com.collabnet.ccf.core.eis.connection.MutliThreadedConnectionManagerTest.testMultipleGetConnectionWithMultiThreads -- Time elapsed: 0.141 s <<< FAILURE!
org.jmock.core.DynamicMockError: 
mockConnectionFactory: unexpected invocation
Invoked: mockConnectionFactory.createConnection("sid12", "skind12", "rid12", "rkind12", "cinfo12", "crinfo12", <com.collabnet.ccf.core.eis.connection.ConnectionManager@51ea8013>)
Allowed:
expected at least once: createConnection( a string containing "sid", a string containing "skind", a string containing "rid", a string containing "rkind", a string containing "cinfo", a string containing "crinfo" ), Returns a new string
expected at least once: isAlive, Returns a new string
expected at least once: closeConnection, Returns a new string

	at org.jmock.core.AbstractDynamicMock.mockInvocation(AbstractDynamicMock.java:96)
	at org.jmock.core.CoreMock.invoke(CoreMock.java:39)
	at com.sun.proxy.$Proxy0.createConnection(Unknown Source)
	at com.collabnet.ccf.core.eis.connection.ConnectionPool.createConnection(ConnectionPool.java:423)
	at com.collabnet.ccf.core.eis.connection.ConnectionPool.getConnection(ConnectionPool.java:203)
	at com.collabnet.ccf.core.eis.connection.ConnectionManager.getConnectionToUpdateOrExtractArtifact(ConnectionManager.java:188)
	at com.collabnet.ccf.core.eis.connection.MutliThreadedConnectionManagerTest$2.runTestCase(MutliThreadedConnectionManagerTest.java:154)
	at com.collabnet.ccf.core.eis.connection.MutliThreadedConnectionManagerTest$TestCaseRunnable.run(MutliThreadedConnectionManagerTest.java:41)
	at java.lang.Thread.run(Thread.java:750)

com.collabnet.ccf.core.eis.connection.MutliThreadedConnectionManagerTest.testMultipleGetConnectionWithMultiThreads -- Time elapsed: 0.141 s <<< FAILURE!
org.jmock.core.DynamicMockError: 
mockConnectionFactory: unexpected invocation
Invoked: mockConnectionFactory.createConnection("sid12", "skind12", "rid12", "rkind12", "cinfo12", "crinfo12", <com.collabnet.ccf.core.eis.connection.ConnectionManager@51ea8013>)
Allowed:
expected at least once: createConnection( a string containing "sid", a string containing "skind", a string containing "rid", a string containing "rkind", a string containing "cinfo", a string containing "crinfo" ), Returns a new string
expected at least once: isAlive, Returns a new string
expected at least once: closeConnection, Returns a new string

	at org.jmock.core.AbstractDynamicMock.mockInvocation(AbstractDynamicMock.java:96)
	at org.jmock.core.CoreMock.invoke(CoreMock.java:39)
	at com.sun.proxy.$Proxy0.createConnection(Unknown Source)
	at com.collabnet.ccf.core.eis.connection.ConnectionPool.createConnection(ConnectionPool.java:423)
	at com.collabnet.ccf.core.eis.connection.ConnectionPool.getConnection(ConnectionPool.java:203)
	at com.collabnet.ccf.core.eis.connection.ConnectionManager.getConnectionToUpdateOrExtractArtifact(ConnectionManager.java:188)
	at com.collabnet.ccf.core.eis.connection.MutliThreadedConnectionManagerTest$2.runTestCase(MutliThreadedConnectionManagerTest.java:154)
	at com.collabnet.ccf.core.eis.connection.MutliThreadedConnectionManagerTest$TestCaseRunnable.run(MutliThreadedConnectionManagerTest.java:41)
	at java.lang.Thread.run(Thread.java:750)

com.collabnet.ccf.core.eis.connection.MutliThreadedConnectionManagerTest.testMultipleGetConnectionWithMultiThreads -- Time elapsed: 0.144 s <<< FAILURE!
org.jmock.core.DynamicMockError: 
mockConnectionFactory: unexpected invocation
Invoked: mockConnectionFactory.createConnection("sid12", "skind12", "rid12", "rkind12", "cinfo12", "crinfo12", <com.collabnet.ccf.core.eis.connection.ConnectionManager@51ea8013>)
Allowed:
expected at least once: createConnection( a string containing "sid", a string containing "skind", a string containing "rid", a string containing "rkind", a string containing "cinfo", a string containing "crinfo" ), Returns a new string
expected at least once: isAlive, Returns a new string
expected at least once: closeConnection, Returns a new string

	at org.jmock.core.AbstractDynamicMock.mockInvocation(AbstractDynamicMock.java:96)
	at org.jmock.core.CoreMock.invoke(CoreMock.java:39)
	at com.sun.proxy.$Proxy0.createConnection(Unknown Source)
	at com.collabnet.ccf.core.eis.connection.ConnectionPool.createConnection(ConnectionPool.java:423)
	at com.collabnet.ccf.core.eis.connection.ConnectionPool.getConnection(ConnectionPool.java:203)
	at com.collabnet.ccf.core.eis.connection.ConnectionManager.getConnectionToUpdateOrExtractArtifact(ConnectionManager.java:188)
	at com.collabnet.ccf.core.eis.connection.MutliThreadedConnectionManagerTest$2.runTestCase(MutliThreadedConnectionManagerTest.java:154)
	at com.collabnet.ccf.core.eis.connection.MutliThreadedConnectionManagerTest$TestCaseRunnable.run(MutliThreadedConnectionManagerTest.java:41)
	at java.lang.Thread.run(Thread.java:750)

com.collabnet.ccf.core.eis.connection.MutliThreadedConnectionManagerTest.testMultipleGetConnectionWithMultiThreads -- Time elapsed: 0.146 s <<< FAILURE!
org.jmock.core.DynamicMockError: 
mockConnectionFactory: unexpected invocation
Invoked: mockConnectionFactory.createConnection("sid12", "skind12", "rid12", "rkind12", "cinfo12", "crinfo12", <com.collabnet.ccf.core.eis.connection.ConnectionManager@51ea8013>)
Allowed:
expected at least once: createConnection( a string containing "sid", a string containing "skind", a string containing "rid", a string containing "rkind", a string containing "cinfo", a string containing "crinfo" ), Returns a new string
expected at least once: isAlive, Returns a new string
expected at least once: closeConnection, Returns a new string

	at org.jmock.core.AbstractDynamicMock.mockInvocation(AbstractDynamicMock.java:96)
	at org.jmock.core.CoreMock.invoke(CoreMock.java:39)
	at com.sun.proxy.$Proxy0.createConnection(Unknown Source)
	at com.collabnet.ccf.core.eis.connection.ConnectionPool.createConnection(ConnectionPool.java:423)
	at com.collabnet.ccf.core.eis.connection.ConnectionPool.getConnection(ConnectionPool.java:203)
	at com.collabnet.ccf.core.eis.connection.ConnectionManager.getConnectionToUpdateOrExtractArtifact(ConnectionManager.java:188)
	at com.collabnet.ccf.core.eis.connection.MutliThreadedConnectionManagerTest$2.runTestCase(MutliThreadedConnectionManagerTest.java:154)
	at com.collabnet.ccf.core.eis.connection.MutliThreadedConnectionManagerTest$TestCaseRunnable.run(MutliThreadedConnectionManagerTest.java:41)
	at java.lang.Thread.run(Thread.java:750)

