<?xml version="1.0" encoding="UTF-8"?>
<testsuite xmlns:xsi="http://www.w3.org/2001/XMLSchema-instance" xsi:noNamespaceSchemaLocation="https://maven.apache.org/surefire/maven-surefire-plugin/xsd/surefire-test-report.xsd" version="3.0.2" name="com.collabnet.ccf.core.rmdhandlers.RMDFilterHandlerTest" time="0.013" tests="20" errors="0" skipped="0" failures="0" flakes="0">
  <properties>
[...]
</properties>
  <testcase name="test11Values" classname="com.collabnet.ccf.core.rmdhandlers.RMDFilterHandlerTest" time="0.002"/>
  <testcase name="test14EmptyForValues" classname="com.collabnet.ccf.core.rmdhandlers.RMDFilterHandlerTest" time="0.0"/>
  <testcase name="test15NullForValues" classname="com.collabnet.ccf.core.rmdhandlers.RMDFilterHandlerTest" time="0.0"/>
  <testcase name="test20Regex" classname="com.collabnet.ccf.core.rmdhandlers.RMDFilterHandlerTest" time="0.0"/>
  <testcase name="test24EmptyQueryForRegex" classname="com.collabnet.ccf.core.rmdhandlers.RMDFilterHandlerTest" time="0.0"/>
  <testcase name="test21RegexWithMistake" classname="com.collabnet.ccf.core.rmdhandlers.RMDFilterHandlerTest" time="0.001">
    <system-out><![CDATA[ERROR [main] AbstractRMDHandler - Invalid regex expression ^artf123.+*$
ERROR [main] AbstractRMDHandler - Invalid regex expression ^artf123.+*$
]]></system-out>
  </testcase>
  <testcase name="test30Ranges" classname="com.collabnet.ccf.core.rmdhandlers.RMDFilterHandlerTest" time="0.0"/>
  <testcase name="test31Ranges" classname="com.collabnet.ccf.core.rmdhandlers.RMDFilterHandlerTest" time="0.007"/>
  <testcase name="test40HospitalOnly" classname="com.collabnet.ccf.core.rmdhandlers.RMDFilterHandlerTest" time="0.0"/>
  <testcase name="test50QueryWithoutFormat" classname="com.collabnet.ccf.core.rmdhandlers.RMDFilterHandlerTest" time="0.0"/>
  <testcase name="test51QueryWithSymbols" classname="com.collabnet.ccf.core.rmdhandlers.RMDFilterHandlerTest" time="0.0"/>
  <testcase name="test12CommaSeperatedForValues" classname="com.collabnet.ccf.core.rmdhandlers.RMDFilterHandlerTest" time="0.001"/>
  <testcase name="test13EmptyQueryForValues" classname="com.collabnet.ccf.core.rmdhandlers.RMDFilterHandlerTest" time="0.0"/>
  <testcase name="test32EmptyQueryForRanges" classname="com.collabnet.ccf.core.rmdhandlers.RMDFilterHandlerTest" time="0.0"/>
  <testcase name="test33MisMatchQueryForRanges" classname="com.collabnet.ccf.core.rmdhandlers.RMDFilterHandlerTest" time="0.0"/>
  <testcase name="test33RangeSeperatorAsQueryRanges" classname="com.collabnet.ccf.core.rmdhandlers.RMDFilterHandlerTest" time="0.0"/>
  <testcase name="test41NullForHospitalOnly" classname="com.collabnet.ccf.core.rmdhandlers.RMDFilterHandlerTest" time="0.0"/>
  <testcase name="test42EmptyForHospitalOnly" classname="com.collabnet.ccf.core.rmdhandlers.RMDFilterHandlerTest" time="0.0"/>
  <testcase name="test54QueryWithAplhaNumeric" classname="com.collabnet.ccf.core.rmdhandlers.RMDFilterHandlerTest" time="0.0"/>
  <testcase name="test55QueryWithColonAndAphen" classname="com.collabnet.ccf.core.rmdhandlers.RMDFilterHandlerTest" time="0.0"/>
</testsuite>