<?xml version="1.0" encoding="UTF-8"?>
<testsuite xmlns:xsi="http://www.w3.org/2001/XMLSchema-instance" xsi:noNamespaceSchemaLocation="https://maven.apache.org/surefire/maven-surefire-plugin/xsd/surefire-test-report.xsd" version="3.0.2" name="com.collabnet.ccf.core.eis.connection.MutliThreadedConnectionManagerTest" time="0.16" tests="1" errors="0" skipped="0" failures="1" flakes="0">
  <properties>
[...]
</properties>
  <testcase name="testMultipleGetConnectionWithMultiThreads" classname="com.collabnet.ccf.core.eis.connection.MutliThreadedConnectionManagerTest" time="0.08">
    <failure message="mockConnectionFactory: unexpected invocation&#10;Invoked: mockConnectionFactory.createConnection(&quot;sid19&quot;, &quot;skind19&quot;, &quot;rid19&quot;, &quot;rkind19&quot;, &quot;cinfo19&quot;, &quot;crinfo19&quot;, &lt;com.collabnet.ccf.core.eis.connection.ConnectionManager@51ea8013&gt;)&#10;Allowed:&#10;expected at least once: createConnection( a string containing &quot;sid&quot;, a string containing &quot;skind&quot;, a string containing &quot;rid&quot;, a string containing &quot;rkind&quot;, a string containing &quot;cinfo&quot;, a string containing &quot;crinfo&quot; ), Returns a new string&#10;expected at least once: isAlive, Returns a new string&#10;expected at least once: closeConnection, Returns a new string&#10;" type="org.jmock.core.DynamicMockError"><![CDATA[org.jmock.core.DynamicMockError: 
mockConnectionFactory: unexpected invocation
Invoked: mockConnectionFactory.createConnection("sid19", "skind19", "rid19", "rkind19", "cinfo19", "crinfo19", <com.collabnet.ccf.core.eis.connection.ConnectionManager@51ea8013>)
Allowed:
expected at least once: createConnection( a string containing "sid", a string containing "skind", a string containing "rid", a string containing "rkind", a string containing "cinfo", a string containing "crinfo" ), Returns a new string
expected at least once: isAlive, Returns a new string
expected at least once: closeConnection, Returns a new string

	at org.jmock.core.AbstractDynamicMock.mockInvocation(AbstractDynamicMock.java:96)
	at org.jmock.core.CoreMock.invoke(CoreMock.java:39)
	at com.sun.proxy.$Proxy0.createConnection(Unknown Source)
	at com.collabnet.ccf.core.eis.connection.ConnectionPool.createConnection(ConnectionPool.java:423)
	at com.collabnet.ccf.core.eis.connection.ConnectionPool.getConnection(ConnectionPool.java:203)
	at com.collabnet.ccf.core.eis.connection.ConnectionManager.getConnectionToUpdateOrExtractArtifact(ConnectionManager.java:188)
	at com.collabnet.ccf.core.eis.connection.MutliThreadedConnectionManagerTest$2.runTestCase(MutliThreadedConnectionManagerTest.java:154)
	at com.collabnet.ccf.core.eis.connection.MutliThreadedConnectionManagerTest$TestCaseRunnable.run(MutliThreadedConnectionManagerTest.java:41)
	at java.lang.Thread.run(Thread.java:750)
]]></failure>
  </testcase>
  <testcase name="testMultipleGetConnectionWithMultiThreads" classname="com.collabnet.ccf.core.eis.connection.MutliThreadedConnectionManagerTest" time="0.084">
    <failure message="mockConnectionFactory: unexpected invocation&#10;Invoked: mockConnectionFactory.createConnection(&quot;sid12&quot;, &quot;skind12&quot;, &quot;rid12&quot;, &quot;rkind12&quot;, &quot;cinfo12&quot;, &quot;crinfo12&quot;, &lt;com.collabnet.ccf.core.eis.connection.ConnectionManager@51ea8013&gt;)&#10;Allowed:&#10;expected at least once: createConnection( a string containing &quot;sid&quot;, a string containing &quot;skind&quot;, a string containing &quot;rid&quot;, a string containing &quot;rkind&quot;, a string containing &quot;cinfo&quot;, a string containing &quot;crinfo&quot; ), Returns a new string&#10;expected at least once: isAlive, Returns a new string&#10;expected at least once: closeConnection, Returns a new string&#10;" type="org.jmock.core.DynamicMockError"><![CDATA[org.jmock.core.DynamicMockError: 
mockConnectionFactory: unexpected invocation
Invoked: mockConnectionFactory.createConnection("sid12", "skind12", "rid12", "rkind12", "cinfo12", "crinfo12", <com.collabnet.ccf.core.eis.connection.ConnectionManager@51ea8013>)
Allowed:
expected at least once: createConnection( a string containing "sid", a string containing "skind", a string containing "rid", a string containing "rkind", a string containing "cinfo", a string containing "crinfo" ), Returns a new string
expected at least once: isAlive, Returns a new string
expected at least once: closeConnection, Returns a new string

	at org.jmock.core.AbstractDynamicMock.mockInvocation(AbstractDynamicMock.java:96)
	at org.jmock.core.CoreMock.invoke(CoreMock.java:39)
	at com.sun.proxy.$Proxy0.createConnection(Unknown Source)
	at com.collabnet.ccf.core.eis.connection.ConnectionPool.createConnection(ConnectionPool.java:423)
	at com.collabnet.ccf.core.eis.connection.ConnectionPool.getConnection(ConnectionPool.java:203)
	at com.collabnet.ccf.core.eis.connection.ConnectionManager.getConnectionToUpdateOrExtractArtifact(ConnectionManager.java:188)
	at com.collabnet.ccf.core.eis.connection.MutliThreadedConnectionManagerTest$2.runTestCase(MutliThreadedConnectionManagerTest.java:154)
	at com.collabnet.ccf.core.eis.connection.MutliThreadedConnectionManagerTest$TestCaseRunnable.run(MutliThreadedConnectionManagerTest.java:41)
	at java.lang.Thread.run(Thread.java:750)
]]></failure>
    <system-err><![CDATA[java.lang.InterruptedException: sleep interrupted
	at java.lang.Thread.sleep(Native Method)
	at com.collabnet.ccf.core.eis.connection.MutliThreadedConnectionManagerTest$2.runTestCase(MutliThreadedConnectionManagerTest.java:149)
	at com.collabnet.ccf.core.eis.connection.MutliThreadedConnectionManagerTest$TestCaseRunnable.run(MutliThreadedConnectionManagerTest.java:41)
	at java.lang.Thread.run(Thread.java:750)
java.lang.InterruptedException: sleep interrupted
]]></system-err>
  </testcase>
  <testcase name="testMultipleGetConnectionWithMultiThreads" classname="com.collabnet.ccf.core.eis.connection.MutliThreadedConnectionManagerTest" time="0.087">
    <failure message="mockConnectionFactory: unexpected invocation&#10;Invoked: mockConnectionFactory.createConnection(&quot;sid12&quot;, &quot;skind12&quot;, &quot;rid12&quot;, &quot;rkind12&quot;, &quot;cinfo12&quot;, &quot;crinfo12&quot;, &lt;com.collabnet.ccf.core.eis.connection.ConnectionManager@51ea8013&gt;)&#10;Allowed:&#10;expected at least once: createConnection( a string containing &quot;sid&quot;, a string containing &quot;skind&quot;, a string containing &quot;rid&quot;, a string containing &quot;rkind&quot;, a string containing &quot;cinfo&quot;, a string containing &quot;crinfo&quot; ), Returns a new string&#10;expected at least once: isAlive, Returns a new string&#10;expected at least once: closeConnection, Returns a new string&#10;" type="org.jmock.core.DynamicMockError"><![CDATA[org.jmock.core.DynamicMockError: 
mockConnectionFactory: unexpected invocation
Invoked: mockConnectionFactory.createConnection("sid12", "skind12", "rid12", "rkind12", "cinfo12", "crinfo12", <com.collabnet.ccf.core.eis.connection.ConnectionManager@51ea8013>)
Allowed:
expected at least once: createConnection( a string containing "sid", a string containing "skind", a string containing "rid", a string containing "rkind", a string containing "cinfo", a string containing "crinfo" ), Returns a new string
expected at least once: isAlive, Returns a new string
expected at least once: closeConnection, Returns a new string

	at org.jmock.core.AbstractDynamicMock.mockInvocation(AbstractDynamicMock.java:96)
	at org.jmock.core.CoreMock.invoke(CoreMock.java:39)
	at com.sun.proxy.$Proxy0.createConnection(Unknown Source)
	at com.collabnet.ccf.core.eis.connection.ConnectionPool.createConnection(ConnectionPool.java:423)
	at com.collabnet.ccf.core.eis.connection.ConnectionPool.getConnection(ConnectionPool.java:203)
	at com.collabnet.ccf.core.eis.connection.ConnectionManager.getConnectionToUpdateOrExtractArtifact(ConnectionManager.java:188)
	at com.collabnet.ccf.core.eis.connection.MutliThreadedConnectionManagerTest$2.runTestCase(MutliThreadedConnectionManagerTest.java:154)
	at com.collabnet.ccf.core.eis.connection.MutliThreadedConnectionManagerTest$TestCaseRunnable.run(MutliThreadedConnectionManagerTest.java:41)
	at java.lang.Thread.run(Thread.java:750)
]]></failure>
    <system-err><![CDATA[	at java.lang.Thread.sleep(Native Method)
	at com.collabnet.ccf.core.eis.connection.MutliThreadedConnectionManagerTest$2.runTestCase(MutliThreadedConnectionManagerTest.java:149)
	at com.collabnet.ccf.core.eis.connection.MutliThreadedConnectionManagerTest$TestCaseRunnable.run(MutliThreadedConnectionManagerTest.java:41)
	at java.lang.Thread.run(Thread.java:750)
java.lang.InterruptedException: sleep interrupted
	at java.lang.Thread.sleep(Native Method)
	at com.collabnet.ccf.core.eis.connection.MutliThreadedConnectionManagerTest$2.runTestCase(MutliThreadedConnectionManagerTest.java:149)
	at com.collabnet.ccf.core.eis.connection.MutliThreadedConnectionManagerTest$TestCaseRunnable.run(MutliThreadedConnectionManagerTest.java:41)
	at java.lang.Thread.run(Thread.java:750)
java.lang.InterruptedException: sleep interrupted
	at java.lang.Thread.sleep(Native Method)
	at com.collabnet.ccf.core.eis.connection.MutliThreadedConnectionManagerTest$2.runTestCase(MutliThreadedConnectionManagerTest.java:149)
	at com.collabnet.ccf.core.eis.connection.MutliThreadedConnectionManagerTest$TestCaseRunnable.run(MutliThreadedConnectionManagerTest.java:41)
	at java.lang.Thread.run(Thread.java:750)
java.lang.InterruptedException: sleep interrupted
	at java.lang.Thread.sleep(Native Method)
	at com.collabnet.ccf.core.eis.connection.MutliThreadedConnectionManagerTest$2.runTestCase(MutliThreadedConnectionManagerTest.java:149)
	at com.collabnet.ccf.core.eis.connection.MutliThreadedConnectionManagerTest$TestCaseRunnable.run(MutliThreadedConnectionManagerTest.java:41)
	at java.lang.Thread.run(Thread.java:750)
java.lang.InterruptedException: sleep interrupted
]]></system-err>
  </testcase>
  <testcase name="testMultipleGetConnectionWithMultiThreads" classname="com.collabnet.ccf.core.eis.connection.MutliThreadedConnectionManagerTest" time="0.088">
    <failure message="mockConnectionFactory: unexpected invocation&#10;Invoked: mockConnectionFactory.createConnection(&quot;sid16&quot;, &quot;skind16&quot;, &quot;rid16&quot;, &quot;rkind16&quot;, &quot;cinfo16&quot;, &quot;crinfo16&quot;, &lt;com.collabnet.ccf.core.eis.connection.ConnectionManager@51ea8013&gt;)&#10;Allowed:&#10;expected at least once: createConnection( a string containing &quot;sid&quot;, a string containing &quot;skind&quot;, a string containing &quot;rid&quot;, a string containing &quot;rkind&quot;, a string containing &quot;cinfo&quot;, a string containing &quot;crinfo&quot; ), Returns a new string&#10;expected at least once: isAlive, Returns a new string&#10;expected at least once: closeConnection, Returns a new string&#10;" type="org.jmock.core.DynamicMockError"><![CDATA[org.jmock.core.DynamicMockError: 
mockConnectionFactory: unexpected invocation
Invoked: mockConnectionFactory.createConnection("sid16", "skind16", "rid16", "rkind16", "cinfo16", "crinfo16", <com.collabnet.ccf.core.eis.connection.ConnectionManager@51ea8013>)
Allowed:
expected at least once: createConnection( a string containing "sid", a string containing "skind", a string containing "rid", a string containing "rkind", a string containing "cinfo", a string containing "crinfo" ), Returns a new string
expected at least once: isAlive, Returns a new string
expected at least once: closeConnection, Returns a new string

	at org.jmock.core.AbstractDynamicMock.mockInvocation(AbstractDynamicMock.java:96)
	at org.jmock.core.CoreMock.invoke(CoreMock.java:39)
	at com.sun.proxy.$Proxy0.createConnection(Unknown Source)
	at com.collabnet.ccf.core.eis.connection.ConnectionPool.createConnection(ConnectionPool.java:423)
	at com.collabnet.ccf.core.eis.connection.ConnectionPool.getConnection(ConnectionPool.java:203)
	at com.collabnet.ccf.core.eis.connection.ConnectionManager.getConnectionToUpdateOrExtractArtifact(ConnectionManager.java:188)
	at com.collabnet.ccf.core.eis.connection.MutliThreadedConnectionManagerTest$2.runTestCase(MutliThreadedConnectionManagerTest.java:154)
	at com.collabnet.ccf.core.eis.connection.MutliThreadedConnectionManagerTest$TestCaseRunnable.run(MutliThreadedConnectionManagerTest.java:41)
	at java.lang.Thread.run(Thread.java:750)
]]></failure>
    <system-err><![CDATA[	at java.lang.Thread.sleep(Native Method)
	at com.collabnet.ccf.core.eis.connection.MutliThreadedConnectionManagerTest$2.runTestCase(MutliThreadedConnectionManagerTest.java:149)
	at com.collabnet.ccf.core.eis.connection.MutliThreadedConnectionManagerTest$TestCaseRunnable.run(MutliThreadedConnectionManagerTest.java:41)
	at java.lang.Thread.run(Thread.java:750)
java.lang.InterruptedException: sleep interrupted
	at java.lang.Thread.sleep(Native Method)
	at com.collabnet.ccf.core.eis.connection.MutliThreadedConnectionManagerTest$2.runTestCase(MutliThreadedConnectionManagerTest.java:149)
	at com.collabnet.ccf.core.eis.connection.MutliThreadedConnectionManagerTest$TestCaseRunnable.run(MutliThreadedConnectionManagerTest.java:41)
	at java.lang.Thread.run(Thread.java:750)
java.lang.InterruptedException: sleep interrupted
	at java.lang.Thread.sleep(Native Method)
	at com.collabnet.ccf.core.eis.connection.MutliThreadedConnectionManagerTest$2.runTestCase(MutliThreadedConnectionManagerTest.java:149)
	at com.collabnet.ccf.core.eis.connection.MutliThreadedConnectionManagerTest$TestCaseRunnable.run(MutliThreadedConnectionManagerTest.java:41)
	at java.lang.Thread.run(Thread.java:750)
java.lang.InterruptedException: sleep interrupted
	at java.lang.Thread.sleep(Native Method)
	at com.collabnet.ccf.core.eis.connection.MutliThreadedConnectionManagerTest$2.runTestCase(MutliThreadedConnectionManagerTest.java:149)
	at com.collabnet.ccf.core.eis.connection.MutliThreadedConnectionManagerTest$TestCaseRunnable.run(MutliThreadedConnectionManagerTest.java:41)
	at java.lang.Thread.run(Thread.java:750)
java.lang.InterruptedException: sleep interrupted
	at java.lang.Thread.sleep(Native Method)
	at com.collabnet.ccf.core.eis.connection.MutliThreadedConnectionManagerTest$2.runTestCase(MutliThreadedConnectionManagerTest.java:149)
	at com.collabnet.ccf.core.eis.connection.MutliThreadedConnectionManagerTest$TestCaseRunnable.run(MutliThreadedConnectionManagerTest.java:41)
	at java.lang.Thread.run(Thread.java:750)
]]></system-err>
  </testcase>
  <testcase name="testMultipleGetConnectionWithMultiThreads" classname="com.collabnet.ccf.core.eis.connection.MutliThreadedConnectionManagerTest" time="0.09">
    <failure message="mockConnectionFactory: unexpected invocation&#10;Invoked: mockConnectionFactory.createConnection(&quot;sid12&quot;, &quot;skind12&quot;, &quot;rid12&quot;, &quot;rkind12&quot;, &quot;cinfo12&quot;, &quot;crinfo12&quot;, &lt;com.collabnet.ccf.core.eis.connection.ConnectionManager@51ea8013&gt;)&#10;Allowed:&#10;expected at least once: createConnection( a string containing &quot;sid&quot;, a string containing &quot;skind&quot;, a string containing &quot;rid&quot;, a string containing &quot;rkind&quot;, a string containing &quot;cinfo&quot;, a string containing &quot;crinfo&quot; ), Returns a new string&#10;expected at least once: isAlive, Returns a new string&#10;expected at least once: closeConnection, Returns a new string&#10;" type="org.jmock.core.DynamicMockError"><![CDATA[org.jmock.core.DynamicMockError: 
mockConnectionFactory: unexpected invocation
Invoked: mockConnectionFactory.createConnection("sid12", "skind12", "rid12", "rkind12", "cinfo12", "crinfo12", <com.collabnet.ccf.core.eis.connection.ConnectionManager@51ea8013>)
Allowed:
expected at least once: createConnection( a string containing "sid", a string containing "skind", a string containing "rid", a string containing "rkind", a string containing "cinfo", a string containing "crinfo" ), Returns a new string
expected at least once: isAlive, Returns a new string
expected at least once: closeConnection, Returns a new string

	at org.jmock.core.AbstractDynamicMock.mockInvocation(AbstractDynamicMock.java:96)
	at org.jmock.core.CoreMock.invoke(CoreMock.java:39)
	at com.sun.proxy.$Proxy0.createConnection(Unknown Source)
	at com.collabnet.ccf.core.eis.connection.ConnectionPool.createConnection(ConnectionPool.java:423)
	at com.collabnet.ccf.core.eis.connection.ConnectionPool.getConnection(ConnectionPool.java:203)
	at com.collabnet.ccf.core.eis.connection.ConnectionManager.getConnectionToUpdateOrExtractArtifact(ConnectionManager.java:188)
	at com.collabnet.ccf.core.eis.connection.MutliThreadedConnectionManagerTest$2.runTestCase(MutliThreadedConnectionManagerTest.java:154)
	at com.collabnet.ccf.core.eis.connection.MutliThreadedConnectionManagerTest$TestCaseRunnable.run(MutliThreadedConnectionManagerTest.java:41)
	at java.lang.Thread.run(Thread.java:750)
]]></failure>
    <system-err><![CDATA[java.lang.InterruptedException: sleep interrupted
	at java.lang.Thread.sleep(Native Method)
	at com.collabnet.ccf.core.eis.connection.MutliThreadedConnectionManagerTest$2.runTestCase(MutliThreadedConnectionManagerTest.java:149)
	at com.collabnet.ccf.core.eis.connection.MutliThreadedConnectionManagerTest$TestCaseRunnable.run(MutliThreadedConnectionManagerTest.java:41)
	at java.lang.Thread.run(Thread.java:750)
java.lang.InterruptedException: sleep interrupted
	at java.lang.Thread.sleep(Native Method)
	at com.collabnet.ccf.core.eis.connection.MutliThreadedConnectionManagerTest$2.runTestCase(MutliThreadedConnectionManagerTest.java:149)
	at com.collabnet.ccf.core.eis.connection.MutliThreadedConnectionManagerTest$TestCaseRunnable.run(MutliThreadedConnectionManagerTest.java:41)
	at java.lang.Thread.run(Thread.java:750)
java.lang.InterruptedException: sleep interrupted
	at java.lang.Thread.sleep(Native Method)
	at com.collabnet.ccf.core.eis.connection.MutliThreadedConnectionManagerTest$2.runTestCase(MutliThreadedConnectionManagerTest.java:149)
	at com.collabnet.ccf.core.eis.connection.MutliThreadedConnectionManagerTest$TestCaseRunnable.run(MutliThreadedConnectionManagerTest.java:41)
	at java.lang.Thread.run(Thread.java:750)
java.lang.InterruptedException: sleep interrupted
	at java.lang.Thread.sleep(Native Method)
	at com.collabnet.ccf.core.eis.connection.MutliThreadedConnectionManagerTest$2.runTestCase(MutliThreadedConnectionManagerTest.java:149)
	at com.collabnet.ccf.core.eis.connection.MutliThreadedConnectionManagerTest$TestCaseRunnable.run(MutliThreadedConnectionManagerTest.java:41)
	at java.lang.Thread.run(Thread.java:750)
java.lang.InterruptedException: sleep interrupted
	at java.lang.Thread.sleep(Native Method)
	at com.collabnet.ccf.core.eis.connection.MutliThreadedConnectionManagerTest$2.runTestCase(MutliThreadedConnectionManagerTest.java:149)
	at com.collabnet.ccf.core.eis.connection.MutliThreadedConnectionManagerTest$TestCaseRunnable.run(MutliThreadedConnectionManagerTest.java:41)
	at java.lang.Thread.run(Thread.java:750)
java.lang.InterruptedException: sleep interrupted
	at java.lang.Thread.sleep(Native Method)
	at com.collabnet.ccf.core.eis.connection.MutliThreadedConnectionManagerTest$2.runTestCase(MutliThreadedConnectionManagerTest.java:149)
	at com.collabnet.ccf.core.eis.connection.MutliThreadedConnectionManagerTest$TestCaseRunnable.run(MutliThreadedConnectionManagerTest.java:41)
	at java.lang.Thread.run(Thread.java:750)
java.lang.InterruptedException: sleep interrupted
	at java.lang.Thread.sleep(Native Method)
	at com.collabnet.ccf.core.eis.connection.MutliThreadedConnectionManagerTest$2.runTestCase(MutliThreadedConnectionManagerTest.java:149)
	at com.collabnet.ccf.core.eis.connection.MutliThreadedConnectionManagerTest$TestCaseRunnable.run(MutliThreadedConnectionManagerTest.java:41)
	at java.lang.Thread.run(Thread.java:750)
java.lang.InterruptedException: sleep interrupted
	at java.lang.Thread.sleep(Native Method)
	at com.collabnet.ccf.core.eis.connection.MutliThreadedConnectionManagerTest$2.runTestCase(MutliThreadedConnectionManagerTest.java:149)
	at com.collabnet.ccf.core.eis.connection.MutliThreadedConnectionManagerTest$TestCaseRunnable.run(MutliThreadedConnectionManagerTest.java:41)
	at java.lang.Thread.run(Thread.java:750)
]]></system-err>
  </testcase>
  <testcase name="testMultipleGetConnectionWithMultiThreads" classname="com.collabnet.ccf.core.eis.connection.MutliThreadedConnectionManagerTest" time="0.09">
    <failure message="mockConnectionFactory: unexpected invocation&#10;Invoked: mockConnectionFactory.createConnection(&quot;sid12&quot;, &quot;skind12&quot;, &quot;rid12&quot;, &quot;rkind12&quot;, &quot;cinfo12&quot;, &quot;crinfo12&quot;, &lt;com.collabnet.ccf.core.eis.connection.ConnectionManager@51ea8013&gt;)&#10;Allowed:&#10;expected at least once: createConnection( a string containing &quot;sid&quot;, a string containing &quot;skind&quot;, a string containing &quot;rid&quot;, a string containing &quot;rkind&quot;, a string containing &quot;cinfo&quot;, a string containing &quot;crinfo&quot; ), Returns a new string&#10;expected at least once: isAlive, Returns a new string&#10;expected at least once: closeConnection, Returns a new string&#10;" type="org.jmock.core.DynamicMockError"><![CDATA[org.jmock.core.DynamicMockError: 
mockConnectionFactory: unexpected invocation
Invoked: mockConnectionFactory.createConnection("sid12", "skind12", "rid12", "rkind12", "cinfo12", "crinfo12", <com.collabnet.ccf.core.eis.connection.ConnectionManager@51ea8013>)
Allowed:
expected at least once: createConnection( a string containing "sid", a string containing "skind", a string containing "rid", a string containing "rkind", a string containing "cinfo", a string containing "crinfo" ), Returns a new string
expected at least once: isAlive, Returns a new string
expected at least once: closeConnection, Returns a new string

	at org.jmock.core.AbstractDynamicMock.mockInvocation(AbstractDynamicMock.java:96)
	at org.jmock.core.CoreMock.invoke(CoreMock.java:39)
	at com.sun.proxy.$Proxy0.createConnection(Unknown Source)
	at com.collabnet.ccf.core.eis.connection.ConnectionPool.createConnection(ConnectionPool.java:423)
	at com.collabnet.ccf.core.eis.connection.ConnectionPool.getConnection(ConnectionPool.java:203)
	at com.collabnet.ccf.core.eis.connection.ConnectionManager.getConnectionToUpdateOrExtractArtifact(ConnectionManager.java:188)
	at com.collabnet.ccf.core.eis.connection.MutliThreadedConnectionManagerTest$2.runTestCase(MutliThreadedConnectionManagerTest.java:154)
	at com.collabnet.ccf.core.eis.connection.MutliThreadedConnectionManagerTest$TestCaseRunnable.run(MutliThreadedConnectionManagerTest.java:41)
	at java.lang.Thread.run(Thread.java:750)
]]></failure>
    <system-err><![CDATA[java.lang.InterruptedException: sleep interrupted
	at java.lang.Thread.sleep(Native Method)
	at com.collabnet.ccf.core.eis.connection.MutliThreadedConnectionManagerTest$2.runTestCase(MutliThreadedConnectionManagerTest.java:149)
	at com.collabnet.ccf.core.eis.connection.MutliThreadedConnectionManagerTest$TestCaseRunnable.run(MutliThreadedConnectionManagerTest.java:41)
	at java.lang.Thread.run(Thread.java:750)
java.lang.InterruptedException: sleep interrupted
	at java.lang.Thread.sleep(Native Method)
	at com.collabnet.ccf.core.eis.connection.MutliThreadedConnectionManagerTest$2.runTestCase(MutliThreadedConnectionManagerTest.java:149)
	at com.collabnet.ccf.core.eis.connection.MutliThreadedConnectionManagerTest$TestCaseRunnable.run(MutliThreadedConnectionManagerTest.java:41)
	at java.lang.Thread.run(Thread.java:750)
java.lang.InterruptedException: sleep interrupted
	at java.lang.Thread.sleep(Native Method)
	at com.collabnet.ccf.core.eis.connection.MutliThreadedConnectionManagerTest$2.runTestCase(MutliThreadedConnectionManagerTest.java:149)
	at com.collabnet.ccf.core.eis.connection.MutliThreadedConnectionManagerTest$TestCaseRunnable.run(MutliThreadedConnectionManagerTest.java:41)
	at java.lang.Thread.run(Thread.java:750)
java.lang.InterruptedException: sleep interrupted
	at java.lang.Thread.sleep(Native Method)
	at com.collabnet.ccf.core.eis.connection.MutliThreadedConnectionManagerTest$2.runTestCase(MutliThreadedConnectionManagerTest.java:149)
	at com.collabnet.ccf.core.eis.connection.MutliThreadedConnectionManagerTest$TestCaseRunnable.run(MutliThreadedConnectionManagerTest.java:41)
	at java.lang.Thread.run(Thread.java:750)
java.lang.InterruptedException: sleep interrupted
]]></system-err>
  </testcase>
  <testcase name="testMultipleGetConnectionWithMultiThreads" classname="com.collabnet.ccf.core.eis.connection.MutliThreadedConnectionManagerTest" time="0.09">
    <failure message="mockConnectionFactory: unexpected invocation&#10;Invoked: mockConnectionFactory.createConnection(&quot;sid12&quot;, &quot;skind12&quot;, &quot;rid12&quot;, &quot;rkind12&quot;, &quot;cinfo12&quot;, &quot;crinfo12&quot;, &lt;com.collabnet.ccf.core.eis.connection.ConnectionManager@51ea8013&gt;)&#10;Allowed:&#10;expected at least once: createConnection( a string containing &quot;sid&quot;, a string containing &quot;skind&quot;, a string containing &quot;rid&quot;, a string containing &quot;rkind&quot;, a string containing &quot;cinfo&quot;, a string containing &quot;crinfo&quot; ), Returns a new string&#10;expected at least once: isAlive, Returns a new string&#10;expected at least once: closeConnection, Returns a new string&#10;" type="org.jmock.core.DynamicMockError"><![CDATA[org.jmock.core.DynamicMockError: 
mockConnectionFactory: unexpected invocation
Invoked: mockConnectionFactory.createConnection("sid12", "skind12", "rid12", "rkind12", "cinfo12", "crinfo12", <com.collabnet.ccf.core.eis.connection.ConnectionManager@51ea8013>)
Allowed:
expected at least once: createConnection( a string containing "sid", a string containing "skind", a string containing "rid", a string containing "rkind", a string containing "cinfo", a string containing "crinfo" ), Returns a new string
expected at least once: isAlive, Returns a new string
expected at least once: closeConnection, Returns a new string

	at org.jmock.core.AbstractDynamicMock.mockInvocation(AbstractDynamicMock.java:96)
	at org.jmock.core.CoreMock.invoke(CoreMock.java:39)
	at com.sun.proxy.$Proxy0.createConnection(Unknown Source)
	at com.collabnet.ccf.core.eis.connection.ConnectionPool.createConnection(ConnectionPool.java:423)
	at com.collabnet.ccf.core.eis.connection.ConnectionPool.getConnection(ConnectionPool.java:203)
	at com.collabnet.ccf.core.eis.connection.ConnectionManager.getConnectionToUpdateOrExtractArtifact(ConnectionManager.java:188)
	at com.collabnet.ccf.core.eis.connection.MutliThreadedConnectionManagerTest$2.runTestCase(MutliThreadedConnectionManagerTest.java:154)
	at com.collabnet.ccf.core.eis.connection.MutliThreadedConnectionManagerTest$TestCaseRunnable.run(MutliThreadedConnectionManagerTest.java:41)
	at java.lang.Thread.run(Thread.java:750)
]]></failure>
    <system-err><![CDATA[	at java.lang.Thread.sleep(Native Method)
	at com.collabnet.ccf.core.eis.connection.MutliThreadedConnectionManagerTest$2.runTestCase(MutliThreadedConnectionManagerTest.java:149)
	at com.collabnet.ccf.core.eis.connection.MutliThreadedConnectionManagerTest$TestCaseRunnable.run(MutliThreadedConnectionManagerTest.java:41)
	at java.lang.Thread.run(Thread.java:750)
java.lang.InterruptedException: sleep interrupted
	at java.lang.Thread.sleep(Native Method)
	at com.collabnet.ccf.core.eis.connection.MutliThreadedConnectionManagerTest$2.runTestCase(MutliThreadedConnectionManagerTest.java:149)
	at com.collabnet.ccf.core.eis.connection.MutliThreadedConnectionManagerTest$TestCaseRunnable.run(MutliThreadedConnectionManagerTest.java:41)
	at java.lang.Thread.run(Thread.java:750)
java.lang.InterruptedException: sleep interrupted
	at java.lang.Thread.sleep(Native Method)
	at com.collabnet.ccf.core.eis.connection.MutliThreadedConnectionManagerTest$2.runTestCase(MutliThreadedConnectionManagerTest.java:149)
	at com.collabnet.ccf.core.eis.connection.MutliThreadedConnectionManagerTest$TestCaseRunnable.run(MutliThreadedConnectionManagerTest.java:41)
	at java.lang.Thread.run(Thread.java:750)
]]></system-err>
  </testcase>
  <testcase name="testMultipleGetConnectionWithMultiThreads" classname="com.collabnet.ccf.core.eis.connection.MutliThreadedConnectionManagerTest" time="0.091">
    <failure message="mockConnectionFactory: unexpected invocation&#10;Invoked: mockConnectionFactory.createConnection(&quot;sid12&quot;, &quot;skind12&quot;, &quot;rid12&quot;, &quot;rkind12&quot;, &quot;cinfo12&quot;, &quot;crinfo12&quot;, &lt;com.collabnet.ccf.core.eis.connection.ConnectionManager@51ea8013&gt;)&#10;Allowed:&#10;expected at least once: createConnection( a string containing &quot;sid&quot;, a string containing &quot;skind&quot;, a string containing &quot;rid&quot;, a string containing &quot;rkind&quot;, a string containing &quot;cinfo&quot;, a string containing &quot;crinfo&quot; ), Returns a new string&#10;expected at least once: isAlive, Returns a new string&#10;expected at least once: closeConnection, Returns a new string&#10;" type="org.jmock.core.DynamicMockError"><![CDATA[org.jmock.core.DynamicMockError: 
mockConnectionFactory: unexpected invocation
Invoked: mockConnectionFactory.createConnection("sid12", "skind12", "rid12", "rkind12", "cinfo12", "crinfo12", <com.collabnet.ccf.core.eis.connection.ConnectionManager@51ea8013>)
Allowed:
expected at least once: createConnection( a string containing "sid", a string containing "skind", a string containing "rid", a string containing "rkind", a string containing "cinfo", a string containing "crinfo" ), Returns a new string
expected at least once: isAlive, Returns a new string
expected at least once: closeConnection, Returns a new string

	at org.jmock.core.AbstractDynamicMock.mockInvocation(AbstractDynamicMock.java:96)
	at org.jmock.core.CoreMock.invoke(CoreMock.java:39)
	at com.sun.proxy.$Proxy0.createConnection(Unknown Source)
	at com.collabnet.ccf.core.eis.connection.ConnectionPool.createConnection(ConnectionPool.java:423)
	at com.collabnet.ccf.core.eis.connection.ConnectionPool.getConnection(ConnectionPool.java:203)
	at com.collabnet.ccf.core.eis.connection.ConnectionManager.getConnectionToUpdateOrExtractArtifact(ConnectionManager.java:188)
	at com.collabnet.ccf.core.eis.connection.MutliThreadedConnectionManagerTest$2.runTestCase(MutliThreadedConnectionManagerTest.java:154)
	at com.collabnet.ccf.core.eis.connection.MutliThreadedConnectionManagerTest$TestCaseRunnable.run(MutliThreadedConnectionManagerTest.java:41)
	at java.lang.Thread.run(Thread.java:750)
]]></failure>
    <system-err><![CDATA[java.lang.InterruptedException: sleep interrupted
	at java.lang.Thread.sleep(Native Method)
	at com.collabnet.ccf.core.eis.connection.MutliThreadedConnectionManagerTest$2.runTestCase(MutliThreadedConnectionManagerTest.java:149)
	at com.collabnet.ccf.core.eis.connection.MutliThreadedConnectionManagerTest$TestCaseRunnable.run(MutliThreadedConnectionManagerTest.java:41)
	at java.lang.Thread.run(Thread.java:750)
java.lang.InterruptedException: sleep interrupted
	at java.lang.Thread.sleep(Native Method)
	at com.collabnet.ccf.core.eis.connection.MutliThreadedConnectionManagerTest$2.runTestCase(MutliThreadedConnectionManagerTest.java:149)
]]></system-err>
  </testcase>
  <testcase name="testMultipleGetConnectionWithMultiThreads" classname="com.collabnet.ccf.core.eis.connection.MutliThreadedConnectionManagerTest" time="0.091">
    <failure message="mockConnectionFactory: unexpected invocation&#10;Invoked: mockConnectionFactory.createConnection(&quot;sid12&quot;, &quot;skind12&quot;, &quot;rid12&quot;, &quot;rkind12&quot;, &quot;cinfo12&quot;, &quot;crinfo12&quot;, &lt;com.collabnet.ccf.core.eis.connection.ConnectionManager@51ea8013&gt;)&#10;Allowed:&#10;expected at least once: createConnection( a string containing &quot;sid&quot;, a string containing &quot;skind&quot;, a string containing &quot;rid&quot;, a string containing &quot;rkind&quot;, a string containing &quot;cinfo&quot;, a string containing &quot;crinfo&quot; ), Returns a new string&#10;expected at least once: isAlive, Returns a new string&#10;expected at least once: closeConnection, Returns a new string&#10;" type="org.jmock.core.DynamicMockError"><![CDATA[org.jmock.core.DynamicMockError: 
mockConnectionFactory: unexpected invocation
Invoked: mockConnectionFactory.createConnection("sid12", "skind12", "rid12", "rkind12", "cinfo12", "crinfo12", <com.collabnet.ccf.core.eis.connection.ConnectionManager@51ea8013>)
Allowed:
expected at least once: createConnection( a string containing "sid", a string containing "skind", a string containing "rid", a string containing "rkind", a string containing "cinfo", a string containing "crinfo" ), Returns a new string
expected at least once: isAlive, Returns a new string
expected at least once: closeConnection, Returns a new string

	at org.jmock.core.AbstractDynamicMock.mockInvocation(AbstractDynamicMock.java:96)
	at org.jmock.core.CoreMock.invoke(CoreMock.java:39)
	at com.sun.proxy.$Proxy0.createConnection(Unknown Source)
	at com.collabnet.ccf.core.eis.connection.ConnectionPool.createConnection(ConnectionPool.java:423)
	at com.collabnet.ccf.core.eis.connection.ConnectionPool.getConnection(ConnectionPool.java:203)
	at com.collabnet.ccf.core.eis.connection.ConnectionManager.getConnectionToUpdateOrExtractArtifact(ConnectionManager.java:188)
	at com.collabnet.ccf.core.eis.connection.MutliThreadedConnectionManagerTest$2.runTestCase(MutliThreadedConnectionManagerTest.java:154)
	at com.collabnet.ccf.core.eis.connection.MutliThreadedConnectionManagerTest$TestCaseRunnable.run(MutliThreadedConnectionManagerTest.java:41)
	at java.lang.Thread.run(Thread.java:750)
]]></failure>
    <system-err><![CDATA[	at com.collabnet.ccf.core.eis.connection.MutliThreadedConnectionManagerTest$TestCaseRunnable.run(MutliThreadedConnectionManagerTest.java:41)
	at java.lang.Thread.run(Thread.java:750)
java.lang.InterruptedException: sleep interrupted
	at java.lang.Thread.sleep(Native Method)
	at com.collabnet.ccf.core.eis.connection.MutliThreadedConnectionManagerTest$2.runTestCase(MutliThreadedConnectionManagerTest.java:149)
	at com.collabnet.ccf.core.eis.connection.MutliThreadedConnectionManagerTest$TestCaseRunnable.run(MutliThreadedConnectionManagerTest.java:41)
	at java.lang.Thread.run(Thread.java:750)
java.lang.InterruptedException: sleep interrupted
	at java.lang.Thread.sleep(Native Method)
	at com.collabnet.ccf.core.eis.connection.MutliThreadedConnectionManagerTest$2.runTestCase(MutliThreadedConnectionManagerTest.java:149)
	at com.collabnet.ccf.core.eis.connection.MutliThreadedConnectionManagerTest$TestCaseRunnable.run(MutliThreadedConnectionManagerTest.java:41)
	at java.lang.Thread.run(Thread.java:750)
java.lang.InterruptedException: sleep interrupted
	at java.lang.Thread.sleep(Native Method)
	at com.collabnet.ccf.core.eis.connection.MutliThreadedConnectionManagerTest$2.runTestCase(MutliThreadedConnectionManagerTest.java:149)
	at com.collabnet.ccf.core.eis.connection.MutliThreadedConnectionManagerTest$TestCaseRunnable.run(MutliThreadedConnectionManagerTest.java:41)
	at java.lang.Thread.run(Thread.java:750)
]]></system-err>
  </testcase>
  <testcase name="testMultipleGetConnectionWithMultiThreads" classname="com.collabnet.ccf.core.eis.connection.MutliThreadedConnectionManagerTest" time="0.091">
    <failure message="mockConnectionFactory: unexpected invocation&#10;Invoked: mockConnectionFactory.createConnection(&quot;sid12&quot;, &quot;skind12&quot;, &quot;rid12&quot;, &quot;rkind12&quot;, &quot;cinfo12&quot;, &quot;crinfo12&quot;, &lt;com.collabnet.ccf.core.eis.connection.ConnectionManager@51ea8013&gt;)&#10;Allowed:&#10;expected at least once: createConnection( a string containing &quot;sid&quot;, a string containing &quot;skind&quot;, a string containing &quot;rid&quot;, a string containing &quot;rkind&quot;, a string containing &quot;cinfo&quot;, a string containing &quot;crinfo&quot; ), Returns a new string&#10;expected at least once: isAlive, Returns a new string&#10;expected at least once: closeConnection, Returns a new string&#10;" type="org.jmock.core.DynamicMockError"><![CDATA[org.jmock.core.DynamicMockError: 
mockConnectionFactory: unexpected invocation
Invoked: mockConnectionFactory.createConnection("sid12", "skind12", "rid12", "rkind12", "cinfo12", "crinfo12", <com.collabnet.ccf.core.eis.connection.ConnectionManager@51ea8013>)
Allowed:
expected at least once: createConnection( a string containing "sid", a string containing "skind", a string containing "rid", a string containing "rkind", a string containing "cinfo", a string containing "crinfo" ), Returns a new string
expected at least once: isAlive, Returns a new string
expected at least once: closeConnection, Returns a new string

	at org.jmock.core.AbstractDynamicMock.mockInvocation(AbstractDynamicMock.java:96)
	at org.jmock.core.CoreMock.invoke(CoreMock.java:39)
	at com.sun.proxy.$Proxy0.createConnection(Unknown Source)
	at com.collabnet.ccf.core.eis.connection.ConnectionPool.createConnection(ConnectionPool.java:423)
	at com.collabnet.ccf.core.eis.connection.ConnectionPool.getConnection(ConnectionPool.java:203)
	at com.collabnet.ccf.core.eis.connection.ConnectionManager.getConnectionToUpdateOrExtractArtifact(ConnectionManager.java:188)
	at com.collabnet.ccf.core.eis.connection.MutliThreadedConnectionManagerTest$2.runTestCase(MutliThreadedConnectionManagerTest.java:154)
	at com.collabnet.ccf.core.eis.connection.MutliThreadedConnectionManagerTest$TestCaseRunnable.run(MutliThreadedConnectionManagerTest.java:41)
	at java.lang.Thread.run(Thread.java:750)
]]></failure>
    <system-err><![CDATA[java.lang.InterruptedException: sleep interrupted
	at java.lang.Thread.sleep(Native Method)
	at com.collabnet.ccf.core.eis.connection.MutliThreadedConnectionManagerTest$2.runTestCase(MutliThreadedConnectionManagerTest.java:149)
	at com.collabnet.ccf.core.eis.connection.MutliThreadedConnectionManagerTest$TestCaseRunnable.run(MutliThreadedConnectionManagerTest.java:41)
	at java.lang.Thread.run(Thread.java:750)
java.lang.InterruptedException: sleep interrupted
	at java.lang.Thread.sleep(Native Method)
	at com.collabnet.ccf.core.eis.connection.MutliThreadedConnectionManagerTest$2.runTestCase(MutliThreadedConnectionManagerTest.java:149)
	at com.collabnet.ccf.core.eis.connection.MutliThreadedConnectionManagerTest$TestCaseRunnable.run(MutliThreadedConnectionManagerTest.java:41)
	at java.lang.Thread.run(Thread.java:750)
java.lang.InterruptedException: sleep interrupted
	at java.lang.Thread.sleep(Native Method)
	at com.collabnet.ccf.core.eis.connection.MutliThreadedConnectionManagerTest$2.runTestCase(MutliThreadedConnectionManagerTest.java:149)
	at com.collabnet.ccf.core.eis.connection.MutliThreadedConnectionManagerTest$TestCaseRunnable.run(MutliThreadedConnectionManagerTest.java:41)
	at java.lang.Thread.run(Thread.java:750)
java.lang.InterruptedException: sleep interrupted
]]></system-err>
  </testcase>
  <testcase name="testMultipleGetConnectionWithMultiThreads" classname="com.collabnet.ccf.core.eis.connection.MutliThreadedConnectionManagerTest" time="0.092">
    <failure message="mockConnectionFactory: unexpected invocation&#10;Invoked: mockConnectionFactory.createConnection(&quot;sid12&quot;, &quot;skind12&quot;, &quot;rid12&quot;, &quot;rkind12&quot;, &quot;cinfo12&quot;, &quot;crinfo12&quot;, &lt;com.collabnet.ccf.core.eis.connection.ConnectionManager@51ea8013&gt;)&#10;Allowed:&#10;expected at least once: createConnection( a string containing &quot;sid&quot;, a string containing &quot;skind&quot;, a string containing &quot;rid&quot;, a string containing &quot;rkind&quot;, a string containing &quot;cinfo&quot;, a string containing &quot;crinfo&quot; ), Returns a new string&#10;expected at least once: isAlive, Returns a new string&#10;expected at least once: closeConnection, Returns a new string&#10;" type="org.jmock.core.DynamicMockError"><![CDATA[org.jmock.core.DynamicMockError: 
mockConnectionFactory: unexpected invocation
Invoked: mockConnectionFactory.createConnection("sid12", "skind12", "rid12", "rkind12", "cinfo12", "crinfo12", <com.collabnet.ccf.core.eis.connection.ConnectionManager@51ea8013>)
Allowed:
expected at least once: createConnection( a string containing "sid", a string containing "skind", a string containing "rid", a string containing "rkind", a string containing "cinfo", a string containing "crinfo" ), Returns a new string
expected at least once: isAlive, Returns a new string
expected at least once: closeConnection, Returns a new string

	at org.jmock.core.AbstractDynamicMock.mockInvocation(AbstractDynamicMock.java:96)
	at org.jmock.core.CoreMock.invoke(CoreMock.java:39)
	at com.sun.proxy.$Proxy0.createConnection(Unknown Source)
	at com.collabnet.ccf.core.eis.connection.ConnectionPool.createConnection(ConnectionPool.java:423)
	at com.collabnet.ccf.core.eis.connection.ConnectionPool.getConnection(ConnectionPool.java:203)
	at com.collabnet.ccf.core.eis.connection.ConnectionManager.getConnectionToUpdateOrExtractArtifact(ConnectionManager.java:188)
	at com.collabnet.ccf.core.eis.connection.MutliThreadedConnectionManagerTest$2.runTestCase(MutliThreadedConnectionManagerTest.java:154)
	at com.collabnet.ccf.core.eis.connection.MutliThreadedConnectionManagerTest$TestCaseRunnable.run(MutliThreadedConnectionManagerTest.java:41)
	at java.lang.Thread.run(Thread.java:750)
]]></failure>
    <system-err><![CDATA[	at java.lang.Thread.sleep(Native Method)
	at com.collabnet.ccf.core.eis.connection.MutliThreadedConnectionManagerTest$2.runTestCase(MutliThreadedConnectionManagerTest.java:149)
	at com.collabnet.ccf.core.eis.connection.MutliThreadedConnectionManagerTest$TestCaseRunnable.run(MutliThreadedConnectionManagerTest.java:41)
	at java.lang.Thread.run(Thread.java:750)
java.lang.InterruptedException: sleep interrupted
	at java.lang.Thread.sleep(Native Method)
	at com.collabnet.ccf.core.eis.connection.MutliThreadedConnectionManagerTest$2.runTestCase(MutliThreadedConnectionManagerTest.java:149)
	at com.collabnet.ccf.core.eis.connection.MutliThreadedConnectionManagerTest$TestCaseRunnable.run(MutliThreadedConnectionManagerTest.java:41)
	at java.lang.Thread.run(Thread.java:750)
]]></system-err>
  </testcase>
  <testcase name="testMultipleGetConnectionWithMultiThreads" classname="com.collabnet.ccf.core.eis.connection.MutliThreadedConnectionManagerTest" time="0.092">
    <failure message="mockConnectionFactory: unexpected invocation&#10;Invoked: mockConnectionFactory.createConnection(&quot;sid12&quot;, &quot;skind12&quot;, &quot;rid12&quot;, &quot;rkind12&quot;, &quot;cinfo12&quot;, &quot;crinfo12&quot;, &lt;com.collabnet.ccf.core.eis.connection.ConnectionManager@51ea8013&gt;)&#10;Allowed:&#10;expected at least once: createConnection( a string containing &quot;sid&quot;, a string containing &quot;skind&quot;, a string containing &quot;rid&quot;, a string containing &quot;rkind&quot;, a string containing &quot;cinfo&quot;, a string containing &quot;crinfo&quot; ), Returns a new string&#10;expected at least once: isAlive, Returns a new string&#10;expected at least once: closeConnection, Returns a new string&#10;" type="org.jmock.core.DynamicMockError"><![CDATA[org.jmock.core.DynamicMockError: 
mockConnectionFactory: unexpected invocation
Invoked: mockConnectionFactory.createConnection("sid12", "skind12", "rid12", "rkind12", "cinfo12", "crinfo12", <com.collabnet.ccf.core.eis.connection.ConnectionManager@51ea8013>)
Allowed:
expected at least once: createConnection( a string containing "sid", a string containing "skind", a string containing "rid", a string containing "rkind", a string containing "cinfo", a string containing "crinfo" ), Returns a new string
expected at least once: isAlive, Returns a new string
expected at least once: closeConnection, Returns a new string

	at org.jmock.core.AbstractDynamicMock.mockInvocation(AbstractDynamicMock.java:96)
	at org.jmock.core.CoreMock.invoke(CoreMock.java:39)
	at com.sun.proxy.$Proxy0.createConnection(Unknown Source)
	at com.collabnet.ccf.core.eis.connection.ConnectionPool.createConnection(ConnectionPool.java:423)
	at com.collabnet.ccf.core.eis.connection.ConnectionPool.getConnection(ConnectionPool.java:203)
	at com.collabnet.ccf.core.eis.connection.ConnectionManager.getConnectionToUpdateOrExtractArtifact(ConnectionManager.java:188)
	at com.collabnet.ccf.core.eis.connection.MutliThreadedConnectionManagerTest$2.runTestCase(MutliThreadedConnectionManagerTest.java:154)
	at com.collabnet.ccf.core.eis.connection.MutliThreadedConnectionManagerTest$TestCaseRunnable.run(MutliThreadedConnectionManagerTest.java:41)
	at java.lang.Thread.run(Thread.java:750)
]]></failure>
    <system-err><![CDATA[java.lang.InterruptedException: sleep interrupted
	at java.lang.Thread.sleep(Native Method)
	at com.collabnet.ccf.core.eis.connection.MutliThreadedConnectionManagerTest$2.runTestCase(MutliThreadedConnectionManagerTest.java:149)
	at com.collabnet.ccf.core.eis.connection.MutliThreadedConnectionManagerTest$TestCaseRunnable.run(MutliThreadedConnectionManagerTest.java:41)
	at java.lang.Thread.run(Thread.java:750)
java.lang.InterruptedException: sleep interrupted
	at java.lang.Thread.sleep(Native Method)
	at com.collabnet.ccf.core.eis.connection.MutliThreadedConnectionManagerTest$2.runTestCase(MutliThreadedConnectionManagerTest.java:149)
	at com.collabnet.ccf.core.eis.connection.MutliThreadedConnectionManagerTest$TestCaseRunnable.run(MutliThreadedConnectionManagerTest.java:41)
	at java.lang.Thread.run(Thread.java:750)
java.lang.InterruptedException: sleep interrupted
	at java.lang.Thread.sleep(Native Method)
	at com.collabnet.ccf.core.eis.connection.MutliThreadedConnectionManagerTest$2.runTestCase(MutliThreadedConnectionManagerTest.java:149)
	at com.collabnet.ccf.core.eis.connection.MutliThreadedConnectionManagerTest$TestCaseRunnable.run(MutliThreadedConnectionManagerTest.java:41)
]]></system-err>
  </testcase>
  <testcase name="testMultipleGetConnectionWithMultiThreads" classname="com.collabnet.ccf.core.eis.connection.MutliThreadedConnectionManagerTest" time="0.092">
    <failure message="mockConnectionFactory: unexpected invocation&#10;Invoked: mockConnectionFactory.createConnection(&quot;sid12&quot;, &quot;skind12&quot;, &quot;rid12&quot;, &quot;rkind12&quot;, &quot;cinfo12&quot;, &quot;crinfo12&quot;, &lt;com.collabnet.ccf.core.eis.connection.ConnectionManager@51ea8013&gt;)&#10;Allowed:&#10;expected at least once: createConnection( a string containing &quot;sid&quot;, a string containing &quot;skind&quot;, a string containing &quot;rid&quot;, a string containing &quot;rkind&quot;, a string containing &quot;cinfo&quot;, a string containing &quot;crinfo&quot; ), Returns a new string&#10;expected at least once: isAlive, Returns a new string&#10;expected at least once: closeConnection, Returns a new string&#10;" type="org.jmock.core.DynamicMockError"><![CDATA[org.jmock.core.DynamicMockError: 
mockConnectionFactory: unexpected invocation
Invoked: mockConnectionFactory.createConnection("sid12", "skind12", "rid12", "rkind12", "cinfo12", "crinfo12", <com.collabnet.ccf.core.eis.connection.ConnectionManager@51ea8013>)
Allowed:
expected at least once: createConnection( a string containing "sid", a string containing "skind", a string containing "rid", a string containing "rkind", a string containing "cinfo", a string containing "crinfo" ), Returns a new string
expected at least once: isAlive, Returns a new string
expected at least once: closeConnection, Returns a new string

	at org.jmock.core.AbstractDynamicMock.mockInvocation(AbstractDynamicMock.java:96)
	at org.jmock.core.CoreMock.invoke(CoreMock.java:39)
	at com.sun.proxy.$Proxy0.createConnection(Unknown Source)
	at com.collabnet.ccf.core.eis.connection.ConnectionPool.createConnection(ConnectionPool.java:423)
	at com.collabnet.ccf.core.eis.connection.ConnectionPool.getConnection(ConnectionPool.java:203)
	at com.collabnet.ccf.core.eis.connection.ConnectionManager.getConnectionToUpdateOrExtractArtifact(ConnectionManager.java:188)
	at com.collabnet.ccf.core.eis.connection.MutliThreadedConnectionManagerTest$2.runTestCase(MutliThreadedConnectionManagerTest.java:154)
	at com.collabnet.ccf.core.eis.connection.MutliThreadedConnectionManagerTest$TestCaseRunnable.run(MutliThreadedConnectionManagerTest.java:41)
	at java.lang.Thread.run(Thread.java:750)
]]></failure>
    <system-err><![CDATA[	at java.lang.Thread.run(Thread.java:750)
java.lang.InterruptedException: sleep interrupted
	at java.lang.Thread.sleep(Native Method)
	at com.collabnet.ccf.core.eis.connection.MutliThreadedConnectionManagerTest$2.runTestCase(MutliThreadedConnectionManagerTest.java:149)
	at com.collabnet.ccf.core.eis.connection.MutliThreadedConnectionManagerTest$TestCaseRunnable.run(MutliThreadedConnectionManagerTest.java:41)
	at java.lang.Thread.run(Thread.java:750)
java.lang.InterruptedException: sleep interrupted
	at java.lang.Thread.sleep(Native Method)
	at com.collabnet.ccf.core.eis.connection.MutliThreadedConnectionManagerTest$2.runTestCase(MutliThreadedConnectionManagerTest.java:149)
	at com.collabnet.ccf.core.eis.connection.MutliThreadedConnectionManagerTest$TestCaseRunnable.run(MutliThreadedConnectionManagerTest.java:41)
	at java.lang.Thread.run(Thread.java:750)
java.lang.InterruptedException: sleep interrupted
	at java.lang.Thread.sleep(Native Method)
	at com.collabnet.ccf.core.eis.connection.MutliThreadedConnectionManagerTest$2.runTestCase(MutliThreadedConnectionManagerTest.java:149)
	at com.collabnet.ccf.core.eis.connection.MutliThreadedConnectionManagerTest$TestCaseRunnable.run(MutliThreadedConnectionManagerTest.java:41)
	at java.lang.Thread.run(Thread.java:750)
java.lang.InterruptedException: sleep interrupted
	at java.lang.Thread.sleep(Native Method)
	at com.collabnet.ccf.core.eis.connection.MutliThreadedConnectionManagerTest$2.runTestCase(MutliThreadedConnectionManagerTest.java:149)
]]></system-err>
  </testcase>
  <testcase name="testMultipleGetConnectionWithMultiThreads" classname="com.collabnet.ccf.core.eis.connection.MutliThreadedConnectionManagerTest" time="0.093">
    <failure message="mockConnectionFactory: unexpected invocation&#10;Invoked: mockConnectionFactory.createConnection(&quot;sid12&quot;, &quot;skind12&quot;, &quot;rid12&quot;, &quot;rkind12&quot;, &quot;cinfo12&quot;, &quot;crinfo12&quot;, &lt;com.collabnet.ccf.core.eis.connection.ConnectionManager@51ea8013&gt;)&#10;Allowed:&#10;expected at least once: createConnection( a string containing &quot;sid&quot;, a string containing &quot;skind&quot;, a string containing &quot;rid&quot;, a string containing &quot;rkind&quot;, a string containing &quot;cinfo&quot;, a string containing &quot;crinfo&quot; ), Returns a new string&#10;expected at least once: isAlive, Returns a new string&#10;expected at least once: closeConnection, Returns a new string&#10;" type="org.jmock.core.DynamicMockError"><![CDATA[org.jmock.core.DynamicMockError: 
mockConnectionFactory: unexpected invocation
Invoked: mockConnectionFactory.createConnection("sid12", "skind12", "rid12", "rkind12", "cinfo12", "crinfo12", <com.collabnet.ccf.core.eis.connection.ConnectionManager@51ea8013>)
Allowed:
expected at least once: createConnection( a string containing "sid", a string containing "skind", a string containing "rid", a string containing "rkind", a string containing "cinfo", a string containing "crinfo" ), Returns a new string
expected at least once: isAlive, Returns a new string
expected at least once: closeConnection, Returns a new string

	at org.jmock.core.AbstractDynamicMock.mockInvocation(AbstractDynamicMock.java:96)
	at org.jmock.core.CoreMock.invoke(CoreMock.java:39)
	at com.sun.proxy.$Proxy0.createConnection(Unknown Source)
	at com.collabnet.ccf.core.eis.connection.ConnectionPool.createConnection(ConnectionPool.java:423)
	at com.collabnet.ccf.core.eis.connection.ConnectionPool.getConnection(ConnectionPool.java:203)
	at com.collabnet.ccf.core.eis.connection.ConnectionManager.getConnectionToUpdateOrExtractArtifact(ConnectionManager.java:188)
	at com.collabnet.ccf.core.eis.connection.MutliThreadedConnectionManagerTest$2.runTestCase(MutliThreadedConnectionManagerTest.java:154)
	at com.collabnet.ccf.core.eis.connection.MutliThreadedConnectionManagerTest$TestCaseRunnable.run(MutliThreadedConnectionManagerTest.java:41)
	at java.lang.Thread.run(Thread.java:750)
]]></failure>
    <system-err><![CDATA[	at com.collabnet.ccf.core.eis.connection.MutliThreadedConnectionManagerTest$TestCaseRunnable.run(MutliThreadedConnectionManagerTest.java:41)
	at java.lang.Thread.run(Thread.java:750)
java.lang.InterruptedException: sleep interrupted
	at java.lang.Thread.sleep(Native Method)
	at com.collabnet.ccf.core.eis.connection.MutliThreadedConnectionManagerTest$2.runTestCase(MutliThreadedConnectionManagerTest.java:149)
	at com.collabnet.ccf.core.eis.connection.MutliThreadedConnectionManagerTest$TestCaseRunnable.run(MutliThreadedConnectionManagerTest.java:41)
	at java.lang.Thread.run(Thread.java:750)
java.lang.InterruptedException: sleep interrupted
	at java.lang.Thread.sleep(Native Method)
]]></system-err>
  </testcase>
  <testcase name="testMultipleGetConnectionWithMultiThreads" classname="com.collabnet.ccf.core.eis.connection.MutliThreadedConnectionManagerTest" time="0.093">
    <failure message="mockConnectionFactory: unexpected invocation&#10;Invoked: mockConnectionFactory.createConnection(&quot;sid12&quot;, &quot;skind12&quot;, &quot;rid12&quot;, &quot;rkind12&quot;, &quot;cinfo12&quot;, &quot;crinfo12&quot;, &lt;com.collabnet.ccf.core.eis.connection.ConnectionManager@51ea8013&gt;)&#10;Allowed:&#10;expected at least once: createConnection( a string containing &quot;sid&quot;, a string containing &quot;skind&quot;, a string containing &quot;rid&quot;, a string containing &quot;rkind&quot;, a string containing &quot;cinfo&quot;, a string containing &quot;crinfo&quot; ), Returns a new string&#10;expected at least once: isAlive, Returns a new string&#10;expected at least once: closeConnection, Returns a new string&#10;" type="org.jmock.core.DynamicMockError"><![CDATA[org.jmock.core.DynamicMockError: 
mockConnectionFactory: unexpected invocation
Invoked: mockConnectionFactory.createConnection("sid12", "skind12", "rid12", "rkind12", "cinfo12", "crinfo12", <com.collabnet.ccf.core.eis.connection.ConnectionManager@51ea8013>)
Allowed:
expected at least once: createConnection( a string containing "sid", a string containing "skind", a string containing "rid", a string containing "rkind", a string containing "cinfo", a string containing "crinfo" ), Returns a new string
expected at least once: isAlive, Returns a new string
expected at least once: closeConnection, Returns a new string

	at org.jmock.core.AbstractDynamicMock.mockInvocation(AbstractDynamicMock.java:96)
	at org.jmock.core.CoreMock.invoke(CoreMock.java:39)
	at com.sun.proxy.$Proxy0.createConnection(Unknown Source)
	at com.collabnet.ccf.core.eis.connection.ConnectionPool.createConnection(ConnectionPool.java:423)
	at com.collabnet.ccf.core.eis.connection.ConnectionPool.getConnection(ConnectionPool.java:203)
	at com.collabnet.ccf.core.eis.connection.ConnectionManager.getConnectionToUpdateOrExtractArtifact(ConnectionManager.java:188)
	at com.collabnet.ccf.core.eis.connection.MutliThreadedConnectionManagerTest$2.runTestCase(MutliThreadedConnectionManagerTest.java:154)
	at com.collabnet.ccf.core.eis.connection.MutliThreadedConnectionManagerTest$TestCaseRunnable.run(MutliThreadedConnectionManagerTest.java:41)
	at java.lang.Thread.run(Thread.java:750)
]]></failure>
    <system-err><![CDATA[	at com.collabnet.ccf.core.eis.connection.MutliThreadedConnectionManagerTest$2.runTestCase(MutliThreadedConnectionManagerTest.java:149)
	at com.collabnet.ccf.core.eis.connection.MutliThreadedConnectionManagerTest$TestCaseRunnable.run(MutliThreadedConnectionManagerTest.java:41)
	at java.lang.Thread.run(Thread.java:750)
java.lang.InterruptedException: sleep interrupted
	at java.lang.Thread.sleep(Native Method)
	at com.collabnet.ccf.core.eis.connection.MutliThreadedConnectionManagerTest$2.runTestCase(MutliThreadedConnectionManagerTest.java:149)
	at com.collabnet.ccf.core.eis.connection.MutliThreadedConnectionManagerTest$TestCaseRunnable.run(MutliThreadedConnectionManagerTest.java:41)
	at java.lang.Thread.run(Thread.java:750)
java.lang.InterruptedException: sleep interrupted
	at java.lang.Thread.sleep(Native Method)
	at com.collabnet.ccf.core.eis.connection.MutliThreadedConnectionManagerTest$2.runTestCase(MutliThreadedConnectionManagerTest.java:149)
	at com.collabnet.ccf.core.eis.connection.MutliThreadedConnectionManagerTest$TestCaseRunnable.run(MutliThreadedConnectionManagerTest.java:41)
	at java.lang.Thread.run(Thread.java:750)
java.lang.InterruptedException: sleep interrupted
	at java.lang.Thread.sleep(Native Method)
	at com.collabnet.ccf.core.eis.connection.MutliThreadedConnectionManagerTest$2.runTestCase(MutliThreadedConnectionManagerTest.java:149)
	at com.collabnet.ccf.core.eis.connection.MutliThreadedConnectionManagerTest$TestCaseRunnable.run(MutliThreadedConnectionManagerTest.java:41)
	at java.lang.Thread.run(Thread.java:750)
]]></system-err>
  </testcase>
  <testcase name="testMultipleGetConnectionWithMultiThreads" classname="com.collabnet.ccf.core.eis.connection.MutliThreadedConnectionManagerTest" time="0.094">
    <failure message="mockConnectionFactory: unexpected invocation&#10;Invoked: mockConnectionFactory.createConnection(&quot;sid12&quot;, &quot;skind12&quot;, &quot;rid12&quot;, &quot;rkind12&quot;, &quot;cinfo12&quot;, &quot;crinfo12&quot;, &lt;com.collabnet.ccf.core.eis.connection.ConnectionManager@51ea8013&gt;)&#10;Allowed:&#10;expected at least once: createConnection( a string containing &quot;sid&quot;, a string containing &quot;skind&quot;, a string containing &quot;rid&quot;, a string containing &quot;rkind&quot;, a string containing &quot;cinfo&quot;, a string containing &quot;crinfo&quot; ), Returns a new string&#10;expected at least once: isAlive, Returns a new string&#10;expected at least once: closeConnection, Returns a new string&#10;" type="org.jmock.core.DynamicMockError"><![CDATA[org.jmock.core.DynamicMockError: 
mockConnectionFactory: unexpected invocation
Invoked: mockConnectionFactory.createConnection("sid12", "skind12", "rid12", "rkind12", "cinfo12", "crinfo12", <com.collabnet.ccf.core.eis.connection.ConnectionManager@51ea8013>)
Allowed:
expected at least once: createConnection( a string containing "sid", a string containing "skind", a string containing "rid", a string containing "rkind", a string containing "cinfo", a string containing "crinfo" ), Returns a new string
expected at least once: isAlive, Returns a new string
expected at least once: closeConnection, Returns a new string

	at org.jmock.core.AbstractDynamicMock.mockInvocation(AbstractDynamicMock.java:96)
	at org.jmock.core.CoreMock.invoke(CoreMock.java:39)
	at com.sun.proxy.$Proxy0.createConnection(Unknown Source)
	at com.collabnet.ccf.core.eis.connection.ConnectionPool.createConnection(ConnectionPool.java:423)
	at com.collabnet.ccf.core.eis.connection.ConnectionPool.getConnection(ConnectionPool.java:203)
	at com.collabnet.ccf.core.eis.connection.ConnectionManager.getConnectionToUpdateOrExtractArtifact(ConnectionManager.java:188)
	at com.collabnet.ccf.core.eis.connection.MutliThreadedConnectionManagerTest$2.runTestCase(MutliThreadedConnectionManagerTest.java:154)
	at com.collabnet.ccf.core.eis.connection.MutliThreadedConnectionManagerTest$TestCaseRunnable.run(MutliThreadedConnectionManagerTest.java:41)
	at java.lang.Thread.run(Thread.java:750)
]]></failure>
    <system-err><![CDATA[java.lang.InterruptedException: sleep interrupted
	at java.lang.Thread.sleep(Native Method)
	at com.collabnet.ccf.core.eis.connection.MutliThreadedConnectionManagerTest$2.runTestCase(MutliThreadedConnectionManagerTest.java:149)
	at com.collabnet.ccf.core.eis.connection.MutliThreadedConnectionManagerTest$TestCaseRunnable.run(MutliThreadedConnectionManagerTest.java:41)
	at java.lang.Thread.run(Thread.java:750)
java.lang.InterruptedException: sleep interrupted
	at java.lang.Thread.sleep(Native Method)
	at com.collabnet.ccf.core.eis.connection.MutliThreadedConnectionManagerTest$2.runTestCase(MutliThreadedConnectionManagerTest.java:149)
	at com.collabnet.ccf.core.eis.connection.MutliThreadedConnectionManagerTest$TestCaseRunnable.run(MutliThreadedConnectionManagerTest.java:41)
	at java.lang.Thread.run(Thread.java:750)
java.lang.InterruptedException: sleep interrupted
]]></system-err>
  </testcase>
  <testcase name="testMultipleGetConnectionWithMultiThreads" classname="com.collabnet.ccf.core.eis.connection.MutliThreadedConnectionManagerTest" time="0.095">
    <failure message="mockConnectionFactory: unexpected invocation&#10;Invoked: mockConnectionFactory.createConnection(&quot;sid12&quot;, &quot;skind12&quot;, &quot;rid12&quot;, &quot;rkind12&quot;, &quot;cinfo12&quot;, &quot;crinfo12&quot;, &lt;com.collabnet.ccf.core.eis.connection.ConnectionManager@51ea8013&gt;)&#10;Allowed:&#10;expected at least once: createConnection( a string containing &quot;sid&quot;, a string containing &quot;skind&quot;, a string containing &quot;rid&quot;, a string containing &quot;rkind&quot;, a string containing &quot;cinfo&quot;, a string containing &quot;crinfo&quot; ), Returns a new string&#10;expected at least once: isAlive, Returns a new string&#10;expected at least once: closeConnection, Returns a new string&#10;" type="org.jmock.core.DynamicMockError"><![CDATA[org.jmock.core.DynamicMockError: 
mockConnectionFactory: unexpected invocation
Invoked: mockConnectionFactory.createConnection("sid12", "skind12", "rid12", "rkind12", "cinfo12", "crinfo12", <com.collabnet.ccf.core.eis.connection.ConnectionManager@51ea8013>)
Allowed:
expected at least once: createConnection( a string containing "sid", a string containing "skind", a string containing "rid", a string containing "rkind", a string containing "cinfo", a string containing "crinfo" ), Returns a new string
expected at least once: isAlive, Returns a new string
expected at least once: closeConnection, Returns a new string

	at org.jmock.core.AbstractDynamicMock.mockInvocation(AbstractDynamicMock.java:96)
	at org.jmock.core.CoreMock.invoke(CoreMock.java:39)
	at com.sun.proxy.$Proxy0.createConnection(Unknown Source)
	at com.collabnet.ccf.core.eis.connection.ConnectionPool.createConnection(ConnectionPool.java:423)
	at com.collabnet.ccf.core.eis.connection.ConnectionPool.getConnection(ConnectionPool.java:203)
	at com.collabnet.ccf.core.eis.connection.ConnectionManager.getConnectionToUpdateOrExtractArtifact(ConnectionManager.java:188)
	at com.collabnet.ccf.core.eis.connection.MutliThreadedConnectionManagerTest$2.runTestCase(MutliThreadedConnectionManagerTest.java:154)
	at com.collabnet.ccf.core.eis.connection.MutliThreadedConnectionManagerTest$TestCaseRunnable.run(MutliThreadedConnectionManagerTest.java:41)
	at java.lang.Thread.run(Thread.java:750)
]]></failure>
    <system-err><![CDATA[	at java.lang.Thread.sleep(Native Method)
	at com.collabnet.ccf.core.eis.connection.MutliThreadedConnectionManagerTest$2.runTestCase(MutliThreadedConnectionManagerTest.java:149)
	at com.collabnet.ccf.core.eis.connection.MutliThreadedConnectionManagerTest$TestCaseRunnable.run(MutliThreadedConnectionManagerTest.java:41)
	at java.lang.Thread.run(Thread.java:750)
java.lang.InterruptedException: sleep interrupted
	at java.lang.Thread.sleep(Native Method)
	at com.collabnet.ccf.core.eis.connection.MutliThreadedConnectionManagerTest$2.runTestCase(MutliThreadedConnectionManagerTest.java:149)
	at com.collabnet.ccf.core.eis.connection.MutliThreadedConnectionManagerTest$TestCaseRunnable.run(MutliThreadedConnectionManagerTest.java:41)
	at java.lang.Thread.run(Thread.java:750)
java.lang.InterruptedException: sleep interrupted
	at java.lang.Thread.sleep(Native Method)
	at com.collabnet.ccf.core.eis.connection.MutliThreadedConnectionManagerTest$2.runTestCase(MutliThreadedConnectionManagerTest.java:149)
	at com.collabnet.ccf.core.eis.connection.MutliThreadedConnectionManagerTest$TestCaseRunnable.run(MutliThreadedConnectionManagerTest.java:41)
	at java.lang.Thread.run(Thread.java:750)
java.lang.InterruptedException: sleep interrupted
	at java.lang.Thread.sleep(Native Method)
]]></system-err>
  </testcase>
  <testcase name="testMultipleGetConnectionWithMultiThreads" classname="com.collabnet.ccf.core.eis.connection.MutliThreadedConnectionManagerTest" time="0.095">
    <failure message="mockConnectionFactory: unexpected invocation&#10;Invoked: mockConnectionFactory.createConnection(&quot;sid12&quot;, &quot;skind12&quot;, &quot;rid12&quot;, &quot;rkind12&quot;, &quot;cinfo12&quot;, &quot;crinfo12&quot;, &lt;com.collabnet.ccf.core.eis.connection.ConnectionManager@51ea8013&gt;)&#10;Allowed:&#10;expected at least once: createConnection( a string containing &quot;sid&quot;, a string containing &quot;skind&quot;, a string containing &quot;rid&quot;, a string containing &quot;rkind&quot;, a string containing &quot;cinfo&quot;, a string containing &quot;crinfo&quot; ), Returns a new string&#10;expected at least once: isAlive, Returns a new string&#10;expected at least once: closeConnection, Returns a new string&#10;" type="org.jmock.core.DynamicMockError"><![CDATA[org.jmock.core.DynamicMockError: 
mockConnectionFactory: unexpected invocation
Invoked: mockConnectionFactory.createConnection("sid12", "skind12", "rid12", "rkind12", "cinfo12", "crinfo12", <com.collabnet.ccf.core.eis.connection.ConnectionManager@51ea8013>)
Allowed:
expected at least once: createConnection( a string containing "sid", a string containing "skind", a string containing "rid", a string containing "rkind", a string containing "cinfo", a string containing "crinfo" ), Returns a new string
expected at least once: isAlive, Returns a new string
expected at least once: closeConnection, Returns a new string

	at org.jmock.core.AbstractDynamicMock.mockInvocation(AbstractDynamicMock.java:96)
	at org.jmock.core.CoreMock.invoke(CoreMock.java:39)
	at com.sun.proxy.$Proxy0.createConnection(Unknown Source)
	at com.collabnet.ccf.core.eis.connection.ConnectionPool.createConnection(ConnectionPool.java:423)
	at com.collabnet.ccf.core.eis.connection.ConnectionPool.getConnection(ConnectionPool.java:203)
	at com.collabnet.ccf.core.eis.connection.ConnectionManager.getConnectionToUpdateOrExtractArtifact(ConnectionManager.java:188)
	at com.collabnet.ccf.core.eis.connection.MutliThreadedConnectionManagerTest$2.runTestCase(MutliThreadedConnectionManagerTest.java:154)
	at com.collabnet.ccf.core.eis.connection.MutliThreadedConnectionManagerTest$TestCaseRunnable.run(MutliThreadedConnectionManagerTest.java:41)
	at java.lang.Thread.run(Thread.java:750)
]]></failure>
    <system-err><![CDATA[	at com.collabnet.ccf.core.eis.connection.MutliThreadedConnectionManagerTest$2.runTestCase(MutliThreadedConnectionManagerTest.java:149)
	at com.collabnet.ccf.core.eis.connection.MutliThreadedConnectionManagerTest$TestCaseRunnable.run(MutliThreadedConnectionManagerTest.java:41)
	at java.lang.Thread.run(Thread.java:750)
java.lang.InterruptedException: sleep interrupted
	at java.lang.Thread.sleep(Native Method)
	at com.collabnet.ccf.core.eis.connection.MutliThreadedConnectionManagerTest$2.runTestCase(MutliThreadedConnectionManagerTest.java:149)
	at com.collabnet.ccf.core.eis.connection.MutliThreadedConnectionManagerTest$TestCaseRunnable.run(MutliThreadedConnectionManagerTest.java:41)
	at java.lang.Thread.run(Thread.java:750)
java.lang.InterruptedException: sleep interrupted
	at java.lang.Thread.sleep(Native Method)
	at com.collabnet.ccf.core.eis.connection.MutliThreadedConnectionManagerTest$2.runTestCase(MutliThreadedConnectionManagerTest.java:149)
]]></system-err>
  </testcase>
  <testcase name="testMultipleGetConnectionWithMultiThreads" classname="com.collabnet.ccf.core.eis.connection.MutliThreadedConnectionManagerTest" time="0.095">
    <failure message="mockConnectionFactory: unexpected invocation&#10;Invoked: mockConnectionFactory.createConnection(&quot;sid12&quot;, &quot;skind12&quot;, &quot;rid12&quot;, &quot;rkind12&quot;, &quot;cinfo12&quot;, &quot;crinfo12&quot;, &lt;com.collabnet.ccf.core.eis.connection.ConnectionManager@51ea8013&gt;)&#10;Allowed:&#10;expected at least once: createConnection( a string containing &quot;sid&quot;, a string containing &quot;skind&quot;, a string containing &quot;rid&quot;, a string containing &quot;rkind&quot;, a string containing &quot;cinfo&quot;, a string containing &quot;crinfo&quot; ), Returns a new string&#10;expected at least once: isAlive, Returns a new string&#10;expected at least once: closeConnection, Returns a new string&#10;" type="org.jmock.core.DynamicMockError"><![CDATA[org.jmock.core.DynamicMockError: 
mockConnectionFactory: unexpected invocation
Invoked: mockConnectionFactory.createConnection("sid12", "skind12", "rid12", "rkind12", "cinfo12", "crinfo12", <com.collabnet.ccf.core.eis.connection.ConnectionManager@51ea8013>)
Allowed:
expected at least once: createConnection( a string containing "sid", a string containing "skind", a string containing "rid", a string containing "rkind", a string containing "cinfo", a string containing "crinfo" ), Returns a new string
expected at least once: isAlive, Returns a new string
expected at least once: closeConnection, Returns a new string

	at org.jmock.core.AbstractDynamicMock.mockInvocation(AbstractDynamicMock.java:96)
	at org.jmock.core.CoreMock.invoke(CoreMock.java:39)
	at com.sun.proxy.$Proxy0.createConnection(Unknown Source)
	at com.collabnet.ccf.core.eis.connection.ConnectionPool.createConnection(ConnectionPool.java:423)
	at com.collabnet.ccf.core.eis.connection.ConnectionPool.getConnection(ConnectionPool.java:203)
	at com.collabnet.ccf.core.eis.connection.ConnectionManager.getConnectionToUpdateOrExtractArtifact(ConnectionManager.java:188)
	at com.collabnet.ccf.core.eis.connection.MutliThreadedConnectionManagerTest$2.runTestCase(MutliThreadedConnectionManagerTest.java:154)
	at com.collabnet.ccf.core.eis.connection.MutliThreadedConnectionManagerTest$TestCaseRunnable.run(MutliThreadedConnectionManagerTest.java:41)
	at java.lang.Thread.run(Thread.java:750)
]]></failure>
    <system-err><![CDATA[	at com.collabnet.ccf.core.eis.connection.MutliThreadedConnectionManagerTest$TestCaseRunnable.run(MutliThreadedConnectionManagerTest.java:41)
	at java.lang.Thread.run(Thread.java:750)
java.lang.InterruptedException: sleep interrupted
	at java.lang.Thread.sleep(Native Method)
	at com.collabnet.ccf.core.eis.connection.MutliThreadedConnectionManagerTest$2.runTestCase(MutliThreadedConnectionManagerTest.java:149)
	at com.collabnet.ccf.core.eis.connection.MutliThreadedConnectionManagerTest$TestCaseRunnable.run(MutliThreadedConnectionManagerTest.java:41)
	at java.lang.Thread.run(Thread.java:750)
java.lang.InterruptedException: sleep interrupted
	at java.lang.Thread.sleep(Native Method)
	at com.collabnet.ccf.core.eis.connection.MutliThreadedConnectionManagerTest$2.runTestCase(MutliThreadedConnectionManagerTest.java:149)
	at com.collabnet.ccf.core.eis.connection.MutliThreadedConnectionManagerTest$TestCaseRunnable.run(MutliThreadedConnectionManagerTest.java:41)
	at java.lang.Thread.run(Thread.java:750)
java.lang.InterruptedException: sleep interrupted
	at java.lang.Thread.sleep(Native Method)
	at com.collabnet.ccf.core.eis.connection.MutliThreadedConnectionManagerTest$2.runTestCase(MutliThreadedConnectionManagerTest.java:149)
	at com.collabnet.ccf.core.eis.connection.MutliThreadedConnectionManagerTest$TestCaseRunnable.run(MutliThreadedConnectionManagerTest.java:41)
	at java.lang.Thread.run(Thread.java:750)
]]></system-err>
  </testcase>
  <testcase name="testMultipleGetConnectionWithMultiThreads" classname="com.collabnet.ccf.core.eis.connection.MutliThreadedConnectionManagerTest" time="0.096">
    <failure message="mockConnectionFactory: unexpected invocation&#10;Invoked: mockConnectionFactory.createConnection(&quot;sid12&quot;, &quot;skind12&quot;, &quot;rid12&quot;, &quot;rkind12&quot;, &quot;cinfo12&quot;, &quot;crinfo12&quot;, &lt;com.collabnet.ccf.core.eis.connection.ConnectionManager@51ea8013&gt;)&#10;Allowed:&#10;expected at least once: createConnection( a string containing &quot;sid&quot;, a string containing &quot;skind&quot;, a string containing &quot;rid&quot;, a string containing &quot;rkind&quot;, a string containing &quot;cinfo&quot;, a string containing &quot;crinfo&quot; ), Returns a new string&#10;expected at least once: isAlive, Returns a new string&#10;expected at least once: closeConnection, Returns a new string&#10;" type="org.jmock.core.DynamicMockError"><![CDATA[org.jmock.core.DynamicMockError: 
mockConnectionFactory: unexpected invocation
Invoked: mockConnectionFactory.createConnection("sid12", "skind12", "rid12", "rkind12", "cinfo12", "crinfo12", <com.collabnet.ccf.core.eis.connection.ConnectionManager@51ea8013>)
Allowed:
expected at least once: createConnection( a string containing "sid", a string containing "skind", a string containing "rid", a string containing "rkind", a string containing "cinfo", a string containing "crinfo" ), Returns a new string
expected at least once: isAlive, Returns a new string
expected at least once: closeConnection, Returns a new string

	at org.jmock.core.AbstractDynamicMock.mockInvocation(AbstractDynamicMock.java:96)
	at org.jmock.core.CoreMock.invoke(CoreMock.java:39)
	at com.sun.proxy.$Proxy0.createConnection(Unknown Source)
	at com.collabnet.ccf.core.eis.connection.ConnectionPool.createConnection(ConnectionPool.java:423)
	at com.collabnet.ccf.core.eis.connection.ConnectionPool.getConnection(ConnectionPool.java:203)
	at com.collabnet.ccf.core.eis.connection.ConnectionManager.getConnectionToUpdateOrExtractArtifact(ConnectionManager.java:188)
	at com.collabnet.ccf.core.eis.connection.MutliThreadedConnectionManagerTest$2.runTestCase(MutliThreadedConnectionManagerTest.java:154)
	at com.collabnet.ccf.core.eis.connection.MutliThreadedConnectionManagerTest$TestCaseRunnable.run(MutliThreadedConnectionManagerTest.java:41)
	at java.lang.Thread.run(Thread.java:750)
]]></failure>
    <system-err><![CDATA[java.lang.InterruptedException: sleep interrupted
	at java.lang.Thread.sleep(Native Method)
	at com.collabnet.ccf.core.eis.connection.MutliThreadedConnectionManagerTest$2.runTestCase(MutliThreadedConnectionManagerTest.java:149)
	at com.collabnet.ccf.core.eis.connection.MutliThreadedConnectionManagerTest$TestCaseRunnable.run(MutliThreadedConnectionManagerTest.java:41)
	at java.lang.Thread.run(Thread.java:750)
java.lang.InterruptedException: sleep interrupted
	at java.lang.Thread.sleep(Native Method)
	at com.collabnet.ccf.core.eis.connection.MutliThreadedConnectionManagerTest$2.runTestCase(MutliThreadedConnectionManagerTest.java:149)
	at com.collabnet.ccf.core.eis.connection.MutliThreadedConnectionManagerTest$TestCaseRunnable.run(MutliThreadedConnectionManagerTest.java:41)
	at java.lang.Thread.run(Thread.java:750)
java.lang.InterruptedException: sleep interrupted
	at java.lang.Thread.sleep(Native Method)
	at com.collabnet.ccf.core.eis.connection.MutliThreadedConnectionManagerTest$2.runTestCase(MutliThreadedConnectionManagerTest.java:149)
	at com.collabnet.ccf.core.eis.connection.MutliThreadedConnectionManagerTest$TestCaseRunnable.run(MutliThreadedConnectionManagerTest.java:41)
	at java.lang.Thread.run(Thread.java:750)
java.lang.InterruptedException: sleep interrupted
	at java.lang.Thread.sleep(Native Method)
	at com.collabnet.ccf.core.eis.connection.MutliThreadedConnectionManagerTest$2.runTestCase(MutliThreadedConnectionManagerTest.java:149)
	at com.collabnet.ccf.core.eis.connection.MutliThreadedConnectionManagerTest$TestCaseRunnable.run(MutliThreadedConnectionManagerTest.java:41)
	at java.lang.Thread.run(Thread.java:750)
java.lang.InterruptedException: sleep interrupted
	at java.lang.Thread.sleep(Native Method)
	at com.collabnet.ccf.core.eis.connection.MutliThreadedConnectionManagerTest$2.runTestCase(MutliThreadedConnectionManagerTest.java:149)
	at com.collabnet.ccf.core.eis.connection.MutliThreadedConnectionManagerTest$TestCaseRunnable.run(MutliThreadedConnectionManagerTest.java:41)
	at java.lang.Thread.run(Thread.java:750)
java.lang.InterruptedException: sleep interrupted
	at java.lang.Thread.sleep(Native Method)
	at com.collabnet.ccf.core.eis.connection.MutliThreadedConnectionManagerTest$2.runTestCase(MutliThreadedConnectionManagerTest.java:149)
	at com.collabnet.ccf.core.eis.connection.MutliThreadedConnectionManagerTest$TestCaseRunnable.run(MutliThreadedConnectionManagerTest.java:41)
	at java.lang.Thread.run(Thread.java:750)
java.lang.InterruptedException: sleep interrupted
	at java.lang.Thread.sleep(Native Method)
	at com.collabnet.ccf.core.eis.connection.MutliThreadedConnectionManagerTest$2.runTestCase(MutliThreadedConnectionManagerTest.java:149)
	at com.collabnet.ccf.core.eis.connection.MutliThreadedConnectionManagerTest$TestCaseRunnable.run(MutliThreadedConnectionManagerTest.java:41)
	at java.lang.Thread.run(Thread.java:750)
java.lang.InterruptedException: sleep interrupted
]]></system-err>
  </testcase>
  <testcase name="testMultipleGetConnectionWithMultiThreads" classname="com.collabnet.ccf.core.eis.connection.MutliThreadedConnectionManagerTest" time="0.096">
    <failure message="mockConnectionFactory: unexpected invocation&#10;Invoked: mockConnectionFactory.createConnection(&quot;sid12&quot;, &quot;skind12&quot;, &quot;rid12&quot;, &quot;rkind12&quot;, &quot;cinfo12&quot;, &quot;crinfo12&quot;, &lt;com.collabnet.ccf.core.eis.connection.ConnectionManager@51ea8013&gt;)&#10;Allowed:&#10;expected at least once: createConnection( a string containing &quot;sid&quot;, a string containing &quot;skind&quot;, a string containing &quot;rid&quot;, a string containing &quot;rkind&quot;, a string containing &quot;cinfo&quot;, a string containing &quot;crinfo&quot; ), Returns a new string&#10;expected at least once: isAlive, Returns a new string&#10;expected at least once: closeConnection, Returns a new string&#10;" type="org.jmock.core.DynamicMockError"><![CDATA[org.jmock.core.DynamicMockError: 
mockConnectionFactory: unexpected invocation
Invoked: mockConnectionFactory.createConnection("sid12", "skind12", "rid12", "rkind12", "cinfo12", "crinfo12", <com.collabnet.ccf.core.eis.connection.ConnectionManager@51ea8013>)
Allowed:
expected at least once: createConnection( a string containing "sid", a string containing "skind", a string containing "rid", a string containing "rkind", a string containing "cinfo", a string containing "crinfo" ), Returns a new string
expected at least once: isAlive, Returns a new string
expected at least once: closeConnection, Returns a new string

	at org.jmock.core.AbstractDynamicMock.mockInvocation(AbstractDynamicMock.java:96)
	at org.jmock.core.CoreMock.invoke(CoreMock.java:39)
	at com.sun.proxy.$Proxy0.createConnection(Unknown Source)
	at com.collabnet.ccf.core.eis.connection.ConnectionPool.createConnection(ConnectionPool.java:423)
	at com.collabnet.ccf.core.eis.connection.ConnectionPool.getConnection(ConnectionPool.java:203)
	at com.collabnet.ccf.core.eis.connection.ConnectionManager.getConnectionToUpdateOrExtractArtifact(ConnectionManager.java:188)
	at com.collabnet.ccf.core.eis.connection.MutliThreadedConnectionManagerTest$2.runTestCase(MutliThreadedConnectionManagerTest.java:154)
	at com.collabnet.ccf.core.eis.connection.MutliThreadedConnectionManagerTest$TestCaseRunnable.run(MutliThreadedConnectionManagerTest.java:41)
	at java.lang.Thread.run(Thread.java:750)
]]></failure>
    <system-err><![CDATA[	at java.lang.Thread.sleep(Native Method)
	at com.collabnet.ccf.core.eis.connection.MutliThreadedConnectionManagerTest$2.runTestCase(MutliThreadedConnectionManagerTest.java:149)
	at com.collabnet.ccf.core.eis.connection.MutliThreadedConnectionManagerTest$TestCaseRunnable.run(MutliThreadedConnectionManagerTest.java:41)
	at java.lang.Thread.run(Thread.java:750)
java.lang.InterruptedException: sleep interrupted
[...]
java.lang.InterruptedException: sleep interrupted
	at java.lang.Thread.sleep(Native Method)
	at com.collabnet.ccf.core.eis.connection.MutliThreadedConnectionManagerTest$2.runTestCase(MutliThreadedConnectionManagerTest.java:149)
	at com.collabnet.ccf.core.eis.connection.MutliThreadedConnectionManagerTest$TestCaseRunnable.run(MutliThreadedConnectionManagerTest.java:41)
	at java.lang.Thread.run(Thread.java:750)
java.lang.InterruptedException: sleep interrupted
	at java.lang.Thread.sleep(Native Method)
	at com.collabnet.ccf.core.eis.connection.MutliThreadedConnectionManagerTest$2.runTestCase(MutliThreadedConnectionManagerTest.java:149)
	at com.collabnet.ccf.core.eis.connection.MutliThreadedConnectionManagerTest$TestCaseRunnable.run(MutliThreadedConnectionManagerTest.java:41)
	at java.lang.Thread.run(Thread.java:750)
]]></system-err>
  </testcase>
  <testcase name="testMultipleGetConnectionWithMultiThreads" classname="com.collabnet.ccf.core.eis.connection.MutliThreadedConnectionManagerTest" time="0.14">
    <failure message="mockConnectionFactory: unexpected invocation&#10;Invoked: mockConnectionFactory.createConnection(&quot;sid12&quot;, &quot;skind12&quot;, &quot;rid12&quot;, &quot;rkind12&quot;, &quot;cinfo12&quot;, &quot;crinfo12&quot;, &lt;com.collabnet.ccf.core.eis.connection.ConnectionManager@51ea8013&gt;)&#10;Allowed:&#10;expected at least once: createConnection( a string containing &quot;sid&quot;, a string containing &quot;skind&quot;, a string containing &quot;rid&quot;, a string containing &quot;rkind&quot;, a string containing &quot;cinfo&quot;, a string containing &quot;crinfo&quot; ), Returns a new string&#10;expected at least once: isAlive, Returns a new string&#10;expected at least once: closeConnection, Returns a new string&#10;" type="org.jmock.core.DynamicMockError"><![CDATA[org.jmock.core.DynamicMockError: 
mockConnectionFactory: unexpected invocation
Invoked: mockConnectionFactory.createConnection("sid12", "skind12", "rid12", "rkind12", "cinfo12", "crinfo12", <com.collabnet.ccf.core.eis.connection.ConnectionManager@51ea8013>)
Allowed:
expected at least once: createConnection( a string containing "sid", a string containing "skind", a string containing "rid", a string containing "rkind", a string containing "cinfo", a string containing "crinfo" ), Returns a new string
expected at least once: isAlive, Returns a new string
expected at least once: closeConnection, Returns a new string

	at org.jmock.core.AbstractDynamicMock.mockInvocation(AbstractDynamicMock.java:96)
	at org.jmock.core.CoreMock.invoke(CoreMock.java:39)
	at com.sun.proxy.$Proxy0.createConnection(Unknown Source)
	at com.collabnet.ccf.core.eis.connection.ConnectionPool.createConnection(ConnectionPool.java:423)
	at com.collabnet.ccf.core.eis.connection.ConnectionPool.getConnection(ConnectionPool.java:203)
	at com.collabnet.ccf.core.eis.connection.ConnectionManager.getConnectionToUpdateOrExtractArtifact(ConnectionManager.java:188)
	at com.collabnet.ccf.core.eis.connection.MutliThreadedConnectionManagerTest$2.runTestCase(MutliThreadedConnectionManagerTest.java:154)
	at com.collabnet.ccf.core.eis.connection.MutliThreadedConnectionManagerTest$TestCaseRunnable.run(MutliThreadedConnectionManagerTest.java:41)
	at java.lang.Thread.run(Thread.java:750)
]]></failure>
  </testcase>
  <testcase name="testMultipleGetConnectionWithMultiThreads" classname="com.collabnet.ccf.core.eis.connection.MutliThreadedConnectionManagerTest" time="0.14">
    <failure message="mockConnectionFactory: unexpected invocation&#10;Invoked: mockConnectionFactory.createConnection(&quot;sid12&quot;, &quot;skind12&quot;, &quot;rid12&quot;, &quot;rkind12&quot;, &quot;cinfo12&quot;, &quot;crinfo12&quot;, &lt;com.collabnet.ccf.core.eis.connection.ConnectionManager@51ea8013&gt;)&#10;Allowed:&#10;expected at least once: createConnection( a string containing &quot;sid&quot;, a string containing &quot;skind&quot;, a string containing &quot;rid&quot;, a string containing &quot;rkind&quot;, a string containing &quot;cinfo&quot;, a string containing &quot;crinfo&quot; ), Returns a new string&#10;expected at least once: isAlive, Returns a new string&#10;expected at least once: closeConnection, Returns a new string&#10;" type="org.jmock.core.DynamicMockError"><![CDATA[org.jmock.core.DynamicMockError: 
mockConnectionFactory: unexpected invocation
Invoked: mockConnectionFactory.createConnection("sid12", "skind12", "rid12", "rkind12", "cinfo12", "crinfo12", <com.collabnet.ccf.core.eis.connection.ConnectionManager@51ea8013>)
Allowed:
expected at least once: createConnection( a string containing "sid", a string containing "skind", a string containing "rid", a string containing "rkind", a string containing "cinfo", a string containing "crinfo" ), Returns a new string
expected at least once: isAlive, Returns a new string
expected at least once: closeConnection, Returns a new string

	at org.jmock.core.AbstractDynamicMock.mockInvocation(AbstractDynamicMock.java:96)
	at org.jmock.core.CoreMock.invoke(CoreMock.java:39)
	at com.sun.proxy.$Proxy0.createConnection(Unknown Source)
	at com.collabnet.ccf.core.eis.connection.ConnectionPool.createConnection(ConnectionPool.java:423)
	at com.collabnet.ccf.core.eis.connection.ConnectionPool.getConnection(ConnectionPool.java:203)
	at com.collabnet.ccf.core.eis.connection.ConnectionManager.getConnectionToUpdateOrExtractArtifact(ConnectionManager.java:188)
	at com.collabnet.ccf.core.eis.connection.MutliThreadedConnectionManagerTest$2.runTestCase(MutliThreadedConnectionManagerTest.java:154)
	at com.collabnet.ccf.core.eis.connection.MutliThreadedConnectionManagerTest$TestCaseRunnable.run(MutliThreadedConnectionManagerTest.java:41)
	at java.lang.Thread.run(Thread.java:750)
]]></failure>
  </testcase>
  <testcase name="testMultipleGetConnectionWithMultiThreads" classname="com.collabnet.ccf.core.eis.connection.MutliThreadedConnectionManagerTest" time="0.14">
    <failure message="mockConnectionFactory: unexpected invocation&#10;Invoked: mockConnectionFactory.createConnection(&quot;sid12&quot;, &quot;skind12&quot;, &quot;rid12&quot;, &quot;rkind12&quot;, &quot;cinfo12&quot;, &quot;crinfo12&quot;, &lt;com.collabnet.ccf.core.eis.connection.ConnectionManager@51ea8013&gt;)&#10;Allowed:&#10;expected at least once: createConnection( a string containing &quot;sid&quot;, a string containing &quot;skind&quot;, a string containing &quot;rid&quot;, a string containing &quot;rkind&quot;, a string containing &quot;cinfo&quot;, a string containing &quot;crinfo&quot; ), Returns a new string&#10;expected at least once: isAlive, Returns a new string&#10;expected at least once: closeConnection, Returns a new string&#10;" type="org.jmock.core.DynamicMockError"><![CDATA[org.jmock.core.DynamicMockError: 
mockConnectionFactory: unexpected invocation
Invoked: mockConnectionFactory.createConnection("sid12", "skind12", "rid12", "rkind12", "cinfo12", "crinfo12", <com.collabnet.ccf.core.eis.connection.ConnectionManager@51ea8013>)
Allowed:
expected at least once: createConnection( a string containing "sid", a string containing "skind", a string containing "rid", a string containing "rkind", a string containing "cinfo", a string containing "crinfo" ), Returns a new string
expected at least once: isAlive, Returns a new string
expected at least once: closeConnection, Returns a new string

	at org.jmock.core.AbstractDynamicMock.mockInvocation(AbstractDynamicMock.java:96)
	at org.jmock.core.CoreMock.invoke(CoreMock.java:39)
	at com.sun.proxy.$Proxy0.createConnection(Unknown Source)
	at com.collabnet.ccf.core.eis.connection.ConnectionPool.createConnection(ConnectionPool.java:423)
	at com.collabnet.ccf.core.eis.connection.ConnectionPool.getConnection(ConnectionPool.java:203)
	at com.collabnet.ccf.core.eis.connection.ConnectionManager.getConnectionToUpdateOrExtractArtifact(ConnectionManager.java:188)
	at com.collabnet.ccf.core.eis.connection.MutliThreadedConnectionManagerTest$2.runTestCase(MutliThreadedConnectionManagerTest.java:154)
	at com.collabnet.ccf.core.eis.connection.MutliThreadedConnectionManagerTest$TestCaseRunnable.run(MutliThreadedConnectionManagerTest.java:41)
	at java.lang.Thread.run(Thread.java:750)
]]></failure>
  </testcase>
  <testcase name="testMultipleGetConnectionWithMultiThreads" classname="com.collabnet.ccf.core.eis.connection.MutliThreadedConnectionManagerTest" time="0.141">
    <failure message="mockConnectionFactory: unexpected invocation&#10;Invoked: mockConnectionFactory.createConnection(&quot;sid12&quot;, &quot;skind12&quot;, &quot;rid12&quot;, &quot;rkind12&quot;, &quot;cinfo12&quot;, &quot;crinfo12&quot;, &lt;com.collabnet.ccf.core.eis.connection.ConnectionManager@51ea8013&gt;)&#10;Allowed:&#10;expected at least once: createConnection( a string containing &quot;sid&quot;, a string containing &quot;skind&quot;, a string containing &quot;rid&quot;, a string containing &quot;rkind&quot;, a string containing &quot;cinfo&quot;, a string containing &quot;crinfo&quot; ), Returns a new string&#10;expected at least once: isAlive, Returns a new string&#10;expected at least once: closeConnection, Returns a new string&#10;" type="org.jmock.core.DynamicMockError"><![CDATA[org.jmock.core.DynamicMockError: 
mockConnectionFactory: unexpected invocation
Invoked: mockConnectionFactory.createConnection("sid12", "skind12", "rid12", "rkind12", "cinfo12", "crinfo12", <com.collabnet.ccf.core.eis.connection.ConnectionManager@51ea8013>)
Allowed:
expected at least once: createConnection( a string containing "sid", a string containing "skind", a string containing "rid", a string containing "rkind", a string containing "cinfo", a string containing "crinfo" ), Returns a new string
expected at least once: isAlive, Returns a new string
expected at least once: closeConnection, Returns a new string

	at org.jmock.core.AbstractDynamicMock.mockInvocation(AbstractDynamicMock.java:96)
	at org.jmock.core.CoreMock.invoke(CoreMock.java:39)
	at com.sun.proxy.$Proxy0.createConnection(Unknown Source)
	at com.collabnet.ccf.core.eis.connection.ConnectionPool.createConnection(ConnectionPool.java:423)
	at com.collabnet.ccf.core.eis.connection.ConnectionPool.getConnection(ConnectionPool.java:203)
	at com.collabnet.ccf.core.eis.connection.ConnectionManager.getConnectionToUpdateOrExtractArtifact(ConnectionManager.java:188)
	at com.collabnet.ccf.core.eis.connection.MutliThreadedConnectionManagerTest$2.runTestCase(MutliThreadedConnectionManagerTest.java:154)
	at com.collabnet.ccf.core.eis.connection.MutliThreadedConnectionManagerTest$TestCaseRunnable.run(MutliThreadedConnectionManagerTest.java:41)
	at java.lang.Thread.run(Thread.java:750)
]]></failure>
    <system-err><![CDATA[java.lang.InterruptedException: sleep interrupted
	at java.lang.Thread.sleep(Native Method)
	at com.collabnet.ccf.core.eis.connection.MutliThreadedConnectionManagerTest$2.runTestCase(MutliThreadedConnectionManagerTest.java:149)
	at com.collabnet.ccf.core.eis.connection.MutliThreadedConnectionManagerTest$TestCaseRunnable.run(MutliThreadedConnectionManagerTest.java:41)
	at java.lang.Thread.run(Thread.java:750)
java.lang.InterruptedException: sleep interrupted
	at java.lang.Thread.sleep(Native Method)
	at com.collabnet.ccf.core.eis.connection.MutliThreadedConnectionManagerTest$2.runTestCase(MutliThreadedConnectionManagerTest.java:149)
	at com.collabnet.ccf.core.eis.connection.MutliThreadedConnectionManagerTest$TestCaseRunnable.run(MutliThreadedConnectionManagerTest.java:41)
	at java.lang.Thread.run(Thread.java:750)
]]></system-err>
  </testcase>
  <testcase name="testMultipleGetConnectionWithMultiThreads" classname="com.collabnet.ccf.core.eis.connection.MutliThreadedConnectionManagerTest" time="0.141">
    <failure message="mockConnectionFactory: unexpected invocation&#10;Invoked: mockConnectionFactory.createConnection(&quot;sid12&quot;, &quot;skind12&quot;, &quot;rid12&quot;, &quot;rkind12&quot;, &quot;cinfo12&quot;, &quot;crinfo12&quot;, &lt;com.collabnet.ccf.core.eis.connection.ConnectionManager@51ea8013&gt;)&#10;Allowed:&#10;expected at least once: createConnection( a string containing &quot;sid&quot;, a string containing &quot;skind&quot;, a string containing &quot;rid&quot;, a string containing &quot;rkind&quot;, a string containing &quot;cinfo&quot;, a string containing &quot;crinfo&quot; ), Returns a new string&#10;expected at least once: isAlive, Returns a new string&#10;expected at least once: closeConnection, Returns a new string&#10;" type="org.jmock.core.DynamicMockError"><![CDATA[org.jmock.core.DynamicMockError: 
mockConnectionFactory: unexpected invocation
Invoked: mockConnectionFactory.createConnection("sid12", "skind12", "rid12", "rkind12", "cinfo12", "crinfo12", <com.collabnet.ccf.core.eis.connection.ConnectionManager@51ea8013>)
Allowed:
expected at least once: createConnection( a string containing "sid", a string containing "skind", a string containing "rid", a string containing "rkind", a string containing "cinfo", a string containing "crinfo" ), Returns a new string
expected at least once: isAlive, Returns a new string
expected at least once: closeConnection, Returns a new string

	at org.jmock.core.AbstractDynamicMock.mockInvocation(AbstractDynamicMock.java:96)
	at org.jmock.core.CoreMock.invoke(CoreMock.java:39)
	at com.sun.proxy.$Proxy0.createConnection(Unknown Source)
	at com.collabnet.ccf.core.eis.connection.ConnectionPool.createConnection(ConnectionPool.java:423)
	at com.collabnet.ccf.core.eis.connection.ConnectionPool.getConnection(ConnectionPool.java:203)
	at com.collabnet.ccf.core.eis.connection.ConnectionManager.getConnectionToUpdateOrExtractArtifact(ConnectionManager.java:188)
	at com.collabnet.ccf.core.eis.connection.MutliThreadedConnectionManagerTest$2.runTestCase(MutliThreadedConnectionManagerTest.java:154)
	at com.collabnet.ccf.core.eis.connection.MutliThreadedConnectionManagerTest$TestCaseRunnable.run(MutliThreadedConnectionManagerTest.java:41)
	at java.lang.Thread.run(Thread.java:750)
]]></failure>
  </testcase>
  <testcase name="testMultipleGetConnectionWithMultiThreads" classname="com.collabnet.ccf.core.eis.connection.MutliThreadedConnectionManagerTest" time="0.144">
    <failure message="mockConnectionFactory: unexpected invocation&#10;Invoked: mockConnectionFactory.createConnection(&quot;sid12&quot;, &quot;skind12&quot;, &quot;rid12&quot;, &quot;rkind12&quot;, &quot;cinfo12&quot;, &quot;crinfo12&quot;, &lt;com.collabnet.ccf.core.eis.connection.ConnectionManager@51ea8013&gt;)&#10;Allowed:&#10;expected at least once: createConnection( a string containing &quot;sid&quot;, a string containing &quot;skind&quot;, a string containing &quot;rid&quot;, a string containing &quot;rkind&quot;, a string containing &quot;cinfo&quot;, a string containing &quot;crinfo&quot; ), Returns a new string&#10;expected at least once: isAlive, Returns a new string&#10;expected at least once: closeConnection, Returns a new string&#10;" type="org.jmock.core.DynamicMockError"><![CDATA[org.jmock.core.DynamicMockError: 
mockConnectionFactory: unexpected invocation
Invoked: mockConnectionFactory.createConnection("sid12", "skind12", "rid12", "rkind12", "cinfo12", "crinfo12", <com.collabnet.ccf.core.eis.connection.ConnectionManager@51ea8013>)
Allowed:
expected at least once: createConnection( a string containing "sid", a string containing "skind", a string containing "rid", a string containing "rkind", a string containing "cinfo", a string containing "crinfo" ), Returns a new string
expected at least once: isAlive, Returns a new string
expected at least once: closeConnection, Returns a new string

	at org.jmock.core.AbstractDynamicMock.mockInvocation(AbstractDynamicMock.java:96)
	at org.jmock.core.CoreMock.invoke(CoreMock.java:39)
	at com.sun.proxy.$Proxy0.createConnection(Unknown Source)
	at com.collabnet.ccf.core.eis.connection.ConnectionPool.createConnection(ConnectionPool.java:423)
	at com.collabnet.ccf.core.eis.connection.ConnectionPool.getConnection(ConnectionPool.java:203)
	at com.collabnet.ccf.core.eis.connection.ConnectionManager.getConnectionToUpdateOrExtractArtifact(ConnectionManager.java:188)
	at com.collabnet.ccf.core.eis.connection.MutliThreadedConnectionManagerTest$2.runTestCase(MutliThreadedConnectionManagerTest.java:154)
	at com.collabnet.ccf.core.eis.connection.MutliThreadedConnectionManagerTest$TestCaseRunnable.run(MutliThreadedConnectionManagerTest.java:41)
	at java.lang.Thread.run(Thread.java:750)
]]></failure>
    <system-err><![CDATA[java.lang.InterruptedException: sleep interrupted
	at java.lang.Thread.sleep(Native Method)
	at com.collabnet.ccf.core.eis.connection.MutliThreadedConnectionManagerTest$2.runTestCase(MutliThreadedConnectionManagerTest.java:149)
	at com.collabnet.ccf.core.eis.connection.MutliThreadedConnectionManagerTest$TestCaseRunnable.run(MutliThreadedConnectionManagerTest.java:41)
	at java.lang.Thread.run(Thread.java:750)
]]></system-err>
  </testcase>
  <testcase name="testMultipleGetConnectionWithMultiThreads" classname="com.collabnet.ccf.core.eis.connection.MutliThreadedConnectionManagerTest" time="0.146">
    <failure message="mockConnectionFactory: unexpected invocation&#10;Invoked: mockConnectionFactory.createConnection(&quot;sid12&quot;, &quot;skind12&quot;, &quot;rid12&quot;, &quot;rkind12&quot;, &quot;cinfo12&quot;, &quot;crinfo12&quot;, &lt;com.collabnet.ccf.core.eis.connection.ConnectionManager@51ea8013&gt;)&#10;Allowed:&#10;expected at least once: createConnection( a string containing &quot;sid&quot;, a string containing &quot;skind&quot;, a string containing &quot;rid&quot;, a string containing &quot;rkind&quot;, a string containing &quot;cinfo&quot;, a string containing &quot;crinfo&quot; ), Returns a new string&#10;expected at least once: isAlive, Returns a new string&#10;expected at least once: closeConnection, Returns a new string&#10;" type="org.jmock.core.DynamicMockError"><![CDATA[org.jmock.core.DynamicMockError: 
mockConnectionFactory: unexpected invocation
Invoked: mockConnectionFactory.createConnection("sid12", "skind12", "rid12", "rkind12", "cinfo12", "crinfo12", <com.collabnet.ccf.core.eis.connection.ConnectionManager@51ea8013>)
Allowed:
expected at least once: createConnection( a string containing "sid", a string containing "skind", a string containing "rid", a string containing "rkind", a string containing "cinfo", a string containing "crinfo" ), Returns a new string
expected at least once: isAlive, Returns a new string
expected at least once: closeConnection, Returns a new string

	at org.jmock.core.AbstractDynamicMock.mockInvocation(AbstractDynamicMock.java:96)
	at org.jmock.core.CoreMock.invoke(CoreMock.java:39)
	at com.sun.proxy.$Proxy0.createConnection(Unknown Source)
	at com.collabnet.ccf.core.eis.connection.ConnectionPool.createConnection(ConnectionPool.java:423)
	at com.collabnet.ccf.core.eis.connection.ConnectionPool.getConnection(ConnectionPool.java:203)
	at com.collabnet.ccf.core.eis.connection.ConnectionManager.getConnectionToUpdateOrExtractArtifact(ConnectionManager.java:188)
	at com.collabnet.ccf.core.eis.connection.MutliThreadedConnectionManagerTest$2.runTestCase(MutliThreadedConnectionManagerTest.java:154)
	at com.collabnet.ccf.core.eis.connection.MutliThreadedConnectionManagerTest$TestCaseRunnable.run(MutliThreadedConnectionManagerTest.java:41)
	at java.lang.Thread.run(Thread.java:750)
]]></failure>
    <system-err><![CDATA[java.lang.InterruptedException: sleep interrupted
	at java.lang.Thread.sleep(Native Method)
	at com.collabnet.ccf.core.eis.connection.MutliThreadedConnectionManagerTest$2.runTestCase(MutliThreadedConnectionManagerTest.java:149)
	at com.collabnet.ccf.core.eis.connection.MutliThreadedConnectionManagerTest$TestCaseRunnable.run(MutliThreadedConnectionManagerTest.java:41)
	at java.lang.Thread.run(Thread.java:750)
]]></system-err>
  </testcase>
  <testcase name="testMultipleGetConnectionWithMultiThreads" classname="com.collabnet.ccf.core.eis.connection.MutliThreadedConnectionManagerTest" time="0.149"/>
</testsuite>