<?xml version="1.0" encoding="UTF-8"?>
<testsuite xmlns:xsi="http://www.w3.org/2001/XMLSchema-instance" xsi:noNamespaceSchemaLocation="https://maven.apache.org/surefire/maven-surefire-plugin/xsd/surefire-test-report.xsd" version="3.0.2" name="com.collabnet.ccf.core.utils.GATransformerUtilTest" time="0.109" tests="1" errors="0" skipped="0" failures="1" flakes="0">
  <properties>
[...]
</properties>
  <testcase name="testStripHTML" classname="com.collabnet.ccf.core.utils.GATransformerUtilTest" time="0.101">
    <failure message="null expected:&lt;[/*  */&#10; &#10; &#10; &#10; &#10;&#10;&#10; &#10; &#10;  &#10;             &#10; &#10;  &#10; &#10;    /*  */&#10; &#10;   &#10; &#10;                  &#10; &#10;  &#10; &#10; &#10;               &#10; &#10; &#10; &#10; &#10;                                                    &#10;         &#10;    &#10; &#10; &#10; &#10; &#10;&#10;&#10;&#10; &#10;&#10;&#10;&#10;&#10;	&#10;&#10;	&#10;/* &#10;		 &#10;&#10;&#10; &#10;&#10;&#10;	{padding-top:1px;&#10;	padding-right:1px;&#10;	padding-left:1px;&#10;	border:none;&#10;	mso-rotate:0;}&#10;.x1Border&#10;	{mso-style-parent:style0;&#10;	border:1pt solid navy;}&#10;--&gt;&#10;&#10; &#10;&#10; &#10; &#10;&#10; &#10; &#10;  &#10; &#10; &#10; &#10; &#10;&#10; &#10;CollabNet&#10; &#10; &#10; OpenCollabnet&#10;	&#10;&#10; &#10; &#10; &#10; &#10; &#10;&#10;&#10;&#10;&#10;   &#10;	 &#10;	      &#10;             Login&#10;           |    Register      &#10;   	&#10;	&#10;  &#10;&#10;&#10;&#10;&#10;&#10;&#10;&#10;&#10;&#10;     Home &#10;&#10;CollabNet Products&#10;&#10;ALM&#10;&#10;Integration &#10;&#10;Collaborative Development&#10;&#10;Partners&#10;&#10;Downloads&#10;&#10;&#10; &#10;&#10;&#10;Site Map&#10;&#10;&#10;&#10;&#10;&#10;&#10;&#10;&#10; &#10; &#10;&#10;&#10;&#10; &#10; &#10; &#10;&#10;&#10;&#10;    &#10; &#10; Community Support &#10;    &#10;      &#10;         Subversion&#10;         Subversion migration&#10;        Administration&#10;         CollabNet APIs&#10;         Connectors&#10;         Discussion services&#10;        Eclipse integration&#10;         On Site installation&#10;         Project tracker&#10;         Reporting&#10;	  &#10;	&#10;	&#10;Conversations &#10;&#10;&#10;  Discussion forums&#10;  Subversion blog&#10;  Newsletter archive&#10;&#10;&#10;&#10;Projects &#10;&#10;&#10;  AnkhSVN&#10;  Subversion 1.5 Beta&#10;  Subversion binaries&#10;&#10;&#10;&#10;    &#10;	&#10;	&#10;	&#10;&#10;&#10;&#10;&#10;&#10;&#10; &#10;  &#10;      Search&#10;  &#10;   &#10;      &#10;   &#10;     &#10;     &#10;    &#10;   &#10;   &#10;       Advanced search   &#10;  &#10;&#10; &#10;&#10;&#10;&#10;&#10;&#10; &#10; &#10;&amp;nbsp;&#10;&#10;&#10; &#10;&#10;&#10;&#10;&#10; &#10; &#10; &#10;&#10;&#10;&#10;&#10;        &#10;                 &#10;                 &#10;           &#10;    &#10;  &#10;&#10;&#10; &#10; &#10;&#10;&#10;&#10;&#10;&#10;&#10;&#10;&#10;&#10;			&#10;    &#10;      &#10;        &#10;        	&#10;            &#10;            &#10;            &#10;            &#10;            &#10;            &#10;            &#10;            &#10;              &#10;                &#10;&#10;		Welcome to openCollabNet, the online community extension to CollabNet products and Subversion. Here you can download free products, interact in our discussion forums, learn about CollabNet partners, and much more.&#10;		&#10;		&#10;				&#10;	openCollabNet Spotlight&#10;&#10;&#10;					&#10;           &#10;             &#10;               Subversion 1.5 Beta1 Released&#10;             &#10;           &#10;           &#10;             &#10;                The Subversion project has issued the beta1release on the path to Subversion 1.5. CollabNet  created binaries for Linux, Windows  and Solaris and we updated the CollabNet Merge Client (compatible binaries of Subclipse and TortoiseSVN are available as well). Read Mark Phippard&apos;s blog post about beta1   and start testing SVN 1.5, the more people test and provide feedback, the better  SVN 1.5 will be.&#10;               &#10;           &#10;              	&#10;				&#10;		&#10;		   &#10;		   &#10;		&#10;		&#10;					&#10;		&#10;	What&apos;s new on openCollabNet&#10;	&#10;	  &#10;	  March openCollabNet Technical Newsletter posted &#10;		  View the webinar replay of &quot;What&apos;s new in Subversion 1.5&quot;.&#10;		  Get the SourceForge Enterprise Edition 4.4 download, free for up to 15 users.&#10;		  Test Subversion 1.5, join the Subversion Merge Tracking Early Adopter Program.&#10;		  &#10;    		  &#10;		&#10;		&#10;		&#10;		&#10;		&#10;					&#10;		&#10;	Selected Blog Posts&#10;	&#10;	  Subversion 1.5 Beta1 Released&#10;		  Branching Strategy Questioned&#10;		  Subversion command line changes from 1.4 to 1.5 &#10;		  What about branching and merging?&#10;		  Subversion 1.5 WebDAV Write-Thru Proxies&#10;		  Subversion 1.5 Merge Tracking and svnmerge.py&#10;		  Change Set Based Merges in Subversion&#10;		  Subversion merge made easy &#10;		  Subversion Merge Tracking &amp;ndash; The Basics&#10;		  A list of all our blog posts&#10;		  &#10;    		  &#10;		&#10;		&#10;		&#10;			&#10;					&#10;	Webcasts and replays &#10;	&#10;	  &#10;	    Using Subversion, What&apos;s New in Subclipse. April 1&#10;		  CollabNet Live! CUBiT - April 15 &#10;		  All CollabNet online demos and industry webinars&#10;	  &#10;		&#10;		  &#10;		&#10;		&#10;&#10;    &#10;      &#10;        &#10;          &#10;&#10;            &#10;More Blogs  ~~&gt;&#10;							&#10; --&gt;&#10;          &#10;        &#10;                &#10;              &#10;&#10;            &#10;            &#10;            &#10;            &#10;            &#10;        &#10;        &#10;        &#10;            &#10;            &#10;            &#10;&#10;	&#10;	&#10;     &#10;&#10;&#10;	&#10;	&#10;&#10;	    &#10;               &#10;	              &#10;            &#10;        &#10;	    &#10;		&#10;			&#10;	&#10;		 &#10;	        &#10;	    &#10;	&#10;	&#10;     showImage(); &#10;&#10;&#10;&#10;    &#10;      &#10;    &#10;   &#10;&#10;&#10;&#10;&#10; &#10; &#10; &#10; &#10; &#10;&#10;&#10; &#10; &#10; &#10;  Powered by CollabNet&#10;  Site Support |&#10;  Site FAQ |&#10;  Feedback |&#10;  Terms of service | &#10;  Privacy policy&#10;  &#10;  &amp;#169;] 2008 CollabNet. Col...&gt; but was:&lt;[CollabNet &lt;http://www.collab.net&gt;&#10;OpenCollabnet &lt;http://open.collab.net&gt;&#10;Login&#10;&lt;http://www.open.collab.net/servlets/Login?detour=http://www.open.collab.net/&gt; &#10;| Register&#10;&lt;http://www.open.collab.net/servlets/Join;jsessionid=FD1EE70B2048AF96B674983C92A6D788&gt;&#10;    * Home&#10;      &lt;http://www.open.collab.net/servlets/DomainHome;jsessionid=FD1EE70B2048AF96B674983C92A6D788&gt;&#10;    * CollabNet Products &lt;http://collabnet-products.open.collab.net/&gt;&#10;    * ALM &lt;http://alm.open.collab.net/&gt;&#10;    * Integration &lt;http://integration.open.collab.net/&gt;&#10;    * Collaborative Development&#10;      &lt;http://collaborative-development.open.collab.net/&gt;&#10;    * Partners &lt;http://partners.open.collab.net/&gt;&#10;    * Downloads &lt;http://downloads.open.collab.net/&gt;&#10;    * Site Map &lt;http://www.open.collab.net/sitemap.html&gt;&#10;Community Support&#10;        * Subversion &lt;http://subversion.open.collab.net&gt;&#10;        * Subversion migration&#10;          &lt;http://subversion-migration.open.collab.net&gt;&#10;        * Administration &lt;http://enterprise-development.open.collab.net&gt;&#10;        * CollabNet APIs &lt;http://api.open.collab.net&gt;&#10;        * Connectors &lt;http://connectors.open.collab.net&gt;&#10;        * Discussion services &lt;http://discussion-services.open.collab.net&gt;&#10;        * Eclipse integration &lt;http://eclipse.open.collab.net/&gt;&#10;        * On Site installation &lt;http://onsite.open.collab.net&gt;&#10;        * Project tracker &lt;http://project-tracker.open.collab.net&gt;&#10;        * Reporting &lt;http://reporting.open.collab.net&gt;&#10;Conversations&#10;        * Discussion forums &lt;http://www.open.collab.net/forums.html&gt;&#10;        * Subversion blog &lt;http://blogs.open.collab.net/svn&gt;&#10;        * Newsletter archive&#10;          &lt;http://www.open.collab.net/newsletter/newsletter.html&gt;&#10;Projects&#10;        * AnkhSVN &lt;http://ankhsvn.open.collab.net/&gt;&#10;        * Subversion 1.5 Beta &lt;http://merge-tracking.open.collab.net/&gt;&#10;        * Subversion binaries &lt;http://svnbinaries.open.collab.net&gt;&#10;&lt;http://sfee.open.collab.net&gt;&#10;&#10;Search&#10;    Advanced search&#10;    &lt;http://www.open.collab.net/servlets/Search;jsessionid=FD1EE70B2048AF96B674983C92A6D788?mode=advanced&gt;&#10;&#10; &#10;Welcome to openCollabNet, the online community extension to CollabNet &#10;products and Subversion. Here you can download free products, interact in &#10;our discussion forums, learn about CollabNet partners, and much more.&#10;&#10;&#10;&#10;openCollabNet Spotlight&#10;&#10;&#10;Subversion 1.5 Beta1 Released&#10;&#10;The Subversion project has issued the beta1release on the path to &#10;Subversion 1.5. CollabNet created binaries for Linux, Windows and Solaris &#10;and we updated the CollabNet Merge Client (compatible binaries of Subclipse &#10;and TortoiseSVN are available as well). Read Mark Phippard&apos;s blog post &#10;about beta1 &lt;http://blogs.open.collab.net/svn/&gt; and start testing SVN 1.5, &#10;the more people test and provide feedback, the better SVN 1.5 will be.&#10;&#10;&#10;What&apos;s new on openCollabNet&#10;&#10;    * March openCollabNet Technical Newsletter &lt;newsletter/2008-03.html&gt; &#10;      posted&#10;    * View the webinar replay of &quot;What&apos;s new in Subversion 1.5&quot;&#10;      &lt;http://w.on24.com/r.htm?e=98314&amp;s=1&amp;k=24AF75252E08CCCD9DCFFF3D1B5F000D&amp;partnerref=clb1&gt; &#10;      .&#10;    * Get the SourceForge Enterprise Edition 4.4 download&#10;      &lt;http://downloads.open.collab.net/sfee15.html&gt; , free for up to 15&#10;      users.&#10;    * Test Subversion 1.5, join the Subversion Merge Tracking Early Adopter&#10;      Program &lt;http://merge-tracking.open.collab.net/&gt; .&#10;&#10;&#10;Selected Blog Posts&#10;&#10;    * Subversion 1.5 Beta1 Released&#10;      &lt;http://blogs.open.collab.net/svn/2008/03/subversion-15-b.html&gt;&#10;    * Branching Strategy Questioned&#10;      &lt;http://blogs.open.collab.net/svn/2007/11/branching-strat.html&gt;&#10;    * Subversion command line changes from 1.4 to 1.5&#10;      &lt;http://blogs.open.collab.net/svn/2007/11/changes-made-fr.html&gt;&#10;    * What about branching and merging?&#10;      &lt;http://blogs.open.collab.net/svn/2007/11/what-about-bran.html&gt;&#10;    * Subversion 1.5 WebDAV Write-Thru Proxies&#10;      &lt;http://blogs.open.collab.net/svn/2007/10/yesterday-at-th.html&gt;&#10;    * Subversion 1.5 Merge Tracking and svnmerge.py&#10;      &lt;http://blogs.open.collab.net/svn/2007/10/subversion-15-m.html&gt;&#10;    * Change Set Based Merges in Subversion&#10;      &lt;http://blogs.open.collab.net/svn/2007/09/change-set-base.html&gt;&#10;    * Subversion merge made easy&#10;      &lt;http://blogs.open.collab.net/svn/2007/09/subversion-merg.html&gt;&#10;    * Subversion Merge Tracking – The Basics&#10;      &lt;http://blogs.open.collab.net/svn/2007/09/what-subversion.html&gt;&#10;    * A list of all our blog posts&#10;      &lt;http://blogs.open.collab.net/svn/archive-titles.html&gt;&#10;&#10;&#10;Webcasts and replays&#10;&#10;    * Using Subversion, What&apos;s New in Subclipse.&#10;      &lt;https://collabnet.webex.com/mw0305l/mywebex/default.do?nomenu=true&amp;siteurl=collabnet&amp;service=6&amp;main_url=https%3A%2F%2Fcollabnet.webex.com%2Fec0600l%2Feventcenter%2Fevent%2FeventAction.do%3FtheAction%3Ddetail%26confViewID%3D462726988%26siteurl%3Dcollabnet%26%26%26&gt; &#10;      April 1&#10;    * CollabNet Live! CUBiT&#10;      &lt;https://collabnet.webex.com/mw0305l/mywebex/default.do?nomenu=true&amp;siteurl=collabnet&amp;service=6&amp;main_url=https%3A%2F%2Fcollabnet.webex.com%2Fec0600l%2Feventcenter%2Fevent%2FeventAction.do%3FtheAction%3Ddetail%26confViewID%3D463286635%26siteurl%3Dcollabnet%26%26%26&gt; &#10;      - April 15&#10;    * All CollabNet online demos &lt;http://www.collab.net/news/livedemo/&gt; &#10;      and industry webinars &lt;http://www.collab.net/news/webinars/&gt;&#10;&lt;http://sitesupport.open.collab.net&gt;&#10;&lt;http://www.open.collab.net/servlets/Join&gt;&#10;&lt;http://www.collab.net/support/svn_support.html&gt;&#10;&#10;Powered by CollabNet &lt;http://www.collab.net/index.html&gt; Site Support&#10;&lt;http://sitesupport.open.collab.net/&gt; | Site FAQ&#10;&lt;http://www.open.collab.net/nonav/DomainFAQ&gt; | Feedback&#10;&lt;http://www.open.collab.net/nonav/DomainFeedback&gt; | Terms of service&#10;&lt;http://www.open.collab.net/nonav/servlets/LegalNotices?type=TermsOfService&gt; &#10;| Privacy policy&#10;&lt;http://www.open.collab.net/nonav/servlets/LegalNotices?type=PrivacyPolicy&gt;&#10;&#10;©] 2008 CollabNet. Col...&gt;" type="junit.framework.ComparisonFailure"><![CDATA[junit.framework.ComparisonFailure: 
null expected:<[/*  */
 
 
 
 


 
 
  
             
 
  
 
    /*  */
 
   
 
                  
 
  
 
 
               
 
 
 
 
                                                    
         
    
 
 
 
 



 




	

	
/* 
		 


 


	{padding-top:1px;
	padding-right:1px;
	padding-left:1px;
	border:none;
	mso-rotate:0;}
.x1Border
	{mso-style-parent:style0;
	border:1pt solid navy;}
-->

 

 
 

 
 
  
 
 
 
 

 
CollabNet
 
 
 OpenCollabnet
	

 
 
 
 
 




   
	 
	      
             Login
           |    Register      
   	
	
  









     Home 

CollabNet Products

ALM

Integration 

Collaborative Development

Partners

Downloads


 


Site Map








 
 



 
 
 



    
 
 Community Support 
    
      
         Subversion
         Subversion migration
        Administration
         CollabNet APIs
         Connectors
         Discussion services
        Eclipse integration
         On Site installation
         Project tracker
         Reporting
	  
	
	
Conversations 


  Discussion forums
  Subversion blog
  Newsletter archive



Projects 


  AnkhSVN
  Subversion 1.5 Beta
  Subversion binaries



    
	
	
	






 
  
      Search
  
   
      
   
     
     
    
   
   
       Advanced search   
  

 





 
 
&nbsp;


 




 
 
 




        
                 
                 
           
    
  


 
 









			
    
      
        
        	
            
            
            
            
            
            
            
            
              
                

		Welcome to openCollabNet, the online community extension to CollabNet products and Subversion. Here you can download free products, interact in our discussion forums, learn about CollabNet partners, and much more.
		
		
				
	openCollabNet Spotlight


					
           
             
               Subversion 1.5 Beta1 Released
             
           
           
             
                The Subversion project has issued the beta1release on the path to Subversion 1.5. CollabNet  created binaries for Linux, Windows  and Solaris and we updated the CollabNet Merge Client (compatible binaries of Subclipse and TortoiseSVN are available as well). Read Mark Phippard's blog post about beta1   and start testing SVN 1.5, the more people test and provide feedback, the better  SVN 1.5 will be.
               
           
              	
				
		
		   
		   
		
		
					
		
	What's new on openCollabNet
	
	  
	  March openCollabNet Technical Newsletter posted 
		  View the webinar replay of "What's new in Subversion 1.5".
		  Get the SourceForge Enterprise Edition 4.4 download, free for up to 15 users.
		  Test Subversion 1.5, join the Subversion Merge Tracking Early Adopter Program.
		  
    		  
		
		
		
		
		
					
		
	Selected Blog Posts
	
	  Subversion 1.5 Beta1 Released
		  Branching Strategy Questioned
		  Subversion command line changes from 1.4 to 1.5 
		  What about branching and merging?
		  Subversion 1.5 WebDAV Write-Thru Proxies
		  Subversion 1.5 Merge Tracking and svnmerge.py
		  Change Set Based Merges in Subversion
		  Subversion merge made easy 
		  Subversion Merge Tracking &ndash; The Basics
		  A list of all our blog posts
		  
    		  
		
		
		
			
					
	Webcasts and replays 
	
	  
	    Using Subversion, What's New in Subclipse. April 1
		  CollabNet Live! CUBiT - April 15 
		  All CollabNet online demos and industry webinars
	  
		
		  
		
		

    
      
        
          

            
More Blogs  ~~>
							
 -->
          
        
                
              

            
            
            
            
            
        
        
        
            
            
            

	
	
     


	
	

	    
               
	              
            
        
	    
		
			
	
		 
	        
	    
	
	
     showImage(); 



    
      
    
   




 
 
 
 
 


 
 
 
  Powered by CollabNet
  Site Support |
  Site FAQ |
  Feedback |
  Terms of service | 
  Privacy policy
  
  &#169;] 2008 CollabNet. Col...> but was:<[CollabNet <http://www.collab.net>
OpenCollabnet <http://open.collab.net>
Login
<http://www.open.collab.net/servlets/Login?detour=http://www.open.collab.net/> 
| Register
<http://www.open.collab.net/servlets/Join;jsessionid=FD1EE70B2048AF96B674983C92A6D788>
    * Home
      <http://www.open.collab.net/servlets/DomainHome;jsessionid=FD1EE70B2048AF96B674983C92A6D788>
    * CollabNet Products <http://collabnet-products.open.collab.net/>
    * ALM <http://alm.open.collab.net/>
    * Integration <http://integration.open.collab.net/>
    * Collaborative Development
      <http://collaborative-development.open.collab.net/>
    * Partners <http://partners.open.collab.net/>
    * Downloads <http://downloads.open.collab.net/>
    * Site Map <http://www.open.collab.net/sitemap.html>
Community Support
        * Subversion <http://subversion.open.collab.net>
        * Subversion migration
          <http://subversion-migration.open.collab.net>
        * Administration <http://enterprise-development.open.collab.net>
        * CollabNet APIs <http://api.open.collab.net>
        * Connectors <http://connectors.open.collab.net>
        * Discussion services <http://discussion-services.open.collab.net>
        * Eclipse integration <http://eclipse.open.collab.net/>
        * On Site installation <http://onsite.open.collab.net>
        * Project tracker <http://project-tracker.open.collab.net>
        * Reporting <http://reporting.open.collab.net>
Conversations
        * Discussion forums <http://www.open.collab.net/forums.html>
        * Subversion blog <http://blogs.open.collab.net/svn>
        * Newsletter archive
          <http://www.open.collab.net/newsletter/newsletter.html>
Projects
        * AnkhSVN <http://ankhsvn.open.collab.net/>
        * Subversion 1.5 Beta <http://merge-tracking.open.collab.net/>
        * Subversion binaries <http://svnbinaries.open.collab.net>
<http://sfee.open.collab.net>

Search
    Advanced search
    <http://www.open.collab.net/servlets/Search;jsessionid=FD1EE70B2048AF96B674983C92A6D788?mode=advanced>

 
Welcome to openCollabNet, the online community extension to CollabNet 
products and Subversion. Here you can download free products, interact in 
our discussion forums, learn about CollabNet partners, and much more.



openCollabNet Spotlight


Subversion 1.5 Beta1 Released

The Subversion project has issued the beta1release on the path to 
Subversion 1.5. CollabNet created binaries for Linux, Windows and Solaris 
and we updated the CollabNet Merge Client (compatible binaries of Subclipse 
and TortoiseSVN are available as well). Read Mark Phippard's blog post 
about beta1 <http://blogs.open.collab.net/svn/> and start testing SVN 1.5, 
the more people test and provide feedback, the better SVN 1.5 will be.


What's new on openCollabNet

    * March openCollabNet Technical Newsletter <newsletter/2008-03.html> 
      posted
    * View the webinar replay of "What's new in Subversion 1.5"
      <http://w.on24.com/r.htm?e=98314&s=1&k=24AF75252E08CCCD9DCFFF3D1B5F000D&partnerref=clb1> 
      .
    * Get the SourceForge Enterprise Edition 4.4 download
      <http://downloads.open.collab.net/sfee15.html> , free for up to 15
      users.
    * Test Subversion 1.5, join the Subversion Merge Tracking Early Adopter
      Program <http://merge-tracking.open.collab.net/> .


Selected Blog Posts

    * Subversion 1.5 Beta1 Released
      <http://blogs.open.collab.net/svn/2008/03/subversion-15-b.html>
    * Branching Strategy Questioned
      <http://blogs.open.collab.net/svn/2007/11/branching-strat.html>
    * Subversion command line changes from 1.4 to 1.5
      <http://blogs.open.collab.net/svn/2007/11/changes-made-fr.html>
    * What about branching and merging?
      <http://blogs.open.collab.net/svn/2007/11/what-about-bran.html>
    * Subversion 1.5 WebDAV Write-Thru Proxies
      <http://blogs.open.collab.net/svn/2007/10/yesterday-at-th.html>
    * Subversion 1.5 Merge Tracking and svnmerge.py
      <http://blogs.open.collab.net/svn/2007/10/subversion-15-m.html>
    * Change Set Based Merges in Subversion
      <http://blogs.open.collab.net/svn/2007/09/change-set-base.html>
    * Subversion merge made easy
      <http://blogs.open.collab.net/svn/2007/09/subversion-merg.html>
    * Subversion Merge Tracking – The Basics
      <http://blogs.open.collab.net/svn/2007/09/what-subversion.html>
    * A list of all our blog posts
      <http://blogs.open.collab.net/svn/archive-titles.html>


Webcasts and replays

    * Using Subversion, What's New in Subclipse.
      <https://collabnet.webex.com/mw0305l/mywebex/default.do?nomenu=true&siteurl=collabnet&service=6&main_url=https%3A%2F%2Fcollabnet.webex.com%2Fec0600l%2Feventcenter%2Fevent%2FeventAction.do%3FtheAction%3Ddetail%26confViewID%3D462726988%26siteurl%3Dcollabnet%26%26%26> 
      April 1
    * CollabNet Live! CUBiT
      <https://collabnet.webex.com/mw0305l/mywebex/default.do?nomenu=true&siteurl=collabnet&service=6&main_url=https%3A%2F%2Fcollabnet.webex.com%2Fec0600l%2Feventcenter%2Fevent%2FeventAction.do%3FtheAction%3Ddetail%26confViewID%3D463286635%26siteurl%3Dcollabnet%26%26%26> 
      - April 15
    * All CollabNet online demos <http://www.collab.net/news/livedemo/> 
      and industry webinars <http://www.collab.net/news/webinars/>
<http://sitesupport.open.collab.net>
<http://www.open.collab.net/servlets/Join>
<http://www.collab.net/support/svn_support.html>

Powered by CollabNet <http://www.collab.net/index.html> Site Support
<http://sitesupport.open.collab.net/> | Site FAQ
<http://www.open.collab.net/nonav/DomainFAQ> | Feedback
<http://www.open.collab.net/nonav/DomainFeedback> | Terms of service
<http://www.open.collab.net/nonav/servlets/LegalNotices?type=TermsOfService> 
| Privacy policy
<http://www.open.collab.net/nonav/servlets/LegalNotices?type=PrivacyPolicy>

©] 2008 CollabNet. Col...>
	at junit.framework.Assert.assertEquals(Assert.java:81)
	at junit.framework.Assert.assertEquals(Assert.java:87)
	at com.collabnet.ccf.core.utils.GATransformerUtilTest.testStripHTML(GATransformerUtilTest.java:44)
	at sun.reflect.NativeMethodAccessorImpl.invoke0(Native Method)
	at sun.reflect.NativeMethodAccessorImpl.invoke(NativeMethodAccessorImpl.java:62)
	at sun.reflect.DelegatingMethodAccessorImpl.invoke(DelegatingMethodAccessorImpl.java:43)
	at java.lang.reflect.Method.invoke(Method.java:498)
	at junit.framework.TestCase.runTest(TestCase.java:168)
	at junit.framework.TestCase.runBare(TestCase.java:134)
	at junit.framework.TestResult$1.protect(TestResult.java:110)
	at junit.framework.TestResult.runProtected(TestResult.java:128)
	at junit.framework.TestResult.run(TestResult.java:113)
	at junit.framework.TestCase.run(TestCase.java:124)
	at junit.framework.TestSuite.runTest(TestSuite.java:243)
	at junit.framework.TestSuite.run(TestSuite.java:238)
	at org.junit.internal.runners.JUnit38ClassRunner.run(JUnit38ClassRunner.java:83)
	at org.apache.maven.surefire.junit4.JUnit4Provider.execute(JUnit4Provider.java:316)
	at org.apache.maven.surefire.junit4.JUnit4Provider.executeWithRerun(JUnit4Provider.java:240)
	at org.apache.maven.surefire.junit4.JUnit4Provider.executeTestSet(JUnit4Provider.java:214)
	at org.apache.maven.surefire.junit4.JUnit4Provider.invoke(JUnit4Provider.java:155)
	at org.apache.maven.surefire.booter.ForkedBooter.runSuitesInProcess(ForkedBooter.java:385)
	at org.apache.maven.surefire.booter.ForkedBooter.execute(ForkedBooter.java:162)
	at org.apache.maven.surefire.booter.ForkedBooter.run(ForkedBooter.java:507)
	at org.apache.maven.surefire.booter.ForkedBooter.main(ForkedBooter.java:495)
]]></failure>
  </testcase>
</testsuite>